  Using 'git status' to determine working set for adaptive non-unity build (C:\Users\LovbergWin\Projects\TreeBranch\ArcaneNomads).
  Parsing headers for ArcaneNomadsEditor
    Running UnrealHeaderTool "C:\Users\LovbergWin\Projects\TreeBranch\ArcaneNomads\ArcaneNomads\ArcaneNomads.uproject" "C:\Users\LovbergWin\Projects\TreeBranch\ArcaneNomads\ArcaneNomads\Intermediate\Build\Win64\ArcaneNomadsEditor\Development\ArcaneNomadsEditor.uhtmanifest" -LogCmds="loginit warning, logexit warning, logdatabase error" -Unattended -WarningsAsErrors -installed
  Reflection code generated for ArcaneNomadsEditor in 5,9012934 seconds
  Using Visual Studio 2019 14.21.27702 toolchain (C:\Program Files (x86)\Microsoft Visual Studio\2019\Community\VC\Tools\MSVC\14.21.27702) and Windows 10.0.17763.0 SDK (C:\Program Files (x86)\Windows Kits\10).
  Building 10 actions with 16 processes...
    [1/10] ArcaneNomads.init.gen.cpp
    [2/10] StoreableComponent.cpp
    [3/10] InventoryComponent.cpp
    [4/10] InventoryComponent.gen.cpp
    [5/10] StoreableComponent.gen.cpp
    [6/10] PlayerCharacter.gen.cpp
    [7/10] PlayerCharacter.cpp
    [8/10] UE4Editor-ArcaneNomads-0006.lib
       Creating library C:\Users\LovbergWin\Projects\TreeBranch\ArcaneNomads\ArcaneNomads\Intermediate\Build\Win64\UE4Editor\Development\ArcaneNomads\UE4Editor-ArcaneNomads-0006.lib and object C:\Users\LovbergWin\Projects\TreeBranch\ArcaneNomads\ArcaneNomads\Intermediate\Build\Win64\UE4Editor\Development\ArcaneNomads\UE4Editor-ArcaneNomads-0006.exp
    [9/10] UE4Editor-ArcaneNomads-0006.dll
       Creating library C:\Users\LovbergWin\Projects\TreeBranch\ArcaneNomads\ArcaneNomads\Intermediate\Build\Win64\UE4Editor\Development\ArcaneNomads\UE4Editor-ArcaneNomads-0006.suppressed.lib and object C:\Users\LovbergWin\Projects\TreeBranch\ArcaneNomads\ArcaneNomads\Intermediate\Build\Win64\UE4Editor\Development\ArcaneNomads\UE4Editor-ArcaneNomads-0006.suppressed.exp
InventoryComponent.cpp.obj : error LNK2019: unresolved external symbol "public: void __cdecl UInventoryComponent::ApplyHealing(int,class AActor *)" (?ApplyHealing@UInventoryComponent@@QEAAXHPEAVAActor@@@Z) referenced in function "public: static void __cdecl UInventoryComponent::execApplyHealing(class UObject *,struct FFrame &,void * const)" (?execApplyHealing@UInventoryComponent@@SAXPEAVUObject@@AEAUFFrame@@QEAX@Z)
InventoryComponent.gen.cpp.obj : error LNK2001: unresolved external symbol "public: void __cdecl UInventoryComponent::ApplyHealing(int,class AActor *)" (?ApplyHealing@UInventoryComponent@@QEAAXHPEAVAActor@@@Z)
C:\Users\LovbergWin\Projects\TreeBranch\ArcaneNomads\ArcaneNomads\Binaries\Win64\UE4Editor-ArcaneNomads-0006.dll : fatal error LNK1120: 1 unresolved externals
C:\Program Files (x86)\Microsoft Visual Studio\2019\Community\MSBuild\Microsoft\VC\v160\Microsoft.MakeFile.Targets(44,5): error MSB3075: The command ""C:\Program Files\UnrealEngine\UE_4.22\Engine\Build\BatchFiles\Build.bat" ArcaneNomadsEditor Win64 Development -Project="C:\Users\LovbergWin\Projects\TreeBranch\ArcaneNomads\ArcaneNomads\ArcaneNomads.uproject" -WaitMutex -FromMsBuild" exited with code 5. Please verify that you have sufficient rights to run this command.
