
=== Fri Jan 18 10:46:52 2019

Packages were changed.
Update Mode: updateDependencies

The following packages were added:
  com.unity.collab-proxy@1.2.15
The following packages were updated:
  com.unity.ads from version 2.0.8 to 2.3.1
  com.unity.analytics from version 2.0.16 to 3.2.2
  com.unity.package-manager-ui from version 1.9.11 to 2.0.3
  com.unity.textmeshpro from version 1.2.4 to 1.3.0

=== Sat Mar  2 19:19:06 2019

Packages were changed.
Update Mode: updateDependencies

The following packages were added:
  com.unity.timeline@1.0.0
  com.unity.multiplayer-hlapi@0.2.5-preview
  com.unity.xr.legacyinputhelpers@1.0.0
The following packages were updated:
  com.unity.package-manager-ui from version 2.0.3 to 2.1.1

=== Sat Mar  2 19:33:45 2019

Packages were changed.
Update Mode: resetToDefaultDependencies

The following packages were updated:
  com.unity.purchasing from version 2.0.3 to 2.0.1
  com.unity.ads from version 2.3.1 to 2.0.8
The following packages were removed:
  com.unity.assetbundlebrowser@1.5.0
  com.unity.entities@0.0.12-preview.24
  com.unity.incrementalcompiler@0.0.42-preview.1
  com.unity.multiplayer-hlapi@0.2.5-preview
  com.unity.probuilder@3.0.8
  com.unity.xr.legacyinputhelpers@1.0.0

=== Sun Mar  3 11:03:13 2019

Packages were changed.
Update Mode: resetToDefaultDependencies

The following packages were removed:
  com.unity.burst@0.2.4-preview.50
  com.unity.entities@0.0.12-preview.24
  com.unity.jobs@0.0.7-preview.6
  com.unity.rendering.hybrid@0.0.1-preview.4

=== Wed Mar 13 13:22:22 2019

Packages were changed.
Update Mode: updateDependencies

The following packages were updated:
  com.unity.collab-proxy from version 1.2.15 to 1.2.16
  com.unity.package-manager-ui from version 2.1.1 to 2.1.2
  com.unity.purchasing from version 2.0.1 to 2.0.5

=== Tue Apr  2 11:23:14 2019

Packages were changed.
Update Mode: updateDependencies

The following packages were updated:
  com.unity.purchasing from version 2.0.5 to 2.0.6

=== Wed Apr  3 09:46:20 2019

Packages were changed.
Update Mode: resetToDefaultDependencies

The following packages were added:
  com.unity.2d.tilemap@1.0.0
  com.unity.modules.androidjni@1.0.0
  com.unity.2d.sprite@1.0.0
The following packages were updated:
  com.unity.purchasing from version 2.0.6 to 2.0.5
  com.unity.package-manager-ui from version 2.2.0 to 2.1.2
The following packages were removed:
  com.unity.assetbundlebrowser@1.7.0
  com.unity.burst@0.2.4-preview.50
  com.unity.entities@0.0.12-preview.24
  com.unity.mathematics@1.0.0-preview.1
  com.unity.rendering.hybrid@0.0.1-preview.4

=== Fri Apr  5 16:21:18 2019

Packages were changed.
Update Mode: resetToDefaultDependencies

The following packages were updated:
  com.unity.purchasing from version 2.0.5 to 2.0.1
  com.unity.package-manager-ui from version 2.1.2 to 2.1.1
  com.unity.collab-proxy from version 1.2.16 to 1.2.15
The following packages were removed:
  com.unity.2d.sprite@1.0.0
  com.unity.2d.tilemap@1.0.0
  com.unity.modules.androidjni@1.0.0

=== Fri Apr  5 16:57:00 2019

Packages were changed.
Update Mode: resetToDefaultDependencies

The following packages were updated:
  com.unity.analytics from version 3.2.2 to 3.3.2
The following packages were removed:
  com.unity.burst@1.0.0-preview.9
  com.unity.collections@0.0.9-preview.17
  com.unity.entities@0.0.12-preview.25
  com.unity.jobs@0.0.7-preview.10
  com.unity.rendering.hybrid@0.0.1-preview.10
  com.unity.shadergraph@5.2.3
  com.unity.visualeffectgraph@5.10.0-preview

=== Fri Apr  5 17:32:27 2019

Packages were changed.
Update Mode: resetToDefaultDependencies

The following packages were added:
  com.unity.analytics@3.3.2
  com.unity.purchasing@2.0.1
  com.unity.ads@2.0.8
  com.unity.textmeshpro@2.0.0
  com.unity.package-manager-ui@2.1.2
  com.unity.collab-proxy@1.2.15
  com.unity.timeline@1.0.0
  com.unity.modules.ai@1.0.0
  com.unity.modules.animation@1.0.0
  com.unity.modules.assetbundle@1.0.0
  com.unity.modules.audio@1.0.0
  com.unity.modules.cloth@1.0.0
  com.unity.modules.director@1.0.0
  com.unity.modules.imageconversion@1.0.0
  com.unity.modules.imgui@1.0.0
  com.unity.modules.jsonserialize@1.0.0
  com.unity.modules.particlesystem@1.0.0
  com.unity.modules.physics@1.0.0
  com.unity.modules.physics2d@1.0.0
  com.unity.modules.screencapture@1.0.0
  com.unity.modules.terrain@1.0.0
  com.unity.modules.terrainphysics@1.0.0
  com.unity.modules.tilemap@1.0.0
  com.unity.modules.ui@1.0.0
  com.unity.modules.uielements@1.0.0
  com.unity.modules.umbra@1.0.0
  com.unity.modules.unityanalytics@1.0.0
  com.unity.modules.unitywebrequest@1.0.0
  com.unity.modules.unitywebrequestassetbundle@1.0.0
  com.unity.modules.unitywebrequestaudio@1.0.0
  com.unity.modules.unitywebrequesttexture@1.0.0
  com.unity.modules.unitywebrequestwww@1.0.0
  com.unity.modules.vehicles@1.0.0
  com.unity.modules.video@1.0.0
  com.unity.modules.vr@1.0.0
  com.unity.modules.wind@1.0.0
  com.unity.modules.xr@1.0.0

=== Fri Apr  5 17:34:55 2019

Packages were changed.
Update Mode: updateDependencies

The following packages were added:
  com.unity.2d.tilemap@1.0.0
  com.unity.2d.sprite@1.0.0
  com.unity.modules.androidjni@1.0.0
The following packages were updated:
  com.unity.collab-proxy from version 1.2.15 to 1.2.16
  com.unity.package-manager-ui from version 2.1.2 to 2.2.0
  com.unity.purchasing from version 2.0.1 to 2.0.6

=== Tue Jun 18 07:06:42 2019

Packages were changed.
Update Mode: updateDependencies

The following packages were updated:
  com.unity.shadergraph from version 5.2.3 to 5.7.2
  com.unity.textmeshpro from version 2.0.0 to 2.0.1
