Log file open, 03/01/20 18:18:49
LogWindows: Failed to load 'aqProf.dll' (GetLastError=126)
LogWindows: File 'aqProf.dll' does not exist
LogWindows: Failed to load 'VtuneApi.dll' (GetLastError=126)
LogWindows: File 'VtuneApi.dll' does not exist
LogWindows: Failed to load 'VtuneApi32e.dll' (GetLastError=126)
LogWindows: File 'VtuneApi32e.dll' does not exist
LogConsoleResponse: Display: Failed to find resolution value strings in scalability ini. Falling back to default.
LogInit: Display: Running engine for game: ArcaneNomads
LogPlatformFile: Not using cached read wrapper
LogTaskGraph: Started task graph with 5 named threads and 35 total threads with 3 sets of task threads.
LogStats: Stats thread started at 0.523670
LogD3D11RHI: Loaded GFSDK_Aftermath_Lib.x64.dll
LogICUInternationalization: ICU TimeZone Detection - Raw Offset: +1:00, Platform Override: ''
LogPluginManager: Mounting plugin Paper2D
LogPluginManager: Mounting plugin AISupport
LogPluginManager: Mounting plugin LightPropagationVolume
LogPluginManager: Mounting plugin ActorLayerUtilities
LogPluginManager: Mounting plugin AnimationSharing
LogPluginManager: Mounting plugin CLionSourceCodeAccess
LogPluginManager: Mounting plugin CodeLiteSourceCodeAccess
LogPluginManager: Mounting plugin GitSourceControl
LogPluginManager: Mounting plugin KDevelopSourceCodeAccess
LogPluginManager: Mounting plugin NullSourceCodeAccess
LogPluginManager: Mounting plugin PerforceSourceControl
LogPluginManager: Mounting plugin PlasticSourceControl
LogPluginManager: Mounting plugin SubversionSourceControl
LogPluginManager: Mounting plugin UObjectPlugin
LogPluginManager: Mounting plugin VisualStudioCodeSourceCodeAccess
LogPluginManager: Mounting plugin VisualStudioSourceCodeAccess
LogPluginManager: Mounting plugin XCodeSourceCodeAccess
LogPluginManager: Mounting plugin AssetManagerEditor
LogPluginManager: Mounting plugin CryptoKeys
LogPluginManager: Mounting plugin CurveEditorTools
LogPluginManager: Mounting plugin DataValidation
LogPluginManager: Mounting plugin FacialAnimation
LogPluginManager: Mounting plugin GameplayTagsEditor
LogPluginManager: Mounting plugin MacGraphicsSwitching
LogPluginManager: Mounting plugin MaterialAnalyzer
LogPluginManager: Mounting plugin MobileLauncherProfileWizard
LogPluginManager: Mounting plugin PluginBrowser
LogPluginManager: Mounting plugin SpeedTreeImporter
LogPluginManager: Mounting plugin DatasmithContent
LogPluginManager: Mounting plugin VariantManagerContent
LogPluginManager: Mounting plugin AlembicImporter
LogPluginManager: Mounting plugin AutomationUtils
LogPluginManager: Mounting plugin BackChannel
LogPluginManager: Mounting plugin CharacterAI
LogPluginManager: Mounting plugin GeometryCache
LogPluginManager: Mounting plugin PlatformCrypto
LogPluginManager: Mounting plugin ProxyLODPlugin
LogPluginManager: Mounting plugin SkeletalReduction
LogPluginManager: Mounting plugin MagicLeap
LogPluginManager: Mounting plugin MagicLeapMedia
LogPluginManager: Mounting plugin MLSDK
LogPluginManager: Mounting plugin AndroidMedia
LogPluginManager: Mounting plugin AvfMedia
LogPluginManager: Mounting plugin ImgMedia
LogPluginManager: Mounting plugin MediaCompositing
LogPluginManager: Mounting plugin MediaPlayerEditor
LogPluginManager: Mounting plugin WebMMedia
LogPluginManager: Mounting plugin WmfMedia
LogPluginManager: Mounting plugin TcpMessaging
LogPluginManager: Mounting plugin UdpMessaging
LogPluginManager: Mounting plugin ActorSequence
LogPluginManager: Mounting plugin LevelSequenceEditor
LogPluginManager: Mounting plugin MatineeToLevelSequence
LogPluginManager: Mounting plugin NetcodeUnitTest
LogPluginManager: Mounting plugin NUTUnrealEngine4
LogPluginManager: Mounting plugin OnlineSubsystemGooglePlay
LogPluginManager: Mounting plugin OnlineSubsystemIOS
LogPluginManager: Mounting plugin OnlineSubsystem
LogPluginManager: Mounting plugin OnlineSubsystemNull
LogPluginManager: Mounting plugin OnlineSubsystemUtils
LogPluginManager: Mounting plugin LauncherChunkInstaller
LogPluginManager: Mounting plugin AndroidDeviceProfileSelector
LogPluginManager: Mounting plugin AndroidMoviePlayer
LogPluginManager: Mounting plugin AndroidPermission
LogPluginManager: Mounting plugin AppleImageUtils
LogPluginManager: Mounting plugin AppleMoviePlayer
LogPluginManager: Mounting plugin ArchVisCharacter
LogPluginManager: Mounting plugin AssetTags
LogPluginManager: Mounting plugin AudioCapture
LogPluginManager: Mounting plugin CableComponent
LogPluginManager: Mounting plugin CustomMeshComponent
LogPluginManager: Mounting plugin EditableMesh
LogPluginManager: Mounting plugin ExampleDeviceProfileSelector
LogPluginManager: Mounting plugin GoogleCloudMessaging
LogPluginManager: Mounting plugin IOSDeviceProfileSelector
LogPluginManager: Mounting plugin LinuxDeviceProfileSelector
LogPluginManager: Mounting plugin LocationServicesBPLibrary
LogPluginManager: Mounting plugin MobilePatchingUtils
LogPluginManager: Mounting plugin OculusVR
LogPluginManager: Mounting plugin PhysXVehicles
LogPluginManager: Mounting plugin PostSplashScreen
LogPluginManager: Mounting plugin ProceduralMeshComponent
LogPluginManager: Mounting plugin RuntimePhysXCooking
LogPluginManager: Mounting plugin SignificanceManager
LogPluginManager: Mounting plugin SteamVR
LogPluginManager: Mounting plugin WebMMoviePlayer
LogPluginManager: Mounting plugin WindowsMoviePlayer
LogPluginManager: Mounting plugin ScreenshotTools
LogInit: Using libcurl 7.55.1-DEV
LogInit:  - built for x86_64-pc-win32
LogInit:  - supports SSL with OpenSSL/1.1.1
LogInit:  - supports HTTP deflate (compression) using libz 1.2.8
LogInit:  - other features:
LogInit:      CURL_VERSION_SSL
LogInit:      CURL_VERSION_LIBZ
LogInit:      CURL_VERSION_IPV6
LogInit:      CURL_VERSION_ASYNCHDNS
LogInit:      CURL_VERSION_LARGEFILE
LogInit:      CURL_VERSION_IDN
LogInit:  CurlRequestOptions (configurable via config and command line):
LogInit:  - bVerifyPeer = true  - Libcurl will verify peer certificate
LogInit:  - bUseHttpProxy = false  - Libcurl will NOT use HTTP proxy
LogInit:  - bDontReuseConnections = false  - Libcurl will reuse connections
LogInit:  - MaxHostConnections = 16  - Libcurl will limit the number of connections to a host
LogInit:  - LocalHostAddr = Default
LogInit:  - BufferSize = 65536
LogOnline: OSS: Creating online subsystem instance for: NULL
LogInit: WinSock: version 1.1 (2.2), MaxSocks=32767, MaxUdp=65467
LogOnline: OSS: TryLoadSubsystemAndSetDefault: Loaded subsystem for module [NULL]
LogInit: Build: ++UE4+Release-4.24-CL-11590370
LogInit: Engine Version: 4.24.3-11590370+++UE4+Release-4.24
LogInit: Compatible Engine Version: 4.24.0-10570792+++UE4+Release-4.24
LogInit: Net CL: 10570792
LogInit: OS: Windows 10 (Release 1809) (), CPU: Intel(R) Core(TM) i7-9750H CPU @ 2.60GHz, GPU: Intel(R) UHD Graphics 630
LogInit: Compiled (64-bit): Feb 24 2020 15:39:18
LogInit: Compiled with Visual C++: 19.16.27032.01
LogInit: Build Configuration: DebugGame
LogInit: Branch Name: ++UE4+Release-4.24
LogInit: Command Line:  -skipcompile
LogInit: Base Directory: C:/Program Files/Epic Games/UE_4.24/Engine/Binaries/Win64/
LogInit: Installed Engine Build: 1
LogDevObjectVersion: Number of dev versions registered: 25
LogDevObjectVersion:   Dev-Blueprints (B0D832E4-1F89-4F0D-ACCF-7EB736FD4AA2): 10
LogDevObjectVersion:   Dev-Build (E1C64328-A22C-4D53-A36C-8E866417BD8C): 0
LogDevObjectVersion:   Dev-Core (375EC13C-06E4-48FB-B500-84F0262A717E): 3
LogDevObjectVersion:   Dev-Editor (E4B068ED-F494-42E9-A231-DA0B2E46BB41): 37
LogDevObjectVersion:   Dev-Framework (CFFC743F-43B0-4480-9391-14DF171D2073): 36
LogDevObjectVersion:   Dev-Mobile (B02B49B5-BB20-44E9-A304-32B752E40360): 2
LogDevObjectVersion:   Dev-Networking (A4E4105C-59A1-49B5-A7C5-40C4547EDFEE): 0
LogDevObjectVersion:   Dev-Online (39C831C9-5AE6-47DC-9A44-9C173E1C8E7C): 0
LogDevObjectVersion:   Dev-Physics (78F01B33-EBEA-4F98-B9B4-84EACCB95AA2): 2
LogDevObjectVersion:   Dev-Platform (6631380F-2D4D-43E0-8009-CF276956A95A): 0
LogDevObjectVersion:   Dev-Rendering (12F88B9F-8875-4AFC-A67C-D90C383ABD29): 36
LogDevObjectVersion:   Dev-Sequencer (7B5AE74C-D270-4C10-A958-57980B212A5A): 11
LogDevObjectVersion:   Dev-VR (D7296918-1DD6-4BDD-9DE2-64A83CC13884): 2
LogDevObjectVersion:   Dev-LoadTimes (C2A15278-BFE7-4AFE-6C17-90FF531DF755): 1
LogDevObjectVersion:   Private-Geometry (6EACA3D4-40EC-4CC1-B786-8BED09428FC5): 3
LogDevObjectVersion:   Dev-AnimPhys (29E575DD-E0A3-4627-9D10-D276232CDCEA): 17
LogDevObjectVersion:   Dev-Anim (AF43A65D-7FD3-4947-9873-3E8ED9C1BB05): 2
LogDevObjectVersion:   Dev-ReflectionCapture (6B266CEC-1EC7-4B8F-A30B-E4D90942FC07): 1
LogDevObjectVersion:   Dev-Automation (0DF73D61-A23F-47EA-B727-89E90C41499A): 1
LogDevObjectVersion:   FortniteMain (601D1886-AC64-4F84-AA16-D3DE0DEAC7D6): 31
LogDevObjectVersion:   Dev-Enterprise (9DFFBCD6-494F-0158-E221-12823C92A888): 8
LogDevObjectVersion:   Dev-Niagara (F2AED0AC-9AFE-416F-8664-AA7FFA26D6FC): 1
LogDevObjectVersion:   Dev-Destruction (174F1F0B-B4C6-45A5-B13F-2EE8D0FB917D): 9
LogDevObjectVersion:   Dev-Physics-Ext (35F94A83-E258-406C-A318-09F59610247C): 8
LogDevObjectVersion:   Dev-CineCamera (B2E18506-4273-CFC2-A54E-F4BB758BBA07): 1
LogInit: Presizing for max 25165824 objects, including 0 objects not considered by GC, pre-allocating 0 bytes for permanent pool.
LogInit: Object subsystem initialized
LogConfig: Setting CVar [[con.DebugEarlyDefault:1]]
LogConfig: Setting CVar [[r.setres:1280x720]]
[2020.03.01-17.18.50:338][  0]LogConfig: Setting CVar [[r.VSync:0]]
[2020.03.01-17.18.50:339][  0]LogConfig: Setting CVar [[r.RHICmdBypass:0]]
[2020.03.01-17.18.50:339][  0]LogConfig: Applying CVar settings from Section [/Script/Engine.RendererSettings] File [C:/Users/lovbe/Desktop/ArcaneNomads/ArcaneNomads/Saved/Config/Windows/Engine.ini]
[2020.03.01-17.18.50:339][  0]LogConfig: Setting CVar [[r.GPUCrashDebugging:0]]
[2020.03.01-17.18.50:339][  0]LogConfig: Setting CVar [[r.CustomDepth:3]]
[2020.03.01-17.18.50:339][  0]LogConfig: Applying CVar settings from Section [/Script/Engine.RendererOverrideSettings] File [C:/Users/lovbe/Desktop/ArcaneNomads/ArcaneNomads/Saved/Config/Windows/Engine.ini]
[2020.03.01-17.18.50:340][  0]LogConfig: Applying CVar settings from Section [/Script/Engine.StreamingSettings] File [C:/Users/lovbe/Desktop/ArcaneNomads/ArcaneNomads/Saved/Config/Windows/Engine.ini]
[2020.03.01-17.18.50:340][  0]LogConfig: Setting CVar [[s.MinBulkDataSizeForAsyncLoading:131072]]
[2020.03.01-17.18.50:340][  0]LogConfig: Setting CVar [[s.AsyncLoadingThreadEnabled:0]]
[2020.03.01-17.18.50:340][  0]LogConfig: Setting CVar [[s.EventDrivenLoaderEnabled:1]]
[2020.03.01-17.18.50:340][  0]LogConfig: Setting CVar [[s.WarnIfTimeLimitExceeded:0]]
[2020.03.01-17.18.50:340][  0]LogConfig: Setting CVar [[s.TimeLimitExceededMultiplier:1.5]]
[2020.03.01-17.18.50:340][  0]LogConfig: Setting CVar [[s.TimeLimitExceededMinTime:0.005]]
[2020.03.01-17.18.50:340][  0]LogConfig: Setting CVar [[s.UseBackgroundLevelStreaming:1]]
[2020.03.01-17.18.50:340][  0]LogConfig: Setting CVar [[s.PriorityAsyncLoadingExtraTime:15.0]]
[2020.03.01-17.18.50:340][  0]LogConfig: Setting CVar [[s.LevelStreamingActorsUpdateTimeLimit:5.0]]
[2020.03.01-17.18.50:340][  0]LogConfig: Setting CVar [[s.PriorityLevelStreamingActorsUpdateExtraTime:5.0]]
[2020.03.01-17.18.50:340][  0]LogConfig: Setting CVar [[s.LevelStreamingComponentsRegistrationGranularity:10]]
[2020.03.01-17.18.50:340][  0]LogConfig: Setting CVar [[s.UnregisterComponentsTimeLimit:1.0]]
[2020.03.01-17.18.50:340][  0]LogConfig: Setting CVar [[s.LevelStreamingComponentsUnregistrationGranularity:5]]
[2020.03.01-17.18.50:340][  0]LogConfig: Setting CVar [[s.FlushStreamingOnExit:1]]
[2020.03.01-17.18.50:341][  0]LogConfig: Applying CVar settings from Section [/Script/Engine.GarbageCollectionSettings] File [C:/Users/lovbe/Desktop/ArcaneNomads/ArcaneNomads/Saved/Config/Windows/Engine.ini]
[2020.03.01-17.18.50:341][  0]LogConfig: Setting CVar [[gc.MaxObjectsNotConsideredByGC:1]]
[2020.03.01-17.18.50:341][  0]LogConfig: Setting CVar [[gc.SizeOfPermanentObjectPool:0]]
[2020.03.01-17.18.50:341][  0]LogConfig: Setting CVar [[gc.FlushStreamingOnGC:0]]
[2020.03.01-17.18.50:341][  0]LogConfig: Setting CVar [[gc.NumRetriesBeforeForcingGC:10]]
[2020.03.01-17.18.50:341][  0]LogConfig: Setting CVar [[gc.AllowParallelGC:1]]
[2020.03.01-17.18.50:341][  0]LogConfig: Setting CVar [[gc.TimeBetweenPurgingPendingKillObjects:61.1]]
[2020.03.01-17.18.50:341][  0]LogConfig: Setting CVar [[gc.MaxObjectsInEditor:25165824]]
[2020.03.01-17.18.50:341][  0]LogConfig: Setting CVar [[gc.IncrementalBeginDestroyEnabled:1]]
[2020.03.01-17.18.50:341][  0]LogConfig: Setting CVar [[gc.CreateGCClusters:1]]
[2020.03.01-17.18.50:341][  0]LogConfig: Setting CVar [[gc.MinGCClusterSize:5]]
[2020.03.01-17.18.50:341][  0]LogConfig: Setting CVar [[gc.ActorClusteringEnabled:0]]
[2020.03.01-17.18.50:341][  0]LogConfig: Setting CVar [[gc.BlueprintClusteringEnabled:0]]
[2020.03.01-17.18.50:341][  0]LogConfig: Setting CVar [[gc.UseDisregardForGCOnDedicatedServers:0]]
[2020.03.01-17.18.50:341][  0]LogConfig: Applying CVar settings from Section [/Script/Engine.NetworkSettings] File [C:/Users/lovbe/Desktop/ArcaneNomads/ArcaneNomads/Saved/Config/Windows/Engine.ini]
[2020.03.01-17.18.50:341][  0]LogConfig: Applying CVar settings from Section [/Script/UnrealEd.CookerSettings] File [C:/Users/lovbe/Desktop/ArcaneNomads/ArcaneNomads/Saved/Config/Windows/Engine.ini]
[2020.03.01-17.18.50:362][  0]LogConfig: Applying CVar settings from Section [ViewDistanceQuality@3] File [C:/Users/lovbe/Desktop/ArcaneNomads/ArcaneNomads/Saved/Config/Windows/Scalability.ini]
[2020.03.01-17.18.50:362][  0]LogConfig: Setting CVar [[r.SkeletalMeshLODBias:0]]
[2020.03.01-17.18.50:362][  0]LogConfig: Setting CVar [[r.ViewDistanceScale:1.0]]
[2020.03.01-17.18.50:362][  0]LogConfig: Applying CVar settings from Section [AntiAliasingQuality@3] File [C:/Users/lovbe/Desktop/ArcaneNomads/ArcaneNomads/Saved/Config/Windows/Scalability.ini]
[2020.03.01-17.18.50:362][  0]LogConfig: Setting CVar [[r.PostProcessAAQuality:4]]
[2020.03.01-17.18.50:362][  0]LogConfig: Applying CVar settings from Section [ShadowQuality@3] File [C:/Users/lovbe/Desktop/ArcaneNomads/ArcaneNomads/Saved/Config/Windows/Scalability.ini]
[2020.03.01-17.18.50:362][  0]LogConfig: Setting CVar [[r.LightFunctionQuality:1]]
[2020.03.01-17.18.50:362][  0]LogConfig: Setting CVar [[r.ShadowQuality:5]]
[2020.03.01-17.18.50:362][  0]LogConfig: Setting CVar [[r.Shadow.CSM.MaxCascades:10]]
[2020.03.01-17.18.50:362][  0]LogConfig: Setting CVar [[r.Shadow.MaxResolution:2048]]
[2020.03.01-17.18.50:362][  0]LogConfig: Setting CVar [[r.Shadow.MaxCSMResolution:2048]]
[2020.03.01-17.18.50:362][  0]LogConfig: Setting CVar [[r.Shadow.RadiusThreshold:0.01]]
[2020.03.01-17.18.50:363][  0]LogConfig: Setting CVar [[r.Shadow.DistanceScale:1.0]]
[2020.03.01-17.18.50:363][  0]LogConfig: Setting CVar [[r.Shadow.CSM.TransitionScale:1.0]]
[2020.03.01-17.18.50:363][  0]LogConfig: Setting CVar [[r.Shadow.PreShadowResolutionFactor:1.0]]
[2020.03.01-17.18.50:363][  0]LogConfig: Setting CVar [[r.DistanceFieldShadowing:1]]
[2020.03.01-17.18.50:363][  0]LogConfig: Setting CVar [[r.DistanceFieldAO:1]]
[2020.03.01-17.18.50:363][  0]LogConfig: Setting CVar [[r.AOQuality:2]]
[2020.03.01-17.18.50:363][  0]LogConfig: Setting CVar [[r.VolumetricFog:1]]
[2020.03.01-17.18.50:363][  0]LogConfig: Setting CVar [[r.VolumetricFog.GridPixelSize:8]]
[2020.03.01-17.18.50:363][  0]LogConfig: Setting CVar [[r.VolumetricFog.GridSizeZ:128]]
[2020.03.01-17.18.50:363][  0]LogConfig: Setting CVar [[r.VolumetricFog.HistoryMissSupersampleCount:4]]
[2020.03.01-17.18.50:363][  0]LogConfig: Setting CVar [[r.LightMaxDrawDistanceScale:1]]
[2020.03.01-17.18.50:363][  0]LogConfig: Setting CVar [[r.CapsuleShadows:1]]
[2020.03.01-17.18.50:363][  0]LogConfig: Applying CVar settings from Section [PostProcessQuality@3] File [C:/Users/lovbe/Desktop/ArcaneNomads/ArcaneNomads/Saved/Config/Windows/Scalability.ini]
[2020.03.01-17.18.50:363][  0]LogConfig: Setting CVar [[r.MotionBlurQuality:4]]
[2020.03.01-17.18.50:363][  0]LogConfig: Setting CVar [[r.AmbientOcclusionMipLevelFactor:0.4]]
[2020.03.01-17.18.50:363][  0]LogConfig: Setting CVar [[r.AmbientOcclusionMaxQuality:100]]
[2020.03.01-17.18.50:363][  0]LogConfig: Setting CVar [[r.AmbientOcclusionLevels:-1]]
[2020.03.01-17.18.50:363][  0]LogConfig: Setting CVar [[r.AmbientOcclusionRadiusScale:1.0]]
[2020.03.01-17.18.50:364][  0]LogConfig: Setting CVar [[r.DepthOfFieldQuality:2]]
[2020.03.01-17.18.50:364][  0]LogConfig: Setting CVar [[r.RenderTargetPoolMin:400]]
[2020.03.01-17.18.50:364][  0]LogConfig: Setting CVar [[r.LensFlareQuality:2]]
[2020.03.01-17.18.50:364][  0]LogConfig: Setting CVar [[r.SceneColorFringeQuality:1]]
[2020.03.01-17.18.50:364][  0]LogConfig: Setting CVar [[r.EyeAdaptationQuality:2]]
[2020.03.01-17.18.50:364][  0]LogConfig: Setting CVar [[r.BloomQuality:5]]
[2020.03.01-17.18.50:364][  0]LogConfig: Setting CVar [[r.FastBlurThreshold:100]]
[2020.03.01-17.18.50:364][  0]LogConfig: Setting CVar [[r.Upscale.Quality:3]]
[2020.03.01-17.18.50:364][  0]LogConfig: Setting CVar [[r.Tonemapper.GrainQuantization:1]]
[2020.03.01-17.18.50:364][  0]LogConfig: Setting CVar [[r.LightShaftQuality:1]]
[2020.03.01-17.18.50:364][  0]LogConfig: Setting CVar [[r.Filter.SizeScale:1]]
[2020.03.01-17.18.50:364][  0]LogConfig: Setting CVar [[r.Tonemapper.Quality:5]]
[2020.03.01-17.18.50:364][  0]LogConfig: Setting CVar [[r.DOF.Gather.AccumulatorQuality:1        ; higher gathering accumulator quality]]
[2020.03.01-17.18.50:364][  0]LogConfig: Setting CVar [[r.DOF.Gather.PostfilterMethod:1          ; Median3x3 postfilering method]]
[2020.03.01-17.18.50:364][  0]LogConfig: Setting CVar [[r.DOF.Gather.EnableBokehSettings:0       ; no bokeh simulation when gathering]]
[2020.03.01-17.18.50:364][  0]LogConfig: Setting CVar [[r.DOF.Gather.RingCount:4                 ; medium number of samples when gathering]]
[2020.03.01-17.18.50:364][  0]LogConfig: Setting CVar [[r.DOF.Scatter.ForegroundCompositing:1    ; additive foreground scattering]]
[2020.03.01-17.18.50:364][  0]LogConfig: Setting CVar [[r.DOF.Scatter.BackgroundCompositing:2    ; additive background scattering]]
[2020.03.01-17.18.50:365][  0]LogConfig: Setting CVar [[r.DOF.Scatter.EnableBokehSettings:1      ; bokeh simulation when scattering]]
[2020.03.01-17.18.50:365][  0]LogConfig: Setting CVar [[r.DOF.Scatter.MaxSpriteRatio:0.1         ; only a maximum of 10% of scattered bokeh]]
[2020.03.01-17.18.50:365][  0]LogConfig: Setting CVar [[r.DOF.Recombine.Quality:1                ; cheap slight out of focus]]
[2020.03.01-17.18.50:365][  0]LogConfig: Setting CVar [[r.DOF.Recombine.EnableBokehSettings:0    ; no bokeh simulation on slight out of focus]]
[2020.03.01-17.18.50:365][  0]LogConfig: Setting CVar [[r.DOF.TemporalAAQuality:1                ; more stable temporal accumulation]]
[2020.03.01-17.18.50:365][  0]LogConfig: Setting CVar [[r.DOF.Kernel.MaxForegroundRadius:0.025]]
[2020.03.01-17.18.50:365][  0]LogConfig: Setting CVar [[r.DOF.Kernel.MaxBackgroundRadius:0.025]]
[2020.03.01-17.18.50:365][  0]LogConfig: Applying CVar settings from Section [TextureQuality@3] File [C:/Users/lovbe/Desktop/ArcaneNomads/ArcaneNomads/Saved/Config/Windows/Scalability.ini]
[2020.03.01-17.18.50:365][  0]LogConfig: Setting CVar [[r.Streaming.MipBias:0]]
[2020.03.01-17.18.50:365][  0]LogConfig: Setting CVar [[r.Streaming.AmortizeCPUToGPUCopy:0]]
[2020.03.01-17.18.50:365][  0]LogConfig: Setting CVar [[r.Streaming.MaxNumTexturesToStreamPerFrame:0]]
[2020.03.01-17.18.50:365][  0]LogConfig: Setting CVar [[r.Streaming.Boost:1]]
[2020.03.01-17.18.50:365][  0]LogConfig: Setting CVar [[r.MaxAnisotropy:8]]
[2020.03.01-17.18.50:365][  0]LogConfig: Setting CVar [[r.VT.MaxAnisotropy:8]]
[2020.03.01-17.18.50:365][  0]LogConfig: Setting CVar [[r.Streaming.LimitPoolSizeToVRAM:0]]
[2020.03.01-17.18.50:365][  0]LogConfig: Setting CVar [[r.Streaming.PoolSize:1000]]
[2020.03.01-17.18.50:365][  0]LogConfig: Setting CVar [[r.Streaming.MaxEffectiveScreenSize:0]]
[2020.03.01-17.18.50:365][  0]LogConfig: Applying CVar settings from Section [EffectsQuality@3] File [C:/Users/lovbe/Desktop/ArcaneNomads/ArcaneNomads/Saved/Config/Windows/Scalability.ini]
[2020.03.01-17.18.50:366][  0]LogConfig: Setting CVar [[r.TranslucencyLightingVolumeDim:64]]
[2020.03.01-17.18.50:366][  0]LogConfig: Setting CVar [[r.RefractionQuality:2]]
[2020.03.01-17.18.50:366][  0]LogConfig: Setting CVar [[r.SSR.Quality:3]]
[2020.03.01-17.18.50:366][  0]LogConfig: Setting CVar [[r.SSR.HalfResSceneColor:0]]
[2020.03.01-17.18.50:366][  0]LogConfig: Setting CVar [[r.SceneColorFormat:4]]
[2020.03.01-17.18.50:366][  0]LogConfig: Setting CVar [[r.DetailMode:2]]
[2020.03.01-17.18.50:366][  0]LogConfig: Setting CVar [[r.TranslucencyVolumeBlur:1]]
[2020.03.01-17.18.50:366][  0]LogConfig: Setting CVar [[r.MaterialQualityLevel:1 ; High quality]]
[2020.03.01-17.18.50:366][  0]LogConfig: Setting CVar [[r.SSS.Scale:1]]
[2020.03.01-17.18.50:366][  0]LogConfig: Setting CVar [[r.SSS.SampleSet:2]]
[2020.03.01-17.18.50:366][  0]LogConfig: Setting CVar [[r.SSS.Quality:1]]
[2020.03.01-17.18.50:366][  0]LogConfig: Setting CVar [[r.SSS.HalfRes:1]]
[2020.03.01-17.18.50:366][  0]LogConfig: Setting CVar [[r.SSGI.Quality:3]]
[2020.03.01-17.18.50:366][  0]LogConfig: Setting CVar [[r.EmitterSpawnRateScale:1.0]]
[2020.03.01-17.18.50:366][  0]LogConfig: Setting CVar [[r.ParticleLightQuality:2]]
[2020.03.01-17.18.50:367][  0]LogConfig: Setting CVar [[r.SkyAtmosphere.AerialPerspectiveLUT.FastApplyOnOpaque:1 ; Always have FastSkyLUT 1 in this case to avoid wrong sky]]
[2020.03.01-17.18.50:367][  0]LogConfig: Setting CVar [[r.SkyAtmosphere.AerialPerspectiveLUT.SampleCountPerSlice:1]]
[2020.03.01-17.18.50:367][  0]LogConfig: Setting CVar [[r.SkyAtmosphere.AerialPerspectiveLUT.DepthResolution:16.0]]
[2020.03.01-17.18.50:367][  0]LogConfig: Setting CVar [[r.SkyAtmosphere.FastSkyLUT:1]]
[2020.03.01-17.18.50:367][  0]LogConfig: Setting CVar [[r.SkyAtmosphere.FastSkyLUT.SampleCountMin:4.0]]
[2020.03.01-17.18.50:367][  0]LogConfig: Setting CVar [[r.SkyAtmosphere.FastSkyLUT.SampleCountMax:32.0]]
[2020.03.01-17.18.50:367][  0]LogConfig: Setting CVar [[r.SkyAtmosphere.SampleCountMin:4.0]]
[2020.03.01-17.18.50:367][  0]LogConfig: Setting CVar [[r.SkyAtmosphere.SampleCountMax:32.0]]
[2020.03.01-17.18.50:367][  0]LogConfig: Setting CVar [[r.SkyAtmosphere.TransmittanceLUT.UseSmallFormat:0]]
[2020.03.01-17.18.50:367][  0]LogConfig: Setting CVar [[r.SkyAtmosphere.TransmittanceLUT.SampleCount:10.0]]
[2020.03.01-17.18.50:367][  0]LogConfig: Setting CVar [[r.SkyAtmosphere.MultiScatteringLUT.SampleCount:15.0]]
[2020.03.01-17.18.50:367][  0]LogConfig: Applying CVar settings from Section [FoliageQuality@3] File [C:/Users/lovbe/Desktop/ArcaneNomads/ArcaneNomads/Saved/Config/Windows/Scalability.ini]
[2020.03.01-17.18.50:367][  0]LogConfig: Setting CVar [[foliage.DensityScale:1.0]]
[2020.03.01-17.18.50:367][  0]LogConfig: Setting CVar [[grass.DensityScale:1.0]]
[2020.03.01-17.18.50:368][  0]LogConfig: Applying CVar settings from Section [ShadingQuality@3] File [C:/Users/lovbe/Desktop/ArcaneNomads/ArcaneNomads/Saved/Config/Windows/Scalability.ini]
[2020.03.01-17.18.50:368][  0]LogConfig: Setting CVar [[r.HairStrands.SkyLighting.SampleCount:16]]
[2020.03.01-17.18.50:368][  0]LogConfig: Setting CVar [[r.HairStrands.SkyLighting.JitterIntegration:0]]
[2020.03.01-17.18.50:368][  0]LogConfig: Setting CVar [[r.HairStrands.SkyAO.SampleCount:16]]
[2020.03.01-17.18.50:369][  0]LogInit: Selected Device Profile: [Windows]
[2020.03.01-17.18.50:369][  0]LogInit: Applying CVar settings loaded from the selected device profile: [Windows]
[2020.03.01-17.18.50:377][  0]LogHAL: Display: Platform has ~ 16 GB [17013714944 / 17179869184 / 16], which maps to Larger [LargestMinGB=32, LargerMinGB=12, DefaultMinGB=8, SmallerMinGB=6, SmallestMinGB=0)
[2020.03.01-17.18.50:378][  0]LogInit: Going up to parent DeviceProfile []
[2020.03.01-17.18.50:378][  0]LogConfig: Applying CVar settings from Section [ViewDistanceQuality@3] File [C:/Users/lovbe/Desktop/ArcaneNomads/ArcaneNomads/Saved/Config/Windows/Scalability.ini]
[2020.03.01-17.18.50:378][  0]LogConfig: Setting CVar [[r.SkeletalMeshLODBias:0]]
[2020.03.01-17.18.50:378][  0]LogConfig: Setting CVar [[r.ViewDistanceScale:1.0]]
[2020.03.01-17.18.50:378][  0]LogConfig: Applying CVar settings from Section [AntiAliasingQuality@3] File [C:/Users/lovbe/Desktop/ArcaneNomads/ArcaneNomads/Saved/Config/Windows/Scalability.ini]
[2020.03.01-17.18.50:378][  0]LogConfig: Setting CVar [[r.PostProcessAAQuality:4]]
[2020.03.01-17.18.50:378][  0]LogConfig: Applying CVar settings from Section [ShadowQuality@3] File [C:/Users/lovbe/Desktop/ArcaneNomads/ArcaneNomads/Saved/Config/Windows/Scalability.ini]
[2020.03.01-17.18.50:379][  0]LogConfig: Setting CVar [[r.LightFunctionQuality:1]]
[2020.03.01-17.18.50:379][  0]LogConfig: Setting CVar [[r.ShadowQuality:5]]
[2020.03.01-17.18.50:379][  0]LogConfig: Setting CVar [[r.Shadow.CSM.MaxCascades:10]]
[2020.03.01-17.18.50:379][  0]LogConfig: Setting CVar [[r.Shadow.MaxResolution:2048]]
[2020.03.01-17.18.50:379][  0]LogConfig: Setting CVar [[r.Shadow.MaxCSMResolution:2048]]
[2020.03.01-17.18.50:379][  0]LogConfig: Setting CVar [[r.Shadow.RadiusThreshold:0.01]]
[2020.03.01-17.18.50:379][  0]LogConfig: Setting CVar [[r.Shadow.DistanceScale:1.0]]
[2020.03.01-17.18.50:379][  0]LogConfig: Setting CVar [[r.Shadow.CSM.TransitionScale:1.0]]
[2020.03.01-17.18.50:379][  0]LogConfig: Setting CVar [[r.Shadow.PreShadowResolutionFactor:1.0]]
[2020.03.01-17.18.50:379][  0]LogConfig: Setting CVar [[r.DistanceFieldShadowing:1]]
[2020.03.01-17.18.50:379][  0]LogConfig: Setting CVar [[r.DistanceFieldAO:1]]
[2020.03.01-17.18.50:379][  0]LogConfig: Setting CVar [[r.AOQuality:2]]
[2020.03.01-17.18.50:379][  0]LogConfig: Setting CVar [[r.VolumetricFog:1]]
[2020.03.01-17.18.50:379][  0]LogConfig: Setting CVar [[r.VolumetricFog.GridPixelSize:8]]
[2020.03.01-17.18.50:379][  0]LogConfig: Setting CVar [[r.VolumetricFog.GridSizeZ:128]]
[2020.03.01-17.18.50:379][  0]LogConfig: Setting CVar [[r.VolumetricFog.HistoryMissSupersampleCount:4]]
[2020.03.01-17.18.50:379][  0]LogConfig: Setting CVar [[r.LightMaxDrawDistanceScale:1]]
[2020.03.01-17.18.50:379][  0]LogConfig: Setting CVar [[r.CapsuleShadows:1]]
[2020.03.01-17.18.50:380][  0]LogConfig: Applying CVar settings from Section [PostProcessQuality@3] File [C:/Users/lovbe/Desktop/ArcaneNomads/ArcaneNomads/Saved/Config/Windows/Scalability.ini]
[2020.03.01-17.18.50:380][  0]LogConfig: Setting CVar [[r.MotionBlurQuality:4]]
[2020.03.01-17.18.50:380][  0]LogConfig: Setting CVar [[r.AmbientOcclusionMipLevelFactor:0.4]]
[2020.03.01-17.18.50:380][  0]LogConfig: Setting CVar [[r.AmbientOcclusionMaxQuality:100]]
[2020.03.01-17.18.50:380][  0]LogConfig: Setting CVar [[r.AmbientOcclusionLevels:-1]]
[2020.03.01-17.18.50:380][  0]LogConfig: Setting CVar [[r.AmbientOcclusionRadiusScale:1.0]]
[2020.03.01-17.18.50:380][  0]LogConfig: Setting CVar [[r.DepthOfFieldQuality:2]]
[2020.03.01-17.18.50:380][  0]LogConfig: Setting CVar [[r.RenderTargetPoolMin:400]]
[2020.03.01-17.18.50:380][  0]LogConfig: Setting CVar [[r.LensFlareQuality:2]]
[2020.03.01-17.18.50:380][  0]LogConfig: Setting CVar [[r.SceneColorFringeQuality:1]]
[2020.03.01-17.18.50:380][  0]LogConfig: Setting CVar [[r.EyeAdaptationQuality:2]]
[2020.03.01-17.18.50:380][  0]LogConfig: Setting CVar [[r.BloomQuality:5]]
[2020.03.01-17.18.50:380][  0]LogConfig: Setting CVar [[r.FastBlurThreshold:100]]
[2020.03.01-17.18.50:380][  0]LogConfig: Setting CVar [[r.Upscale.Quality:3]]
[2020.03.01-17.18.50:380][  0]LogConfig: Setting CVar [[r.Tonemapper.GrainQuantization:1]]
[2020.03.01-17.18.50:380][  0]LogConfig: Setting CVar [[r.LightShaftQuality:1]]
[2020.03.01-17.18.50:380][  0]LogConfig: Setting CVar [[r.Filter.SizeScale:1]]
[2020.03.01-17.18.50:381][  0]LogConfig: Setting CVar [[r.Tonemapper.Quality:5]]
[2020.03.01-17.18.50:381][  0]LogConfig: Setting CVar [[r.DOF.Gather.AccumulatorQuality:1        ; higher gathering accumulator quality]]
[2020.03.01-17.18.50:381][  0]LogConfig: Setting CVar [[r.DOF.Gather.PostfilterMethod:1          ; Median3x3 postfilering method]]
[2020.03.01-17.18.50:381][  0]LogConfig: Setting CVar [[r.DOF.Gather.EnableBokehSettings:0       ; no bokeh simulation when gathering]]
[2020.03.01-17.18.50:381][  0]LogConfig: Setting CVar [[r.DOF.Gather.RingCount:4                 ; medium number of samples when gathering]]
[2020.03.01-17.18.50:381][  0]LogConfig: Setting CVar [[r.DOF.Scatter.ForegroundCompositing:1    ; additive foreground scattering]]
[2020.03.01-17.18.50:381][  0]LogConfig: Setting CVar [[r.DOF.Scatter.BackgroundCompositing:2    ; additive background scattering]]
[2020.03.01-17.18.50:381][  0]LogConfig: Setting CVar [[r.DOF.Scatter.EnableBokehSettings:1      ; bokeh simulation when scattering]]
[2020.03.01-17.18.50:381][  0]LogConfig: Setting CVar [[r.DOF.Scatter.MaxSpriteRatio:0.1         ; only a maximum of 10% of scattered bokeh]]
[2020.03.01-17.18.50:381][  0]LogConfig: Setting CVar [[r.DOF.Recombine.Quality:1                ; cheap slight out of focus]]
[2020.03.01-17.18.50:381][  0]LogConfig: Setting CVar [[r.DOF.Recombine.EnableBokehSettings:0    ; no bokeh simulation on slight out of focus]]
[2020.03.01-17.18.50:381][  0]LogConfig: Setting CVar [[r.DOF.TemporalAAQuality:1                ; more stable temporal accumulation]]
[2020.03.01-17.18.50:381][  0]LogConfig: Setting CVar [[r.DOF.Kernel.MaxForegroundRadius:0.025]]
[2020.03.01-17.18.50:381][  0]LogConfig: Setting CVar [[r.DOF.Kernel.MaxBackgroundRadius:0.025]]
[2020.03.01-17.18.50:381][  0]LogConfig: Applying CVar settings from Section [TextureQuality@3] File [C:/Users/lovbe/Desktop/ArcaneNomads/ArcaneNomads/Saved/Config/Windows/Scalability.ini]
[2020.03.01-17.18.50:381][  0]LogConfig: Setting CVar [[r.Streaming.MipBias:0]]
[2020.03.01-17.18.50:382][  0]LogConfig: Setting CVar [[r.Streaming.AmortizeCPUToGPUCopy:0]]
[2020.03.01-17.18.50:382][  0]LogConfig: Setting CVar [[r.Streaming.MaxNumTexturesToStreamPerFrame:0]]
[2020.03.01-17.18.50:382][  0]LogConfig: Setting CVar [[r.Streaming.Boost:1]]
[2020.03.01-17.18.50:382][  0]LogConfig: Setting CVar [[r.MaxAnisotropy:8]]
[2020.03.01-17.18.50:382][  0]LogConfig: Setting CVar [[r.VT.MaxAnisotropy:8]]
[2020.03.01-17.18.50:382][  0]LogConfig: Setting CVar [[r.Streaming.LimitPoolSizeToVRAM:0]]
[2020.03.01-17.18.50:382][  0]LogConfig: Setting CVar [[r.Streaming.PoolSize:1000]]
[2020.03.01-17.18.50:382][  0]LogConfig: Setting CVar [[r.Streaming.MaxEffectiveScreenSize:0]]
[2020.03.01-17.18.50:382][  0]LogConfig: Applying CVar settings from Section [EffectsQuality@3] File [C:/Users/lovbe/Desktop/ArcaneNomads/ArcaneNomads/Saved/Config/Windows/Scalability.ini]
[2020.03.01-17.18.50:382][  0]LogConfig: Setting CVar [[r.TranslucencyLightingVolumeDim:64]]
[2020.03.01-17.18.50:382][  0]LogConfig: Setting CVar [[r.RefractionQuality:2]]
[2020.03.01-17.18.50:382][  0]LogConfig: Setting CVar [[r.SSR.Quality:3]]
[2020.03.01-17.18.50:382][  0]LogConfig: Setting CVar [[r.SSR.HalfResSceneColor:0]]
[2020.03.01-17.18.50:382][  0]LogConfig: Setting CVar [[r.SceneColorFormat:4]]
[2020.03.01-17.18.50:382][  0]LogConfig: Setting CVar [[r.DetailMode:2]]
[2020.03.01-17.18.50:382][  0]LogConfig: Setting CVar [[r.TranslucencyVolumeBlur:1]]
[2020.03.01-17.18.50:382][  0]LogConfig: Setting CVar [[r.MaterialQualityLevel:1 ; High quality]]
[2020.03.01-17.18.50:382][  0]LogConfig: Setting CVar [[r.SSS.Scale:1]]
[2020.03.01-17.18.50:383][  0]LogConfig: Setting CVar [[r.SSS.SampleSet:2]]
[2020.03.01-17.18.50:383][  0]LogConfig: Setting CVar [[r.SSS.Quality:1]]
[2020.03.01-17.18.50:383][  0]LogConfig: Setting CVar [[r.SSS.HalfRes:1]]
[2020.03.01-17.18.50:383][  0]LogConfig: Setting CVar [[r.SSGI.Quality:3]]
[2020.03.01-17.18.50:383][  0]LogConfig: Setting CVar [[r.EmitterSpawnRateScale:1.0]]
[2020.03.01-17.18.50:383][  0]LogConfig: Setting CVar [[r.ParticleLightQuality:2]]
[2020.03.01-17.18.50:383][  0]LogConfig: Setting CVar [[r.SkyAtmosphere.AerialPerspectiveLUT.FastApplyOnOpaque:1 ; Always have FastSkyLUT 1 in this case to avoid wrong sky]]
[2020.03.01-17.18.50:383][  0]LogConfig: Setting CVar [[r.SkyAtmosphere.AerialPerspectiveLUT.SampleCountPerSlice:1]]
[2020.03.01-17.18.50:383][  0]LogConfig: Setting CVar [[r.SkyAtmosphere.AerialPerspectiveLUT.DepthResolution:16.0]]
[2020.03.01-17.18.50:383][  0]LogConfig: Setting CVar [[r.SkyAtmosphere.FastSkyLUT:1]]
[2020.03.01-17.18.50:383][  0]LogConfig: Setting CVar [[r.SkyAtmosphere.FastSkyLUT.SampleCountMin:4.0]]
[2020.03.01-17.18.50:383][  0]LogConfig: Setting CVar [[r.SkyAtmosphere.FastSkyLUT.SampleCountMax:32.0]]
[2020.03.01-17.18.50:383][  0]LogConfig: Setting CVar [[r.SkyAtmosphere.SampleCountMin:4.0]]
[2020.03.01-17.18.50:383][  0]LogConfig: Setting CVar [[r.SkyAtmosphere.SampleCountMax:32.0]]
[2020.03.01-17.18.50:383][  0]LogConfig: Setting CVar [[r.SkyAtmosphere.TransmittanceLUT.UseSmallFormat:0]]
[2020.03.01-17.18.50:383][  0]LogConfig: Setting CVar [[r.SkyAtmosphere.TransmittanceLUT.SampleCount:10.0]]
[2020.03.01-17.18.50:383][  0]LogConfig: Setting CVar [[r.SkyAtmosphere.MultiScatteringLUT.SampleCount:15.0]]
[2020.03.01-17.18.50:383][  0]LogConfig: Applying CVar settings from Section [FoliageQuality@3] File [C:/Users/lovbe/Desktop/ArcaneNomads/ArcaneNomads/Saved/Config/Windows/Scalability.ini]
[2020.03.01-17.18.50:384][  0]LogConfig: Setting CVar [[foliage.DensityScale:1.0]]
[2020.03.01-17.18.50:384][  0]LogConfig: Setting CVar [[grass.DensityScale:1.0]]
[2020.03.01-17.18.50:384][  0]LogConfig: Applying CVar settings from Section [ShadingQuality@3] File [C:/Users/lovbe/Desktop/ArcaneNomads/ArcaneNomads/Saved/Config/Windows/Scalability.ini]
[2020.03.01-17.18.50:384][  0]LogConfig: Setting CVar [[r.HairStrands.SkyLighting.SampleCount:16]]
[2020.03.01-17.18.50:384][  0]LogConfig: Setting CVar [[r.HairStrands.SkyLighting.JitterIntegration:0]]
[2020.03.01-17.18.50:384][  0]LogConfig: Setting CVar [[r.HairStrands.SkyAO.SampleCount:16]]
[2020.03.01-17.18.50:384][  0]LogConfig: Applying CVar settings from Section [Startup] File [../../../Engine/Config/ConsoleVariables.ini]
[2020.03.01-17.18.50:384][  0]LogConfig: Setting CVar [[net.UseAdaptiveNetUpdateFrequency:0]]
[2020.03.01-17.18.50:384][  0]LogConfig: Setting CVar [[p.chaos.AllowCreatePhysxBodies:1]]
[2020.03.01-17.18.50:384][  0]LogConfig: Applying CVar settings from Section [ConsoleVariables] File [C:/Users/lovbe/Desktop/ArcaneNomads/ArcaneNomads/Saved/Config/Windows/Engine.ini]
[2020.03.01-17.18.50:386][  0]LogInit: Computer: MSI
[2020.03.01-17.18.50:386][  0]LogInit: User: lovbe
[2020.03.01-17.18.50:386][  0]LogInit: CPU Page size=4096, Cores=6
[2020.03.01-17.18.50:386][  0]LogInit: High frequency timer resolution =10.000000 MHz
[2020.03.01-17.18.50:387][  0]LogMemory: Memory total: Physical=15.8GB (16GB approx)
[2020.03.01-17.18.50:387][  0]LogMemory: Platform Memory Stats for Windows
[2020.03.01-17.18.50:387][  0]LogMemory: Process Physical Memory: 106.39 MB used, 106.39 MB peak
[2020.03.01-17.18.50:387][  0]LogMemory: Process Virtual Memory: 101.22 MB used, 101.22 MB peak
[2020.03.01-17.18.50:388][  0]LogMemory: Physical Memory: 7992.42 MB used,  8233.12 MB free, 16225.54 MB total
[2020.03.01-17.18.50:388][  0]LogMemory: Virtual Memory: 5173.76 MB used,  134212552.00 MB free, 134217728.00 MB total
[2020.03.01-17.18.50:686][  0]LogWindows: WindowsPlatformFeatures enabled
[2020.03.01-17.18.51:141][  0]LogInit: Using OS detected language (en-US).
[2020.03.01-17.18.51:142][  0]LogInit: Using OS detected locale (en-SE).
[2020.03.01-17.18.51:145][  0]LogTextLocalizationManager: No specific localization for 'en-US' exists, so the 'en' localization will be used.
[2020.03.01-17.18.51:394][  0]LogInit: Setting process to per monitor DPI aware
[2020.03.01-17.18.51:512][  0]LogSlate: New Slate User Created.  User Index 0, Is Virtual User: 0
[2020.03.01-17.18.51:512][  0]LogSlate: Slate User Registered.  User Index 0, Is Virtual User: 0
[2020.03.01-17.18.53:540][  0]LogHMD: Failed to initialize OpenVR with code 110
[2020.03.01-17.18.53:540][  0]LogD3D11RHI: D3D11 min allowed feature level: 11_0
[2020.03.01-17.18.53:540][  0]LogD3D11RHI: D3D11 max allowed feature level: 11_0
[2020.03.01-17.18.53:540][  0]LogD3D11RHI: D3D11 adapters:
[2020.03.01-17.18.53:653][  0]LogD3D11RHI:    0. 'NVIDIA GeForce RTX 2070 with Max-Q Design' (Feature Level 11_0)
[2020.03.01-17.18.53:653][  0]LogD3D11RHI:       8031/0/8112 MB DedicatedVideo/DedicatedSystem/SharedSystem, Outputs:1, VendorId:0x10de
[2020.03.01-17.18.53:682][  0]LogD3D11RHI:    1. 'Intel(R) UHD Graphics 630' (Feature Level 11_0)
[2020.03.01-17.18.53:682][  0]LogD3D11RHI:       128/0/8112 MB DedicatedVideo/DedicatedSystem/SharedSystem, Outputs:0, VendorId:0x8086
[2020.03.01-17.18.53:688][  0]LogD3D11RHI:    2. 'Microsoft Basic Render Driver' (Feature Level 11_0)
[2020.03.01-17.18.53:688][  0]LogD3D11RHI:       0/0/8112 MB DedicatedVideo/DedicatedSystem/SharedSystem, Outputs:0, VendorId:0x1414
[2020.03.01-17.18.53:688][  0]LogD3D11RHI: Chosen D3D11 Adapter: 0
[2020.03.01-17.18.53:725][  0]LogD3D11RHI: Creating new Direct3DDevice
[2020.03.01-17.18.53:725][  0]LogD3D11RHI:     GPU DeviceId: 0x1f10 (for the marketing name, search the web for "GPU Device Id")
[2020.03.01-17.18.53:725][  0]LogWindows: EnumDisplayDevices:
[2020.03.01-17.18.53:726][  0]LogWindows:    0. 'Intel(R) UHD Graphics 630' (P:1 D:1)
[2020.03.01-17.18.53:726][  0]LogWindows:    1. 'Intel(R) UHD Graphics 630' (P:0 D:0)
[2020.03.01-17.18.53:726][  0]LogWindows:    2. 'Intel(R) UHD Graphics 630' (P:0 D:0)
[2020.03.01-17.18.53:727][  0]LogWindows:    3. 'NVIDIA GeForce RTX 2070 with Max-Q Design' (P:0 D:0)
[2020.03.01-17.18.53:727][  0]LogWindows:    4. 'NVIDIA GeForce RTX 2070 with Max-Q Design' (P:0 D:0)
[2020.03.01-17.18.53:727][  0]LogWindows:    5. 'NVIDIA GeForce RTX 2070 with Max-Q Design' (P:0 D:0)
[2020.03.01-17.18.53:728][  0]LogWindows:    6. 'NVIDIA GeForce RTX 2070 with Max-Q Design' (P:0 D:0)
[2020.03.01-17.18.53:728][  0]LogWindows: DebugString: PrimaryIsNotTheChoosenAdapter PrimaryIsNotTheChoosenAdapter PrimaryIsNotTheChoosenAdapter FoundDriverCount:4 
[2020.03.01-17.18.53:728][  0]LogD3D11RHI:     Adapter Name: NVIDIA GeForce RTX 2070 with Max-Q Design
[2020.03.01-17.18.53:728][  0]LogD3D11RHI:   Driver Version: 442.50 (internal:26.21.14.4250, unified:442.50)
[2020.03.01-17.18.53:728][  0]LogD3D11RHI:      Driver Date: 2-24-2020
[2020.03.01-17.18.53:728][  0]LogRHI: Texture pool is 5621 MB (70% of 8031 MB)
[2020.03.01-17.18.53:783][  0]LogD3D11RHI: RHI has support for 64 bit atomics
[2020.03.01-17.18.53:784][  0]LogD3D11RHI: Async texture creation enabled
[2020.03.01-17.18.53:812][  0]LogD3D11RHI: GPU Timing Frequency: 1000.000000 (Debug: 2 1)
[2020.03.01-17.19.07:375][  0]LogTargetPlatformManager: Display: Loaded TargetPlatform 'AllDesktop'
[2020.03.01-17.19.07:410][  0]LogTargetPlatformManager: Display: Loaded TargetPlatform 'Android'
[2020.03.01-17.19.07:411][  0]LogTargetPlatformManager: Display: Loaded TargetPlatform 'Android_ASTC'
[2020.03.01-17.19.07:411][  0]LogTargetPlatformManager: Display: Loaded TargetPlatform 'Android_ATC'
[2020.03.01-17.19.07:411][  0]LogTargetPlatformManager: Display: Loaded TargetPlatform 'Android_DXT'
[2020.03.01-17.19.07:411][  0]LogTargetPlatformManager: Display: Loaded TargetPlatform 'Android_ETC1'
[2020.03.01-17.19.07:411][  0]LogTargetPlatformManager: Display: Loaded TargetPlatform 'Android_ETC1a'
[2020.03.01-17.19.07:411][  0]LogTargetPlatformManager: Display: Loaded TargetPlatform 'Android_ETC2'
[2020.03.01-17.19.07:411][  0]LogTargetPlatformManager: Display: Loaded TargetPlatform 'Android_PVRTC'
[2020.03.01-17.19.07:411][  0]LogTargetPlatformManager: Display: Loaded TargetPlatform 'AndroidClient'
[2020.03.01-17.19.07:411][  0]LogTargetPlatformManager: Display: Loaded TargetPlatform 'Android_ASTCClient'
[2020.03.01-17.19.07:412][  0]LogTargetPlatformManager: Display: Loaded TargetPlatform 'Android_ATCClient'
[2020.03.01-17.19.07:412][  0]LogTargetPlatformManager: Display: Loaded TargetPlatform 'Android_DXTClient'
[2020.03.01-17.19.07:412][  0]LogTargetPlatformManager: Display: Loaded TargetPlatform 'Android_ETC1Client'
[2020.03.01-17.19.07:412][  0]LogTargetPlatformManager: Display: Loaded TargetPlatform 'Android_ETC1aClient'
[2020.03.01-17.19.07:412][  0]LogTargetPlatformManager: Display: Loaded TargetPlatform 'Android_ETC2Client'
[2020.03.01-17.19.07:412][  0]LogTargetPlatformManager: Display: Loaded TargetPlatform 'Android_PVRTCClient'
[2020.03.01-17.19.07:412][  0]LogTargetPlatformManager: Display: Loaded TargetPlatform 'Android_Multi'
[2020.03.01-17.19.07:412][  0]LogTargetPlatformManager: Display: Loaded TargetPlatform 'Android_MultiClient'
[2020.03.01-17.19.07:447][  0]LogTargetPlatformManager: Display: Loaded TargetPlatform 'IOSClient'
[2020.03.01-17.19.07:447][  0]LogTargetPlatformManager: Display: Loaded TargetPlatform 'IOS'
[2020.03.01-17.19.07:456][  0]LogTargetPlatformManager: Display: Loaded TargetPlatform 'LinuxNoEditor'
[2020.03.01-17.19.07:466][  0]LogTargetPlatformManager: Display: Loaded TargetPlatform 'LinuxClient'
[2020.03.01-17.19.07:475][  0]LogTargetPlatformManager: Display: Loaded TargetPlatform 'LinuxServer'
[2020.03.01-17.19.07:484][  0]LogTargetPlatformManager: Display: Loaded TargetPlatform 'LinuxAArch64NoEditor'
[2020.03.01-17.19.07:493][  0]LogTargetPlatformManager: Display: Loaded TargetPlatform 'LinuxAArch64Client'
[2020.03.01-17.19.07:502][  0]LogTargetPlatformManager: Display: Loaded TargetPlatform 'LinuxAArch64Server'
[2020.03.01-17.19.07:529][  0]LogTargetPlatformManager: Display: Loaded TargetPlatform 'Lumin'
[2020.03.01-17.19.07:529][  0]LogTargetPlatformManager: Display: Loaded TargetPlatform 'LuminClient'
[2020.03.01-17.19.07:543][  0]LogTargetPlatformManager: Display: Loaded TargetPlatform 'TVOSClient'
[2020.03.01-17.19.07:543][  0]LogTargetPlatformManager: Display: Loaded TargetPlatform 'TVOS'
[2020.03.01-17.19.07:557][  0]LogTargetPlatformManager: Display: Loaded TargetPlatform 'WindowsNoEditor'
[2020.03.01-17.19.07:567][  0]LogTargetPlatformManager: Display: Loaded TargetPlatform 'Windows'
[2020.03.01-17.19.07:576][  0]LogTargetPlatformManager: Display: Loaded TargetPlatform 'WindowsClient'
[2020.03.01-17.19.07:586][  0]LogTargetPlatformManager: Display: Loaded TargetPlatform 'WindowsServer'
[2020.03.01-17.19.07:587][  0]LogTargetPlatformManager: Display: Building Assets For Windows
[2020.03.01-17.19.07:623][  0]LogAudioDebug: Display: Lib vorbis DLL was dynamically loaded.
[2020.03.01-17.19.07:726][  0]LogShaderCompilers: Guid format shader working directory is -17 characters bigger than the processId version (../../../../../../Users/lovbe/Desktop/ArcaneNomads/ArcaneNomads/Intermediate/Shaders/WorkingDirectory/8364/).
[2020.03.01-17.19.07:726][  0]LogShaderCompilers: Cleaned the shader compiler working directory 'C:/Users/lovbe/AppData/Local/Temp/UnrealShaderWorkingDir/4E6A94BF4D781DBF237614A9D5D6A50B/'.
[2020.03.01-17.19.07:728][  0]LogXGEController: Cleaning working directory: C:/Users/lovbe/AppData/Local/Temp/UnrealXGEWorkingDir/
[2020.03.01-17.19.07:728][  0]LogXGEController: Cannot use XGE Controller as Incredibuild is not installed on this machine.
[2020.03.01-17.19.07:729][  0]LogShaderCompilers: Cannot use XGE Shader Compiler as Incredibuild is not installed on this machine.
[2020.03.01-17.19.07:729][  0]LogShaderCompilers: Display: Using Local Shader Compiler.
[2020.03.01-17.19.09:958][  0]LogDerivedDataCache: Display: Max Cache Size: 512 MB
[2020.03.01-17.19.10:054][  0]LogDerivedDataCache: Loaded boot cache 0.09s 78MB C:/Users/lovbe/AppData/Local/UnrealEngine/4.24/DerivedDataCache/Boot.ddc.
[2020.03.01-17.19.10:054][  0]LogDerivedDataCache: Display: Loaded Boot cache: C:/Users/lovbe/AppData/Local/UnrealEngine/4.24/DerivedDataCache/Boot.ddc
[2020.03.01-17.19.10:054][  0]LogDerivedDataCache: FDerivedDataBackendGraph:  Pak pak cache file ../../../../../../Users/lovbe/Desktop/ArcaneNomads/ArcaneNomads/DerivedDataCache/DDC.ddp not found, will not use a pak cache.
[2020.03.01-17.19.10:055][  0]LogDerivedDataCache: Unable to find inner node Pak for hierarchical cache Hierarchy.
[2020.03.01-17.19.10:055][  0]LogDerivedDataCache: FDerivedDataBackendGraph:  CompressedPak pak cache file ../../../../../../Users/lovbe/Desktop/ArcaneNomads/ArcaneNomads/DerivedDataCache/Compressed.ddp not found, will not use a pak cache.
[2020.03.01-17.19.10:055][  0]LogDerivedDataCache: Unable to find inner node CompressedPak for hierarchical cache Hierarchy.
[2020.03.01-17.19.10:073][  0]LogDerivedDataCache: Display: Pak cache opened for reading ../../../Engine/DerivedDataCache/Compressed.ddp.
[2020.03.01-17.19.10:073][  0]LogDerivedDataCache: FDerivedDataBackendGraph:  EnterprisePak pak cache file ../../../Enterprise/DerivedDataCache/Compressed.ddp not found, will not use a pak cache.
[2020.03.01-17.19.10:073][  0]LogDerivedDataCache: Unable to find inner node EnterprisePak for hierarchical cache Hierarchy.
[2020.03.01-17.19.10:076][  0]LogDerivedDataCache: Using Local data cache path C:/Users/lovbe/AppData/Local/UnrealEngine/Common/DerivedDataCache: Writable
[2020.03.01-17.19.10:076][  0]LogDerivedDataCache: Shared data cache path not found in *engine.ini, will not use an Shared cache.
[2020.03.01-17.19.10:076][  0]LogDerivedDataCache: Unable to find inner node Shared for hierarchical cache Hierarchy.
[2020.03.01-17.19.10:102][  0]LogMaterial: Verifying Global Shaders for PCD3D_SM5
[2020.03.01-17.19.10:110][  0]LogSlate: Using FreeType 2.10.0
[2020.03.01-17.19.10:127][  0]LogSlate: SlateFontServices - WITH_FREETYPE: 1, WITH_HARFBUZZ: 1
[2020.03.01-17.19.10:326][  0]LogAssetRegistry: FAssetRegistry took 0.0085 seconds to start up
[2020.03.01-17.19.10:745][  0]LogInit: Selected Device Profile: [Windows]
[2020.03.01-17.19.11:057][  0]LogMeshReduction: Using QuadricMeshReduction for automatic static mesh reduction
[2020.03.01-17.19.11:057][  0]LogMeshReduction: Using SimplygonMeshReduction for automatic skeletal mesh reduction
[2020.03.01-17.19.11:057][  0]LogMeshReduction: Using ProxyLODMeshReduction for automatic mesh merging
[2020.03.01-17.19.11:057][  0]LogMeshReduction: No distributed automatic mesh merging module available
[2020.03.01-17.19.11:057][  0]LogMeshMerging: No distributed automatic mesh merging module available
[2020.03.01-17.19.11:106][  0]LogNetVersion: ArcaneNomads 1.0.0, NetCL: 10570792, EngineNetVer: 13, GameNetVer: 0 (Checksum: 4070800832)
[2020.03.01-17.19.14:212][  0]LogPackageLocalizationCache: Processed 10 localized package path(s) for 1 prioritized culture(s) in 0.043134 seconds
[2020.03.01-17.19.14:219][  0]LogUObjectArray: 46746 objects as part of root set at end of initial load.
[2020.03.01-17.19.14:219][  0]LogUObjectAllocator: 8135816 out of 0 bytes used by permanent object pool.
[2020.03.01-17.19.14:219][  0]LogUObjectArray: CloseDisregardForGC: 0/0 objects in disregard for GC pool
[2020.03.01-17.19.15:133][  0]LogTcpMessaging: Initializing TcpMessaging bridge
[2020.03.01-17.19.15:142][  0]LogUdpMessaging: Initializing bridge on interface 0.0.0.0:0 to multicast group 230.0.0.1:6666.
[2020.03.01-17.19.15:293][  0]SourceControl: Source control is disabled
[2020.03.01-17.19.15:294][  0]SourceControl: Source control is disabled
[2020.03.01-17.19.15:303][  0]SourceControl: Source control is disabled
[2020.03.01-17.19.15:308][  0]SourceControl: Source control is disabled
[2020.03.01-17.19.15:312][  0]SourceControl: Source control is disabled
[2020.03.01-17.19.15:520][  0]LogAndroidPermission: UAndroidPermissionCallbackProxy::GetInstance
[2020.03.01-17.19.15:543][  0]LogAudioCaptureCore: Display: No Audio Capture implementations found. Audio input will be silent.
[2020.03.01-17.19.15:544][  0]LogAudioCaptureCore: Display: No Audio Capture implementations found. Audio input will be silent.
[2020.03.01-17.19.15:701][  0]LogOcInput: OculusInput pre-init called
[2020.03.01-17.19.15:713][  0]LogWindows: Failed to load 'OVRPlugin.dll' (GetLastError=126)
[2020.03.01-17.19.15:714][  0]LogWindows: File 'OVRPlugin.dll' does not exist
[2020.03.01-17.19.15:866][  0]LogEngine: Initializing Engine...
[2020.03.01-17.19.15:867][  0]LogHMD: Failed to initialize OpenVR with code 110
[2020.03.01-17.19.15:872][  0]LogStats: UGameplayTagsManager::InitializeManager -  0.002 s
[2020.03.01-17.19.16:327][  0]LogInit: Initializing FReadOnlyCVARCache
[2020.03.01-17.19.16:372][  0]LogAIModule: Creating AISystem for world Untitled
[2020.03.01-17.19.16:386][  0]LogAudioMixer: Display: Audio Mixer Platform Settings:
[2020.03.01-17.19.16:386][  0]LogAudioMixer: Display: 	Sample Rate:						  48000
[2020.03.01-17.19.16:386][  0]LogAudioMixer: Display: 	Callback Buffer Frame Size Requested: 1024
[2020.03.01-17.19.16:386][  0]LogAudioMixer: Display: 	Callback Buffer Frame Size To Use:	  1024
[2020.03.01-17.19.16:386][  0]LogAudioMixer: Display: 	Number of buffers to queue:			  2
[2020.03.01-17.19.16:386][  0]LogAudioMixer: Display: 	Max Channels (voices):				  32
[2020.03.01-17.19.16:386][  0]LogAudioMixer: Display: 	Number of Async Source Workers:		  0
[2020.03.01-17.19.16:387][  0]LogAudio: Display: AudioDevice MaxSources: 32
[2020.03.01-17.19.16:388][  0]LogAudio: Display: Using built-in audio occlusion.
[2020.03.01-17.19.16:389][  0]LogAudioMixer: Display: Initializing audio mixer.
[2020.03.01-17.19.16:497][  0]LogAudioMixer: Display: Audio Device Output Speaker Info:
[2020.03.01-17.19.16:497][  0]LogAudioMixer: Display: Name: Speakers (Realtek(R) Audio)
[2020.03.01-17.19.16:497][  0]LogAudioMixer: Display: Is Default: Yes
[2020.03.01-17.19.16:497][  0]LogAudioMixer: Display: Sample Rate: 192000
[2020.03.01-17.19.16:497][  0]LogAudioMixer: Display: Channel Count Used: 8
[2020.03.01-17.19.16:497][  0]LogAudioMixer: Display: Device Channel Count: 8
[2020.03.01-17.19.16:497][  0]LogAudioMixer: Display: Channel Order:
[2020.03.01-17.19.16:498][  0]LogAudioMixer: Display: 0: FrontLeft
[2020.03.01-17.19.16:498][  0]LogAudioMixer: Display: 1: FrontRight
[2020.03.01-17.19.16:498][  0]LogAudioMixer: Display: 2: FrontCenter
[2020.03.01-17.19.16:498][  0]LogAudioMixer: Display: 3: LowFrequency
[2020.03.01-17.19.16:498][  0]LogAudioMixer: Display: 4: BackLeft
[2020.03.01-17.19.16:498][  0]LogAudioMixer: Display: 5: BackRight
[2020.03.01-17.19.16:498][  0]LogAudioMixer: Display: 6: SideLeft
[2020.03.01-17.19.16:498][  0]LogAudioMixer: Display: 7: SideRight
[2020.03.01-17.19.16:659][  0]LogAudioMixer: Display: Using Audio Device Speakers (Realtek(R) Audio)
[2020.03.01-17.19.16:666][  0]LogInit: FAudioDevice initialized.
[2020.03.01-17.19.16:667][  0]LogNetVersion: Set ProjectVersion to 1.0.0.0. Version Checksum will be recalculated on next use.
[2020.03.01-17.19.16:708][  0]LogDerivedDataCache: Saved boot cache 0.04s 78MB C:/Users/lovbe/AppData/Local/UnrealEngine/4.24/DerivedDataCache/Boot.ddc.
[2020.03.01-17.19.16:719][  0]LogInit: Texture streaming: Enabled
[2020.03.01-17.19.16:741][  0]LogEngineSessionManager: EngineSessionManager initialized
[2020.03.01-17.19.16:741][  0]LogEditorSessionSummary: Verbose: Initializing EditorSessionSummaryWriter for editor session tracking
[2020.03.01-17.19.16:743][  0]LogEditorSessionSummary: EditorSessionSummaryWriter initialized
[2020.03.01-17.19.16:757][  0]LogLiveCoding: Display: Starting LiveCoding
[2020.03.01-17.19.18:086][  0]LogLiveCoding: Display: First instance in process group "UE4_ArcaneNomads_0x4a2d3e38", spawning console
[2020.03.01-17.19.18:086][  0]LogLiveCoding: Display: Waiting for server
[2020.03.01-17.19.18:086][  0]LogLiveCoding: Display: Successfully initialized, removing startup thread
[2020.03.01-17.19.18:136][  0]LogInit: Transaction tracking system initialized
[2020.03.01-17.19.18:183][  0]BlueprintLog: New page: Editor Load
[2020.03.01-17.19.18:316][  0]LocalizationService: Localization service is disabled
[2020.03.01-17.19.18:889][  0]LogFileCache: Scanning file cache for directory 'C:/Users/lovbe/Desktop/ArcaneNomads/ArcaneNomads/Content/' took 0.01s
[2020.03.01-17.19.18:889][  0]LogCook: Display: Max memory allowance for cook 16384mb min free memory 0mb
[2020.03.01-17.19.18:889][  0]LogCook: Display: Mobile HDR setting 1
[2020.03.01-17.19.19:710][  0]SourceControl: Source control is disabled
[2020.03.01-17.19.19:711][  0]Cmd: MAP LOAD FILE="../../../../../../Users/lovbe/Desktop/ArcaneNomads/ArcaneNomads/Content/_UnrealAssets/ThirdPersonCPP/Maps/ThirdPersonExampleMap.umap" TEMPLATE=0 SHOWPROGRESS=1 FEATURELEVEL=3
[2020.03.01-17.19.19:717][  0]LightingResults: New page: Lighting Build
[2020.03.01-17.19.19:727][  0]LogWorld: UWorld::CleanupWorld for Untitled, bSessionEnded=true, bCleanupResources=true
[2020.03.01-17.19.19:729][  0]LogSlate: InvalidateAllWidgets triggered.  All widgets were invalidated
[2020.03.01-17.19.19:730][  0]MapCheck: New page: Map Check
[2020.03.01-17.19.19:731][  0]LightingResults: New page: Lighting Build
[2020.03.01-17.19.19:778][  0]LogUObjectHash: Compacting FUObjectHashTables data took   1.42ms
[2020.03.01-17.19.20:970][  0]LogAIModule: Creating AISystem for world ThirdPersonExampleMap
[2020.03.01-17.19.21:063][  0]LogEditorServer: Finished looking for orphan Actors (0.000 secs)
[2020.03.01-17.19.21:114][  0]LogUObjectHash: Compacting FUObjectHashTables data took   2.22ms
[2020.03.01-17.19.21:116][  0]Cmd: MAP CHECKDEP NOCLEARLOG
[2020.03.01-17.19.21:117][  0]MapCheck: Map check complete: 0 Error(s), 0 Warning(s), took 0,846ms to complete.
[2020.03.01-17.19.21:118][  0]LogFileHelpers: Loading map 'ThirdPersonExampleMap' took 1.408
[2020.03.01-17.19.21:375][  0]LogSlate: Updating window title bar state: overlay mode, drag disabled, window buttons hidden, title bar hidden
[2020.03.01-17.19.21:383][  0]LogSlate: Updating window title bar state: overlay mode, drag disabled, window buttons hidden, title bar hidden
[2020.03.01-17.19.21:389][  0]LogSlate: Updating window title bar state: overlay mode, drag disabled, window buttons hidden, title bar hidden
[2020.03.01-17.19.21:395][  0]LogSlate: Updating window title bar state: overlay mode, drag disabled, window buttons hidden, title bar hidden
[2020.03.01-17.19.21:420][  0]LogCollectionManager: Loaded 0 collections in 0.001777 seconds
[2020.03.01-17.19.21:467][  0]LogFileCache: Scanning file cache for directory 'C:/Users/lovbe/Desktop/ArcaneNomads/ArcaneNomads/Saved/Collections/' took 0.00s
[2020.03.01-17.19.21:467][  0]LogFileCache: Scanning file cache for directory 'C:/Users/lovbe/Desktop/ArcaneNomads/ArcaneNomads/Content/Developers/lovbe/Collections/' took 0.00s
[2020.03.01-17.19.21:467][  0]LogFileCache: Scanning file cache for directory 'C:/Users/lovbe/Desktop/ArcaneNomads/ArcaneNomads/Content/Collections/' took 0.00s
[2020.03.01-17.19.21:467][  0]LogContentBrowser: Native class hierarchy populated in 0.0115 seconds. Added 3028 classes and 723 folders.
[2020.03.01-17.19.21:487][  0]LogContentBrowser: Native class hierarchy updated for 'WidgetCarousel' in 0.0003 seconds. Added 0 classes and 0 folders.
[2020.03.01-17.19.21:813][  0]LogContentBrowser: Native class hierarchy updated for 'AddContentDialog' in 0.0003 seconds. Added 0 classes and 0 folders.
[2020.03.01-17.19.21:826][  0]LogContentBrowser: Native class hierarchy updated for 'SceneOutliner' in 0.0003 seconds. Added 2 classes and 3 folders.
[2020.03.01-17.19.21:950][  0]LogSlate: Took 0.000122 seconds to synchronously load lazily loaded font '../../../Engine/Content/Slate/Fonts/Roboto-Regular.ttf' (155K)
[2020.03.01-17.19.21:958][  0]LogSlate: Took 0.004886 seconds to synchronously load lazily loaded font '../../../Engine/Content/Slate/Fonts/Roboto-Bold.ttf' (160K)
[2020.03.01-17.19.21:971][  0]LogSlate: Took 0.005484 seconds to synchronously load lazily loaded font '../../../Engine/Content/Editor/Slate/Fonts/FontAwesome.ttf' (139K)
[2020.03.01-17.19.22:112][  0]LogRenderer: Reallocating scene render targets to support 964x472 Format 10 NumSamples 1 (Frame:1).
[2020.03.01-17.19.22:255][  0]LogContentBrowser: Native class hierarchy updated for 'HierarchicalLODOutliner' in 0.0005 seconds. Added 0 classes and 0 folders.
[2020.03.01-17.19.22:255][  0]LogLoad: (Engine Initialization) Total time: 34.15 seconds
[2020.03.01-17.19.22:255][  0]LogLoad: (Engine Initialization) Total Blueprint compile time: 0.00 seconds
[2020.03.01-17.19.22:465][  0]LogContentStreaming: Texture pool size now 1000 MB
[2020.03.01-17.19.22:515][  0]LogSlate: Took 0.005087 seconds to synchronously load lazily loaded font '../../../Engine/Content/Slate/Fonts/Roboto-Light.ttf' (167K)
[2020.03.01-17.19.23:249][ 11]LogAssetRegistry: Asset discovery search completed in 12.9270 seconds
[2020.03.01-17.19.23:253][ 11]LogCollectionManager: Fixed up redirectors for 0 collections in 0.000224 seconds (updated 0 objects)
[2020.03.01-17.19.40:372][ 30]LogEditorViewport: Clicking on Actor (LMB): BP_WeaponPickUp_C (BP_WeaponPickUp)
[2020.03.01-17.19.43:100][187]LogSlate: Took 0.000102 seconds to synchronously load lazily loaded font '../../../Engine/Content/Slate/Fonts/Roboto-Light.ttf' (167K)
[2020.03.01-17.19.43:121][187]LogAssetEditorSubsystem: Opening Asset editor for Blueprint /Game/ArcaneNomads/Placeables/BP_WeaponPickUp.BP_WeaponPickUp
[2020.03.01-17.19.43:270][187]LogContentBrowser: Native class hierarchy updated for 'BlueprintGraph' in 0.0008 seconds. Added 121 classes and 0 folders.
[2020.03.01-17.19.44:060][187]LogSlate: Took 0.004129 seconds to synchronously load lazily loaded font '../../../Engine/Content/Slate/Fonts/Roboto-BoldCondensed.ttf' (158K)
[2020.03.01-17.19.44:146][188]LogSlate: Took 0.004391 seconds to synchronously load lazily loaded font '../../../Engine/Content/Slate/Fonts/Roboto-Italic.ttf' (157K)
[2020.03.01-17.19.54:636][797]BlueprintLog: New page: Compile BP_WeaponPickUp
[2020.03.01-17.19.54:872][797]LogUObjectHash: Compacting FUObjectHashTables data took   3.00ms
[2020.03.01-17.19.54:996][797]LogSavePackage: Moving '../../../../../../Users/lovbe/Desktop/ArcaneNomads/ArcaneNomads/Saved/BP_WeaponPickUp3EDE86AA446774D12D4D0F896AE92A4D.tmp' to '../../../../../../Users/lovbe/Desktop/ArcaneNomads/ArcaneNomads/Content/ArcaneNomads/Placeables/BP_WeaponPickUp.uasset'
[2020.03.01-17.19.55:022][797]AssetCheck: New page: Asset Save: BP_WeaponPickUp
[2020.03.01-17.19.55:022][797]LogContentValidation: Display: Validating Blueprint /Game/ArcaneNomads/Placeables/BP_WeaponPickUp.BP_WeaponPickUp
[2020.03.01-17.19.55:408][816]LogSavePackage: Moving '../../../../../../Users/lovbe/Desktop/ArcaneNomads/ArcaneNomads/Saved/BP_WeaponPickUpF0BABBE74772D39060F091AAA13DCBA0.tmp' to '../../../../../../Users/lovbe/Desktop/ArcaneNomads/ArcaneNomads/Content/ArcaneNomads/Placeables/BP_WeaponPickUp.uasset'
[2020.03.01-17.19.55:423][816]AssetCheck: New page: Asset Save: BP_WeaponPickUp
[2020.03.01-17.19.55:424][816]LogContentValidation: Display: Validating Blueprint /Game/ArcaneNomads/Placeables/BP_WeaponPickUp.BP_WeaponPickUp
[2020.03.01-17.19.56:738][895]LogTemp: Repeating last play command: Selected Viewport
[2020.03.01-17.19.56:754][895]LogBlueprintUserMessages: Early PlayInEditor Detection: Level '/Game/_UnrealAssets/ThirdPersonCPP/Maps/ThirdPersonExampleMap.ThirdPersonExampleMap:PersistentLevel' has LevelScriptBlueprint '/Game/_UnrealAssets/ThirdPersonCPP/Maps/ThirdPersonExampleMap.ThirdPersonExampleMap:PersistentLevel.ThirdPersonExampleMap' with GeneratedClass '/Game/_UnrealAssets/ThirdPersonCPP/Maps/ThirdPersonExampleMap.ThirdPersonExampleMap_C' with ClassGeneratedBy '/Game/_UnrealAssets/ThirdPersonCPP/Maps/ThirdPersonExampleMap.ThirdPersonExampleMap:PersistentLevel.ThirdPersonExampleMap'
[2020.03.01-17.19.56:757][895]LogPlayLevel: PlayLevel: No blueprints needed recompiling
[2020.03.01-17.19.56:761][895]PIE: New page: PIE session: ThirdPersonExampleMap (1 Mar 2020, 19:19:56)
[2020.03.01-17.19.56:766][895]LogOnline: OSS: Creating online subsystem instance for: NULL
[2020.03.01-17.19.56:767][895]LogOnline: OSS: TryLoadSubsystemAndSetDefault: Loaded subsystem for module [NULL]
[2020.03.01-17.19.56:768][895]LogPlayLevel: Creating play world package: /Game/_UnrealAssets/ThirdPersonCPP/Maps/UEDPIE_0_ThirdPersonExampleMap
[2020.03.01-17.19.56:783][895]LogPlayLevel: PIE: StaticDuplicateObject took: (0.014391s)
[2020.03.01-17.19.56:784][895]LogAIModule: Creating AISystem for world ThirdPersonExampleMap
[2020.03.01-17.19.56:785][895]LogPlayLevel: PIE: World Init took: (0.001631s)
[2020.03.01-17.19.56:785][895]LogPlayLevel: PIE: Created PIE world by copying editor world from /Game/_UnrealAssets/ThirdPersonCPP/Maps/ThirdPersonExampleMap.ThirdPersonExampleMap to /Game/_UnrealAssets/ThirdPersonCPP/Maps/UEDPIE_0_ThirdPersonExampleMap.ThirdPersonExampleMap (0.016681s)
[2020.03.01-17.19.56:818][895]LogUObjectHash: Compacting FUObjectHashTables data took   2.70ms
[2020.03.01-17.19.56:829][895]LogAudioMixer: Display: Audio Mixer Platform Settings:
[2020.03.01-17.19.56:829][895]LogAudioMixer: Display: 	Sample Rate:						  48000
[2020.03.01-17.19.56:829][895]LogAudioMixer: Display: 	Callback Buffer Frame Size Requested: 1024
[2020.03.01-17.19.56:829][895]LogAudioMixer: Display: 	Callback Buffer Frame Size To Use:	  1024
[2020.03.01-17.19.56:829][895]LogAudioMixer: Display: 	Number of buffers to queue:			  2
[2020.03.01-17.19.56:829][895]LogAudioMixer: Display: 	Max Channels (voices):				  32
[2020.03.01-17.19.56:830][895]LogAudioMixer: Display: 	Number of Async Source Workers:		  0
[2020.03.01-17.19.56:830][895]LogAudio: Display: AudioDevice MaxSources: 32
[2020.03.01-17.19.56:830][895]LogAudio: Display: Using built-in audio occlusion.
[2020.03.01-17.19.56:830][895]LogAudioMixer: Display: Initializing audio mixer.
[2020.03.01-17.19.56:837][895]LogAudioMixer: Display: Audio Device Output Speaker Info:
[2020.03.01-17.19.56:837][895]LogAudioMixer: Display: Name: Speakers (Realtek(R) Audio)
[2020.03.01-17.19.56:837][895]LogAudioMixer: Display: Is Default: Yes
[2020.03.01-17.19.56:837][895]LogAudioMixer: Display: Sample Rate: 192000
[2020.03.01-17.19.56:837][895]LogAudioMixer: Display: Channel Count Used: 8
[2020.03.01-17.19.56:837][895]LogAudioMixer: Display: Device Channel Count: 8
[2020.03.01-17.19.56:837][895]LogAudioMixer: Display: Channel Order:
[2020.03.01-17.19.56:837][895]LogAudioMixer: Display: 0: FrontLeft
[2020.03.01-17.19.56:838][895]LogAudioMixer: Display: 1: FrontRight
[2020.03.01-17.19.56:838][895]LogAudioMixer: Display: 2: FrontCenter
[2020.03.01-17.19.56:838][895]LogAudioMixer: Display: 3: LowFrequency
[2020.03.01-17.19.56:838][895]LogAudioMixer: Display: 4: BackLeft
[2020.03.01-17.19.56:838][895]LogAudioMixer: Display: 5: BackRight
[2020.03.01-17.19.56:838][895]LogAudioMixer: Display: 6: SideLeft
[2020.03.01-17.19.56:838][895]LogAudioMixer: Display: 7: SideRight
[2020.03.01-17.19.56:846][895]LogAudioMixer: Display: Using Audio Device Speakers (Realtek(R) Audio)
[2020.03.01-17.19.56:850][895]LogInit: FAudioDevice initialized.
[2020.03.01-17.19.56:959][895]LogLoad: Game class is 'BP_GameMode_Default_C'
[2020.03.01-17.19.56:968][895]LogWorld: Bringing World /Game/_UnrealAssets/ThirdPersonCPP/Maps/UEDPIE_0_ThirdPersonExampleMap.ThirdPersonExampleMap up for play (max tick rate 60) at 2020.03.01-18.19.56
[2020.03.01-17.19.56:980][895]LogWorld: Bringing up level for play took: 0.014380
[2020.03.01-17.19.56:981][895]LogOnline: OSS: Creating online subsystem instance for: :Context_5
[2020.03.01-17.19.56:995][895]LogContentBrowser: Native class hierarchy updated for 'MovieSceneCapture' in 0.0003 seconds. Added 20 classes and 0 folders.
[2020.03.01-17.19.56:997][895]LogOutputDevice: Warning: 

Script Stack (0 frames):

[2020.03.01-17.19.56:998][895]LogOutputDevice: Error: Ensure condition failed: Component->HasBegunPlay() [File:D:/Build/++UE4/Sync/Engine/Source/Runtime/Engine/Private/Actor.cpp] [Line: 3457] 
Failed to route BeginPlay (HealthComponent /Game/_UnrealAssets/ThirdPersonCPP/Maps/UEDPIE_0_ThirdPersonExampleMap.ThirdPersonExampleMap:PersistentLevel.BP_HitTarget2_5.Health)

[2020.03.01-17.19.56:998][895]LogStats:             FDebug::EnsureFailed -  0.000 s
[2020.03.01-17.19.59:159][895]LogBlueprintUserMessages: [BP_Zombie2_5] WBP_Crosshair_C_0
[2020.03.01-17.19.59:160][895]LogBlueprintUserMessages: [BP_Zombie3_8] WBP_Crosshair_C_1
[2020.03.01-17.19.59:161][895]LogBlueprintUserMessages: [BP_Zombie_2] WBP_Crosshair_C_2
[2020.03.01-17.19.59:164][895]LogBlueprintUserMessages: [BP_Player_C_0] WBP_Crosshair_C_3
[2020.03.01-17.19.59:166][895]LogTemp: Warning: CharacterMesh0
[2020.03.01-17.19.59:166][895]PIE: Play in editor start time for /Game/_UnrealAssets/ThirdPersonCPP/Maps/UEDPIE_0_ThirdPersonExampleMap 1,617
[2020.03.01-17.19.59:166][895]LogBlueprintUserMessages: Late PlayInEditor Detection: Level '/Game/_UnrealAssets/ThirdPersonCPP/Maps/ThirdPersonExampleMap.ThirdPersonExampleMap:PersistentLevel' has LevelScriptBlueprint '/Game/_UnrealAssets/ThirdPersonCPP/Maps/ThirdPersonExampleMap.ThirdPersonExampleMap:PersistentLevel.ThirdPersonExampleMap' with GeneratedClass '/Game/_UnrealAssets/ThirdPersonCPP/Maps/ThirdPersonExampleMap.ThirdPersonExampleMap_C' with ClassGeneratedBy '/Game/_UnrealAssets/ThirdPersonCPP/Maps/ThirdPersonExampleMap.ThirdPersonExampleMap:PersistentLevel.ThirdPersonExampleMap'
[2020.03.01-17.20.03:469][ 95]LogBlueprintUserMessages: [BP_WeaponPickUp_2] You are looking at me
[2020.03.01-17.20.04:353][148]LogBlueprintUserMessages: [BP_WeaponPickUp_2] Goodbye
[2020.03.01-17.20.05:506][217]LogBlueprintUserMessages: [BP_WeaponPickUp_2] You are looking at me
[2020.03.01-17.20.06:371][269]LogBlueprintUserMessages: [BP_WeaponPickUp_2] Goodbye
[2020.03.01-17.20.07:022][308]LogAudioMixer: Display: No commands were queued while flushing the source manager.
[2020.03.01-17.20.07:022][308]LogAudioMixer: Display: No commands were queued while flushing the source manager.
[2020.03.01-17.20.07:023][308]LogBlueprintUserMessages: Early EndPlayMap Detection: Level '/Game/_UnrealAssets/ThirdPersonCPP/Maps/ThirdPersonExampleMap.ThirdPersonExampleMap:PersistentLevel' has LevelScriptBlueprint '/Game/_UnrealAssets/ThirdPersonCPP/Maps/ThirdPersonExampleMap.ThirdPersonExampleMap:PersistentLevel.ThirdPersonExampleMap' with GeneratedClass '/Game/_UnrealAssets/ThirdPersonCPP/Maps/ThirdPersonExampleMap.ThirdPersonExampleMap_C' with ClassGeneratedBy '/Game/_UnrealAssets/ThirdPersonCPP/Maps/ThirdPersonExampleMap.ThirdPersonExampleMap:PersistentLevel.ThirdPersonExampleMap'
[2020.03.01-17.20.07:024][308]LogSlate: Updating window title bar state: overlay mode, drag disabled, window buttons hidden, title bar hidden
[2020.03.01-17.20.07:024][308]LogWorld: BeginTearingDown for /Game/_UnrealAssets/ThirdPersonCPP/Maps/UEDPIE_0_ThirdPersonExampleMap
[2020.03.01-17.20.07:025][308]LogAudioMixer: Display: No commands were queued while flushing the source manager.
[2020.03.01-17.20.07:027][308]LogWorld: UWorld::CleanupWorld for ThirdPersonExampleMap, bSessionEnded=true, bCleanupResources=true
[2020.03.01-17.20.07:028][308]LogSlate: InvalidateAllWidgets triggered.  All widgets were invalidated
[2020.03.01-17.20.07:046][308]LogPlayLevel: Display: Shutting down PIE online subsystems
[2020.03.01-17.20.07:047][308]LogBlueprintUserMessages: Late EndPlayMap Detection: Level '/Game/_UnrealAssets/ThirdPersonCPP/Maps/ThirdPersonExampleMap.ThirdPersonExampleMap:PersistentLevel' has LevelScriptBlueprint '/Game/_UnrealAssets/ThirdPersonCPP/Maps/ThirdPersonExampleMap.ThirdPersonExampleMap:PersistentLevel.ThirdPersonExampleMap' with GeneratedClass '/Game/_UnrealAssets/ThirdPersonCPP/Maps/ThirdPersonExampleMap.ThirdPersonExampleMap_C' with ClassGeneratedBy '/Game/_UnrealAssets/ThirdPersonCPP/Maps/ThirdPersonExampleMap.ThirdPersonExampleMap:PersistentLevel.ThirdPersonExampleMap'
[2020.03.01-17.20.07:052][308]LogSlate: InvalidateAllWidgets triggered.  All widgets were invalidated
[2020.03.01-17.20.07:086][308]LogAudioMixer: Display: No commands were queued while flushing the source manager.
[2020.03.01-17.20.07:091][308]LogSlate: Updating window title bar state: overlay mode, drag disabled, window buttons hidden, title bar hidden
[2020.03.01-17.20.07:114][308]LogUObjectHash: Compacting FUObjectHashTables data took   4.15ms
[2020.03.01-17.20.07:129][309]LogPlayLevel: Display: Destroying online subsystem :Context_5
[2020.03.01-17.20.50:096][468]LogLiveCoding: Display:    Creating library C:\Users\lovbe\Desktop\ArcaneNomads\ArcaneNomads\Binaries\Win64\UE4Editor-ArcaneNomads-Win64-DebugGame.exe.lib and object C:\Users\lovbe\Desktop\ArcaneNomads\ArcaneNomads\Binaries\Win64\UE4Editor-ArcaneNomads-Win64-DebugGame.exe.exp
[2020.03.01-17.20.51:801][550]LogTemp: Repeating last play command: Selected Viewport
[2020.03.01-17.20.51:816][550]LogBlueprintUserMessages: Early PlayInEditor Detection: Level '/Game/_UnrealAssets/ThirdPersonCPP/Maps/ThirdPersonExampleMap.ThirdPersonExampleMap:PersistentLevel' has LevelScriptBlueprint '/Game/_UnrealAssets/ThirdPersonCPP/Maps/ThirdPersonExampleMap.ThirdPersonExampleMap:PersistentLevel.ThirdPersonExampleMap' with GeneratedClass '/Game/_UnrealAssets/ThirdPersonCPP/Maps/ThirdPersonExampleMap.ThirdPersonExampleMap_C' with ClassGeneratedBy '/Game/_UnrealAssets/ThirdPersonCPP/Maps/ThirdPersonExampleMap.ThirdPersonExampleMap:PersistentLevel.ThirdPersonExampleMap'
[2020.03.01-17.20.51:817][550]LogPlayLevel: PlayLevel: No blueprints needed recompiling
[2020.03.01-17.20.51:817][550]PIE: New page: PIE session: ThirdPersonExampleMap (1 Mar 2020, 19:20:51)
[2020.03.01-17.20.51:817][550]LogPlayLevel: Creating play world package: /Game/_UnrealAssets/ThirdPersonCPP/Maps/UEDPIE_0_ThirdPersonExampleMap
[2020.03.01-17.20.51:829][550]LogPlayLevel: PIE: StaticDuplicateObject took: (0.012093s)
[2020.03.01-17.20.51:830][550]LogAIModule: Creating AISystem for world ThirdPersonExampleMap
[2020.03.01-17.20.51:831][550]LogPlayLevel: PIE: World Init took: (0.001436s)
[2020.03.01-17.20.51:831][550]LogPlayLevel: PIE: Created PIE world by copying editor world from /Game/_UnrealAssets/ThirdPersonCPP/Maps/ThirdPersonExampleMap.ThirdPersonExampleMap to /Game/_UnrealAssets/ThirdPersonCPP/Maps/UEDPIE_0_ThirdPersonExampleMap.ThirdPersonExampleMap (0.013994s)
[2020.03.01-17.20.51:873][550]LogUObjectHash: Compacting FUObjectHashTables data took   2.88ms
[2020.03.01-17.20.51:875][550]LogAudioMixer: Display: Audio Mixer Platform Settings:
[2020.03.01-17.20.51:875][550]LogAudioMixer: Display: 	Sample Rate:						  48000
[2020.03.01-17.20.51:875][550]LogAudioMixer: Display: 	Callback Buffer Frame Size Requested: 1024
[2020.03.01-17.20.51:875][550]LogAudioMixer: Display: 	Callback Buffer Frame Size To Use:	  1024
[2020.03.01-17.20.51:875][550]LogAudioMixer: Display: 	Number of buffers to queue:			  2
[2020.03.01-17.20.51:875][550]LogAudioMixer: Display: 	Max Channels (voices):				  32
[2020.03.01-17.20.51:875][550]LogAudioMixer: Display: 	Number of Async Source Workers:		  0
[2020.03.01-17.20.51:876][550]LogAudio: Display: AudioDevice MaxSources: 32
[2020.03.01-17.20.51:876][550]LogAudio: Display: Using built-in audio occlusion.
[2020.03.01-17.20.51:876][550]LogAudioMixer: Display: Initializing audio mixer.
[2020.03.01-17.20.51:883][550]LogAudioMixer: Display: Audio Device Output Speaker Info:
[2020.03.01-17.20.51:883][550]LogAudioMixer: Display: Name: Speakers (Realtek(R) Audio)
[2020.03.01-17.20.51:883][550]LogAudioMixer: Display: Is Default: Yes
[2020.03.01-17.20.51:884][550]LogAudioMixer: Display: Sample Rate: 192000
[2020.03.01-17.20.51:884][550]LogAudioMixer: Display: Channel Count Used: 8
[2020.03.01-17.20.51:884][550]LogAudioMixer: Display: Device Channel Count: 8
[2020.03.01-17.20.51:884][550]LogAudioMixer: Display: Channel Order:
[2020.03.01-17.20.51:884][550]LogAudioMixer: Display: 0: FrontLeft
[2020.03.01-17.20.51:884][550]LogAudioMixer: Display: 1: FrontRight
[2020.03.01-17.20.51:884][550]LogAudioMixer: Display: 2: FrontCenter
[2020.03.01-17.20.51:884][550]LogAudioMixer: Display: 3: LowFrequency
[2020.03.01-17.20.51:884][550]LogAudioMixer: Display: 4: BackLeft
[2020.03.01-17.20.51:884][550]LogAudioMixer: Display: 5: BackRight
[2020.03.01-17.20.51:884][550]LogAudioMixer: Display: 6: SideLeft
[2020.03.01-17.20.51:884][550]LogAudioMixer: Display: 7: SideRight
[2020.03.01-17.20.51:893][550]LogAudioMixer: Display: Using Audio Device Speakers (Realtek(R) Audio)
[2020.03.01-17.20.51:896][550]LogInit: FAudioDevice initialized.
[2020.03.01-17.20.51:906][550]LogLoad: Game class is 'BP_GameMode_Default_C'
[2020.03.01-17.20.51:908][550]LogWorld: Bringing World /Game/_UnrealAssets/ThirdPersonCPP/Maps/UEDPIE_0_ThirdPersonExampleMap.ThirdPersonExampleMap up for play (max tick rate 60) at 2020.03.01-18.20.51
[2020.03.01-17.20.51:909][550]LogWorld: Bringing up level for play took: 0.002541
[2020.03.01-17.20.51:909][550]LogOnline: OSS: Creating online subsystem instance for: :Context_7
[2020.03.01-17.20.51:913][550]LogBlueprintUserMessages: [BP_Zombie2_5] WBP_Crosshair_C_0
[2020.03.01-17.20.51:913][550]LogBlueprintUserMessages: [BP_Zombie3_8] WBP_Crosshair_C_1
[2020.03.01-17.20.51:914][550]LogBlueprintUserMessages: [BP_Zombie_2] WBP_Crosshair_C_2
[2020.03.01-17.20.51:915][550]LogBlueprintUserMessages: [BP_Player_C_0] WBP_Crosshair_C_3
[2020.03.01-17.20.51:916][550]LogTemp: Warning: CharacterMesh0
[2020.03.01-17.20.51:916][550]PIE: Play in editor start time for /Game/_UnrealAssets/ThirdPersonCPP/Maps/UEDPIE_0_ThirdPersonExampleMap 0,367
[2020.03.01-17.20.51:916][550]LogBlueprintUserMessages: Late PlayInEditor Detection: Level '/Game/_UnrealAssets/ThirdPersonCPP/Maps/ThirdPersonExampleMap.ThirdPersonExampleMap:PersistentLevel' has LevelScriptBlueprint '/Game/_UnrealAssets/ThirdPersonCPP/Maps/ThirdPersonExampleMap.ThirdPersonExampleMap:PersistentLevel.ThirdPersonExampleMap' with GeneratedClass '/Game/_UnrealAssets/ThirdPersonCPP/Maps/ThirdPersonExampleMap.ThirdPersonExampleMap_C' with ClassGeneratedBy '/Game/_UnrealAssets/ThirdPersonCPP/Maps/ThirdPersonExampleMap.ThirdPersonExampleMap:PersistentLevel.ThirdPersonExampleMap'
[2020.03.01-17.20.53:458][642]LogBlueprintUserMessages: [BP_WeaponPickUp_2] You are looking at me
[2020.03.01-17.20.54:143][683]LogBlueprintUserMessages: [BP_WeaponPickUp_2] Goodbye
[2020.03.01-17.20.56:325][814]LogBlueprintUserMessages: [BP_WeaponPickUp_2] You are looking at me
[2020.03.01-17.20.56:660][834]LogBlueprintUserMessages: [BP_WeaponPickUp_2] Goodbye
[2020.03.01-17.20.59:359][996]LogBlueprintUserMessages: [BP_WeaponPickUp_2] You are looking at me
[2020.03.01-17.20.59:859][ 26]LogBlueprintUserMessages: [BP_WeaponPickUp_2] Goodbye
[2020.03.01-17.21.00:542][ 67]LogBlueprintUserMessages: [BP_WeaponPickUp_2] You are looking at me
[2020.03.01-17.21.01:060][ 98]LogBlueprintUserMessages: [BP_WeaponPickUp_2] Goodbye
[2020.03.01-17.21.01:610][131]LogBlueprintUserMessages: [BP_WeaponPickUp_2] You are looking at me
[2020.03.01-17.21.01:694][136]LogBlueprintUserMessages: [BP_WeaponPickUp_2] Goodbye
[2020.03.01-17.21.01:944][151]LogBlueprintUserMessages: [BP_WeaponPickUp_2] You are looking at me
[2020.03.01-17.21.02:043][157]LogBlueprintUserMessages: [BP_WeaponPickUp_2] Goodbye
[2020.03.01-17.21.03:143][223]LogAudioMixer: Display: No commands were queued while flushing the source manager.
[2020.03.01-17.21.03:144][223]LogAudioMixer: Display: Flush succeeded in the source manager command queue (1).
[2020.03.01-17.21.03:164][223]LogAudioMixer: Display: Flush succeeded the source manager command queue (2).
[2020.03.01-17.21.03:164][223]LogBlueprintUserMessages: Early EndPlayMap Detection: Level '/Game/_UnrealAssets/ThirdPersonCPP/Maps/ThirdPersonExampleMap.ThirdPersonExampleMap:PersistentLevel' has LevelScriptBlueprint '/Game/_UnrealAssets/ThirdPersonCPP/Maps/ThirdPersonExampleMap.ThirdPersonExampleMap:PersistentLevel.ThirdPersonExampleMap' with GeneratedClass '/Game/_UnrealAssets/ThirdPersonCPP/Maps/ThirdPersonExampleMap.ThirdPersonExampleMap_C' with ClassGeneratedBy '/Game/_UnrealAssets/ThirdPersonCPP/Maps/ThirdPersonExampleMap.ThirdPersonExampleMap:PersistentLevel.ThirdPersonExampleMap'
[2020.03.01-17.21.03:165][223]LogSlate: Updating window title bar state: overlay mode, drag disabled, window buttons hidden, title bar hidden
[2020.03.01-17.21.03:165][223]LogWorld: BeginTearingDown for /Game/_UnrealAssets/ThirdPersonCPP/Maps/UEDPIE_0_ThirdPersonExampleMap
[2020.03.01-17.21.03:165][223]LogAudioMixer: Display: No commands were queued while flushing the source manager.
[2020.03.01-17.21.03:166][223]LogWorld: UWorld::CleanupWorld for ThirdPersonExampleMap, bSessionEnded=true, bCleanupResources=true
[2020.03.01-17.21.03:166][223]LogSlate: InvalidateAllWidgets triggered.  All widgets were invalidated
[2020.03.01-17.21.03:175][223]LogPlayLevel: Display: Shutting down PIE online subsystems
[2020.03.01-17.21.03:175][223]LogBlueprintUserMessages: Late EndPlayMap Detection: Level '/Game/_UnrealAssets/ThirdPersonCPP/Maps/ThirdPersonExampleMap.ThirdPersonExampleMap:PersistentLevel' has LevelScriptBlueprint '/Game/_UnrealAssets/ThirdPersonCPP/Maps/ThirdPersonExampleMap.ThirdPersonExampleMap:PersistentLevel.ThirdPersonExampleMap' with GeneratedClass '/Game/_UnrealAssets/ThirdPersonCPP/Maps/ThirdPersonExampleMap.ThirdPersonExampleMap_C' with ClassGeneratedBy '/Game/_UnrealAssets/ThirdPersonCPP/Maps/ThirdPersonExampleMap.ThirdPersonExampleMap:PersistentLevel.ThirdPersonExampleMap'
[2020.03.01-17.21.03:180][223]LogSlate: InvalidateAllWidgets triggered.  All widgets were invalidated
[2020.03.01-17.21.03:216][223]LogAudioMixer: Display: No commands were queued while flushing the source manager.
[2020.03.01-17.21.03:220][223]LogSlate: Updating window title bar state: overlay mode, drag disabled, window buttons hidden, title bar hidden
[2020.03.01-17.21.03:223][223]LogUObjectHash: Compacting FUObjectHashTables data took   2.50ms
[2020.03.01-17.21.03:263][225]LogPlayLevel: Display: Destroying online subsystem :Context_7
[2020.03.01-17.21.11:277][691]LogSavePackage: Moving '../../../../../../Users/lovbe/Desktop/ArcaneNomads/ArcaneNomads/Saved/BP_WeaponPickUp6BAB79B748D2F2FEA6E2199364BAF558.tmp' to '../../../../../../Users/lovbe/Desktop/ArcaneNomads/ArcaneNomads/Content/ArcaneNomads/Placeables/BP_WeaponPickUp.uasset'
[2020.03.01-17.21.11:291][691]AssetCheck: New page: Asset Save: BP_WeaponPickUp
[2020.03.01-17.21.11:291][691]LogContentValidation: Display: Validating Blueprint /Game/ArcaneNomads/Placeables/BP_WeaponPickUp.BP_WeaponPickUp
[2020.03.01-17.21.33:218][388]BlueprintLog: New page: Compile BP_WeaponPickUp
[2020.03.01-17.21.33:448][388]LogUObjectHash: Compacting FUObjectHashTables data took   3.00ms
[2020.03.01-17.21.33:540][388]LogSavePackage: Moving '../../../../../../Users/lovbe/Desktop/ArcaneNomads/ArcaneNomads/Saved/BP_WeaponPickUpD49A811542C7A2CCA42C9A94EEA947D7.tmp' to '../../../../../../Users/lovbe/Desktop/ArcaneNomads/ArcaneNomads/Content/ArcaneNomads/Placeables/BP_WeaponPickUp.uasset'
[2020.03.01-17.21.33:556][388]AssetCheck: New page: Asset Save: BP_WeaponPickUp
[2020.03.01-17.21.33:556][388]LogContentValidation: Display: Validating Blueprint /Game/ArcaneNomads/Placeables/BP_WeaponPickUp.BP_WeaponPickUp
[2020.03.01-17.21.33:841][402]LogSavePackage: Moving '../../../../../../Users/lovbe/Desktop/ArcaneNomads/ArcaneNomads/Saved/BP_WeaponPickUpBFB6DC2244D6D314E35AE687E67FF998.tmp' to '../../../../../../Users/lovbe/Desktop/ArcaneNomads/ArcaneNomads/Content/ArcaneNomads/Placeables/BP_WeaponPickUp.uasset'
[2020.03.01-17.21.33:857][402]AssetCheck: New page: Asset Save: BP_WeaponPickUp
[2020.03.01-17.21.33:857][402]LogContentValidation: Display: Validating Blueprint /Game/ArcaneNomads/Placeables/BP_WeaponPickUp.BP_WeaponPickUp
[2020.03.01-17.21.38:907][705]LogEditorViewport: Clicking on Actor (LMB): StaticMeshActor (Floor)
[2020.03.01-17.21.39:742][750]LogEditorViewport: Clicking on Actor (LMB): BP_WeaponPickUp_C (BP_WeaponPickUp)
[2020.03.01-17.21.49:011][297]LogAssetEditorSubsystem: Opening Asset editor for Blueprint /Game/ArcaneNomads/Core/Interactables/BP_Interactable.BP_Interactable
[2020.03.01-17.22.01:555][  7]BlueprintLog: New page: Compile BP_Interactable
[2020.03.01-17.22.01:823][  7]LogUObjectHash: Compacting FUObjectHashTables data took   3.65ms
[2020.03.01-17.22.01:923][  7]LogSavePackage: Moving '../../../../../../Users/lovbe/Desktop/ArcaneNomads/ArcaneNomads/Saved/BP_InteractableC8527C004FC695F1F64DDFB1469F8BD7.tmp' to '../../../../../../Users/lovbe/Desktop/ArcaneNomads/ArcaneNomads/Content/ArcaneNomads/Core/Interactables/BP_Interactable.uasset'
[2020.03.01-17.22.01:943][  7]AssetCheck: New page: Asset Save: BP_Interactable
[2020.03.01-17.22.01:944][  7]LogContentValidation: Display: Validating Blueprint /Game/ArcaneNomads/Core/Interactables/BP_Interactable.BP_Interactable
[2020.03.01-17.22.02:610][ 43]LogSavePackage: Moving '../../../../../../Users/lovbe/Desktop/ArcaneNomads/ArcaneNomads/Saved/BP_Interactable6D63AEC64748B82F0A08E48EE96934D9.tmp' to '../../../../../../Users/lovbe/Desktop/ArcaneNomads/ArcaneNomads/Content/ArcaneNomads/Core/Interactables/BP_Interactable.uasset'
[2020.03.01-17.22.02:626][ 43]AssetCheck: New page: Asset Save: BP_Interactable
[2020.03.01-17.22.02:626][ 43]LogContentValidation: Display: Validating Blueprint /Game/ArcaneNomads/Core/Interactables/BP_Interactable.BP_Interactable
[2020.03.01-17.22.23:435][729]BlueprintLog: New page: Compile BP_Interactable
[2020.03.01-17.22.23:694][729]LogUObjectHash: Compacting FUObjectHashTables data took   3.74ms
[2020.03.01-17.22.23:782][729]LogSavePackage: Moving '../../../../../../Users/lovbe/Desktop/ArcaneNomads/ArcaneNomads/Saved/BP_InteractableFAE5CC034219AB4D6BF4AC818B002E13.tmp' to '../../../../../../Users/lovbe/Desktop/ArcaneNomads/ArcaneNomads/Content/ArcaneNomads/Core/Interactables/BP_Interactable.uasset'
[2020.03.01-17.22.23:819][729]LogSavePackage: Moving '../../../../../../Users/lovbe/Desktop/ArcaneNomads/ArcaneNomads/Saved/BP_WeaponPickUpE9B32CA4430974C0930753B52E9ABD0F.tmp' to '../../../../../../Users/lovbe/Desktop/ArcaneNomads/ArcaneNomads/Content/ArcaneNomads/Placeables/BP_WeaponPickUp.uasset'
[2020.03.01-17.22.23:839][729]AssetCheck: New page: Asset Save: multiple assets
[2020.03.01-17.22.23:839][729]LogContentValidation: Display: Validating Blueprint /Game/ArcaneNomads/Core/Interactables/BP_Interactable.BP_Interactable
[2020.03.01-17.22.23:839][729]LogContentValidation: Display: Validating Blueprint /Game/ArcaneNomads/Placeables/BP_WeaponPickUp.BP_WeaponPickUp
[2020.03.01-17.22.24:142][744]LogSavePackage: Moving '../../../../../../Users/lovbe/Desktop/ArcaneNomads/ArcaneNomads/Saved/BP_Interactable9FEEB0FA4833740E9DC27A8A71D4A89C.tmp' to '../../../../../../Users/lovbe/Desktop/ArcaneNomads/ArcaneNomads/Content/ArcaneNomads/Core/Interactables/BP_Interactable.uasset'
[2020.03.01-17.22.24:157][744]AssetCheck: New page: Asset Save: BP_Interactable
[2020.03.01-17.22.24:158][744]LogContentValidation: Display: Validating Blueprint /Game/ArcaneNomads/Core/Interactables/BP_Interactable.BP_Interactable
[2020.03.01-17.22.30:502][108]BlueprintLog: New page: Compile BP_WeaponPickUp
[2020.03.01-17.22.30:753][108]LogUObjectHash: Compacting FUObjectHashTables data took   3.55ms
[2020.03.01-17.22.30:830][108]LogSavePackage: Moving '../../../../../../Users/lovbe/Desktop/ArcaneNomads/ArcaneNomads/Saved/BP_WeaponPickUp7222200B409AEEF0D3E7B1A3F7EA56B6.tmp' to '../../../../../../Users/lovbe/Desktop/ArcaneNomads/ArcaneNomads/Content/ArcaneNomads/Placeables/BP_WeaponPickUp.uasset'
[2020.03.01-17.22.30:843][108]AssetCheck: New page: Asset Save: BP_WeaponPickUp
[2020.03.01-17.22.30:843][108]LogContentValidation: Display: Validating Blueprint /Game/ArcaneNomads/Placeables/BP_WeaponPickUp.BP_WeaponPickUp
[2020.03.01-17.22.31:241][129]LogSavePackage: Moving '../../../../../../Users/lovbe/Desktop/ArcaneNomads/ArcaneNomads/Saved/BP_WeaponPickUp18885CA048549E3EF62D9BA9A0CA6870.tmp' to '../../../../../../Users/lovbe/Desktop/ArcaneNomads/ArcaneNomads/Content/ArcaneNomads/Placeables/BP_WeaponPickUp.uasset'
[2020.03.01-17.22.31:255][129]AssetCheck: New page: Asset Save: BP_WeaponPickUp
[2020.03.01-17.22.31:255][129]LogContentValidation: Display: Validating Blueprint /Game/ArcaneNomads/Placeables/BP_WeaponPickUp.BP_WeaponPickUp
[2020.03.01-17.22.33:218][247]LogTemp: Repeating last play command: Selected Viewport
[2020.03.01-17.22.33:233][247]LogBlueprintUserMessages: Early PlayInEditor Detection: Level '/Game/_UnrealAssets/ThirdPersonCPP/Maps/ThirdPersonExampleMap.ThirdPersonExampleMap:PersistentLevel' has LevelScriptBlueprint '/Game/_UnrealAssets/ThirdPersonCPP/Maps/ThirdPersonExampleMap.ThirdPersonExampleMap:PersistentLevel.ThirdPersonExampleMap' with GeneratedClass '/Game/_UnrealAssets/ThirdPersonCPP/Maps/ThirdPersonExampleMap.ThirdPersonExampleMap_C' with ClassGeneratedBy '/Game/_UnrealAssets/ThirdPersonCPP/Maps/ThirdPersonExampleMap.ThirdPersonExampleMap:PersistentLevel.ThirdPersonExampleMap'
[2020.03.01-17.22.33:234][247]LogPlayLevel: PlayLevel: No blueprints needed recompiling
[2020.03.01-17.22.33:234][247]PIE: New page: PIE session: ThirdPersonExampleMap (1 Mar 2020, 19:22:33)
[2020.03.01-17.22.33:234][247]LogPlayLevel: Creating play world package: /Game/_UnrealAssets/ThirdPersonCPP/Maps/UEDPIE_0_ThirdPersonExampleMap
[2020.03.01-17.22.33:246][247]LogPlayLevel: PIE: StaticDuplicateObject took: (0.011825s)
[2020.03.01-17.22.33:247][247]LogAIModule: Creating AISystem for world ThirdPersonExampleMap
[2020.03.01-17.22.33:247][247]LogPlayLevel: PIE: World Init took: (0.001172s)
[2020.03.01-17.22.33:248][247]LogPlayLevel: PIE: Created PIE world by copying editor world from /Game/_UnrealAssets/ThirdPersonCPP/Maps/ThirdPersonExampleMap.ThirdPersonExampleMap to /Game/_UnrealAssets/ThirdPersonCPP/Maps/UEDPIE_0_ThirdPersonExampleMap.ThirdPersonExampleMap (0.013352s)
[2020.03.01-17.22.33:288][247]LogUObjectHash: Compacting FUObjectHashTables data took   3.35ms
[2020.03.01-17.22.33:290][247]LogAudioMixer: Display: Audio Mixer Platform Settings:
[2020.03.01-17.22.33:290][247]LogAudioMixer: Display: 	Sample Rate:						  48000
[2020.03.01-17.22.33:290][247]LogAudioMixer: Display: 	Callback Buffer Frame Size Requested: 1024
[2020.03.01-17.22.33:290][247]LogAudioMixer: Display: 	Callback Buffer Frame Size To Use:	  1024
[2020.03.01-17.22.33:290][247]LogAudioMixer: Display: 	Number of buffers to queue:			  2
[2020.03.01-17.22.33:291][247]LogAudioMixer: Display: 	Max Channels (voices):				  32
[2020.03.01-17.22.33:291][247]LogAudioMixer: Display: 	Number of Async Source Workers:		  0
[2020.03.01-17.22.33:291][247]LogAudio: Display: AudioDevice MaxSources: 32
[2020.03.01-17.22.33:291][247]LogAudio: Display: Using built-in audio occlusion.
[2020.03.01-17.22.33:291][247]LogAudioMixer: Display: Initializing audio mixer.
[2020.03.01-17.22.33:298][247]LogAudioMixer: Display: Audio Device Output Speaker Info:
[2020.03.01-17.22.33:298][247]LogAudioMixer: Display: Name: Speakers (Realtek(R) Audio)
[2020.03.01-17.22.33:298][247]LogAudioMixer: Display: Is Default: Yes
[2020.03.01-17.22.33:298][247]LogAudioMixer: Display: Sample Rate: 192000
[2020.03.01-17.22.33:299][247]LogAudioMixer: Display: Channel Count Used: 8
[2020.03.01-17.22.33:299][247]LogAudioMixer: Display: Device Channel Count: 8
[2020.03.01-17.22.33:299][247]LogAudioMixer: Display: Channel Order:
[2020.03.01-17.22.33:299][247]LogAudioMixer: Display: 0: FrontLeft
[2020.03.01-17.22.33:299][247]LogAudioMixer: Display: 1: FrontRight
[2020.03.01-17.22.33:299][247]LogAudioMixer: Display: 2: FrontCenter
[2020.03.01-17.22.33:299][247]LogAudioMixer: Display: 3: LowFrequency
[2020.03.01-17.22.33:299][247]LogAudioMixer: Display: 4: BackLeft
[2020.03.01-17.22.33:299][247]LogAudioMixer: Display: 5: BackRight
[2020.03.01-17.22.33:299][247]LogAudioMixer: Display: 6: SideLeft
[2020.03.01-17.22.33:299][247]LogAudioMixer: Display: 7: SideRight
[2020.03.01-17.22.33:308][247]LogAudioMixer: Display: Using Audio Device Speakers (Realtek(R) Audio)
[2020.03.01-17.22.33:310][247]LogInit: FAudioDevice initialized.
[2020.03.01-17.22.33:316][247]LogLoad: Game class is 'BP_GameMode_Default_C'
[2020.03.01-17.22.33:319][247]LogWorld: Bringing World /Game/_UnrealAssets/ThirdPersonCPP/Maps/UEDPIE_0_ThirdPersonExampleMap.ThirdPersonExampleMap up for play (max tick rate 60) at 2020.03.01-18.22.33
[2020.03.01-17.22.33:320][247]LogWorld: Bringing up level for play took: 0.002735
[2020.03.01-17.22.33:320][247]LogOnline: OSS: Creating online subsystem instance for: :Context_14
[2020.03.01-17.22.33:324][247]LogBlueprintUserMessages: [BP_Zombie2_5] WBP_Crosshair_C_0
[2020.03.01-17.22.33:324][247]LogBlueprintUserMessages: [BP_Zombie3_8] WBP_Crosshair_C_1
[2020.03.01-17.22.33:325][247]LogBlueprintUserMessages: [BP_Zombie_2] WBP_Crosshair_C_2
[2020.03.01-17.22.33:326][247]LogBlueprintUserMessages: [BP_Player_C_0] WBP_Crosshair_C_3
[2020.03.01-17.22.33:327][247]LogTemp: Warning: CharacterMesh0
[2020.03.01-17.22.33:327][247]PIE: Play in editor start time for /Game/_UnrealAssets/ThirdPersonCPP/Maps/UEDPIE_0_ThirdPersonExampleMap -0,222
[2020.03.01-17.22.33:327][247]LogBlueprintUserMessages: Late PlayInEditor Detection: Level '/Game/_UnrealAssets/ThirdPersonCPP/Maps/ThirdPersonExampleMap.ThirdPersonExampleMap:PersistentLevel' has LevelScriptBlueprint '/Game/_UnrealAssets/ThirdPersonCPP/Maps/ThirdPersonExampleMap.ThirdPersonExampleMap:PersistentLevel.ThirdPersonExampleMap' with GeneratedClass '/Game/_UnrealAssets/ThirdPersonCPP/Maps/ThirdPersonExampleMap.ThirdPersonExampleMap_C' with ClassGeneratedBy '/Game/_UnrealAssets/ThirdPersonCPP/Maps/ThirdPersonExampleMap.ThirdPersonExampleMap:PersistentLevel.ThirdPersonExampleMap'
