Log file open, 03/07/20 23:33:34
LogWindows: Failed to load 'aqProf.dll' (GetLastError=126)
LogWindows: File 'aqProf.dll' does not exist
LogWindows: Failed to load 'VtuneApi.dll' (GetLastError=126)
LogWindows: File 'VtuneApi.dll' does not exist
LogWindows: Failed to load 'VtuneApi32e.dll' (GetLastError=126)
LogWindows: File 'VtuneApi32e.dll' does not exist
LogConsoleResponse: Display: Failed to find resolution value strings in scalability ini. Falling back to default.
LogInit: Display: Running engine for game: ArcaneNomads
LogPlatformFile: Not using cached read wrapper
LogTaskGraph: Started task graph with 5 named threads and 35 total threads with 3 sets of task threads.
LogStats: Stats thread started at 0.196061
LogD3D11RHI: Loaded GFSDK_Aftermath_Lib.x64.dll
LogICUInternationalization: ICU TimeZone Detection - Raw Offset: +1:00, Platform Override: ''
LogPluginManager: Mounting plugin Paper2D
LogPluginManager: Mounting plugin AISupport
LogPluginManager: Mounting plugin LightPropagationVolume
LogPluginManager: Mounting plugin ActorLayerUtilities
LogPluginManager: Mounting plugin AnimationSharing
LogPluginManager: Mounting plugin CLionSourceCodeAccess
LogPluginManager: Mounting plugin CodeLiteSourceCodeAccess
LogPluginManager: Mounting plugin GitSourceControl
LogPluginManager: Mounting plugin KDevelopSourceCodeAccess
LogPluginManager: Mounting plugin NullSourceCodeAccess
LogPluginManager: Mounting plugin PerforceSourceControl
LogPluginManager: Mounting plugin PlasticSourceControl
LogPluginManager: Mounting plugin SubversionSourceControl
LogPluginManager: Mounting plugin UObjectPlugin
LogPluginManager: Mounting plugin VisualStudioCodeSourceCodeAccess
LogPluginManager: Mounting plugin VisualStudioSourceCodeAccess
LogPluginManager: Mounting plugin XCodeSourceCodeAccess
LogPluginManager: Mounting plugin AssetManagerEditor
LogPluginManager: Mounting plugin CryptoKeys
LogPluginManager: Mounting plugin CurveEditorTools
LogPluginManager: Mounting plugin DataValidation
LogPluginManager: Mounting plugin FacialAnimation
LogPluginManager: Mounting plugin GameplayTagsEditor
LogPluginManager: Mounting plugin MacGraphicsSwitching
LogPluginManager: Mounting plugin MaterialAnalyzer
LogPluginManager: Mounting plugin MobileLauncherProfileWizard
LogPluginManager: Mounting plugin PluginBrowser
LogPluginManager: Mounting plugin SpeedTreeImporter
LogPluginManager: Mounting plugin DatasmithContent
LogPluginManager: Mounting plugin VariantManagerContent
LogPluginManager: Mounting plugin AlembicImporter
LogPluginManager: Mounting plugin AutomationUtils
LogPluginManager: Mounting plugin BackChannel
LogPluginManager: Mounting plugin CharacterAI
LogPluginManager: Mounting plugin GeometryCache
LogPluginManager: Mounting plugin PlatformCrypto
LogPluginManager: Mounting plugin ProxyLODPlugin
LogPluginManager: Mounting plugin SkeletalReduction
LogPluginManager: Mounting plugin MagicLeap
LogPluginManager: Mounting plugin MagicLeapMedia
LogPluginManager: Mounting plugin MLSDK
LogPluginManager: Mounting plugin AndroidMedia
LogPluginManager: Mounting plugin AvfMedia
LogPluginManager: Mounting plugin ImgMedia
LogPluginManager: Mounting plugin MediaCompositing
LogPluginManager: Mounting plugin MediaPlayerEditor
LogPluginManager: Mounting plugin WebMMedia
LogPluginManager: Mounting plugin WmfMedia
LogPluginManager: Mounting plugin TcpMessaging
LogPluginManager: Mounting plugin UdpMessaging
LogPluginManager: Mounting plugin ActorSequence
LogPluginManager: Mounting plugin LevelSequenceEditor
LogPluginManager: Mounting plugin MatineeToLevelSequence
LogPluginManager: Mounting plugin NetcodeUnitTest
LogPluginManager: Mounting plugin NUTUnrealEngine4
LogPluginManager: Mounting plugin OnlineSubsystemGooglePlay
LogPluginManager: Mounting plugin OnlineSubsystemIOS
LogPluginManager: Mounting plugin OnlineSubsystem
LogPluginManager: Mounting plugin OnlineSubsystemNull
LogPluginManager: Mounting plugin OnlineSubsystemUtils
LogPluginManager: Mounting plugin LauncherChunkInstaller
LogPluginManager: Mounting plugin AndroidDeviceProfileSelector
LogPluginManager: Mounting plugin AndroidMoviePlayer
LogPluginManager: Mounting plugin AndroidPermission
LogPluginManager: Mounting plugin AppleImageUtils
LogPluginManager: Mounting plugin AppleMoviePlayer
LogPluginManager: Mounting plugin ArchVisCharacter
LogPluginManager: Mounting plugin AssetTags
LogPluginManager: Mounting plugin AudioCapture
LogPluginManager: Mounting plugin CableComponent
LogPluginManager: Mounting plugin CustomMeshComponent
LogPluginManager: Mounting plugin EditableMesh
LogPluginManager: Mounting plugin ExampleDeviceProfileSelector
LogPluginManager: Mounting plugin GoogleCloudMessaging
LogPluginManager: Mounting plugin IOSDeviceProfileSelector
LogPluginManager: Mounting plugin LinuxDeviceProfileSelector
LogPluginManager: Mounting plugin LocationServicesBPLibrary
LogPluginManager: Mounting plugin MobilePatchingUtils
LogPluginManager: Mounting plugin OculusVR
LogPluginManager: Mounting plugin PhysXVehicles
LogPluginManager: Mounting plugin PostSplashScreen
LogPluginManager: Mounting plugin ProceduralMeshComponent
LogPluginManager: Mounting plugin RuntimePhysXCooking
LogPluginManager: Mounting plugin SignificanceManager
LogPluginManager: Mounting plugin SteamVR
LogPluginManager: Mounting plugin WebMMoviePlayer
LogPluginManager: Mounting plugin WindowsMoviePlayer
LogPluginManager: Mounting plugin ScreenshotTools
LogInit: Using libcurl 7.55.1-DEV
LogInit:  - built for x86_64-pc-win32
LogInit:  - supports SSL with OpenSSL/1.1.1
LogInit:  - supports HTTP deflate (compression) using libz 1.2.8
LogInit:  - other features:
LogInit:      CURL_VERSION_SSL
LogInit:      CURL_VERSION_LIBZ
LogInit:      CURL_VERSION_IPV6
LogInit:      CURL_VERSION_ASYNCHDNS
LogInit:      CURL_VERSION_LARGEFILE
LogInit:      CURL_VERSION_IDN
LogInit:  CurlRequestOptions (configurable via config and command line):
LogInit:  - bVerifyPeer = true  - Libcurl will verify peer certificate
LogInit:  - bUseHttpProxy = false  - Libcurl will NOT use HTTP proxy
LogInit:  - bDontReuseConnections = false  - Libcurl will reuse connections
LogInit:  - MaxHostConnections = 16  - Libcurl will limit the number of connections to a host
LogInit:  - LocalHostAddr = Default
LogInit:  - BufferSize = 65536
LogOnline: OSS: Creating online subsystem instance for: NULL
LogInit: WinSock: version 1.1 (2.2), MaxSocks=32767, MaxUdp=65467
LogOnline: OSS: TryLoadSubsystemAndSetDefault: Loaded subsystem for module [NULL]
LogInit: Build: ++UE4+Release-4.24-CL-11590370
LogInit: Engine Version: 4.24.3-11590370+++UE4+Release-4.24
LogInit: Compatible Engine Version: 4.24.0-10570792+++UE4+Release-4.24
LogInit: Net CL: 10570792
LogInit: OS: Windows 10 (Release 1809) (), CPU: Intel(R) Core(TM) i7-9750H CPU @ 2.60GHz, GPU: Intel(R) UHD Graphics 630
LogInit: Compiled (64-bit): Feb 24 2020 15:39:18
LogInit: Compiled with Visual C++: 19.16.27032.01
LogInit: Build Configuration: DebugGame
LogInit: Branch Name: ++UE4+Release-4.24
LogInit: Command Line:  -skipcompile
LogInit: Base Directory: C:/Program Files/Epic Games/UE_4.24/Engine/Binaries/Win64/
LogInit: Installed Engine Build: 1
LogDevObjectVersion: Number of dev versions registered: 25
LogDevObjectVersion:   Dev-Blueprints (B0D832E4-1F89-4F0D-ACCF-7EB736FD4AA2): 10
LogDevObjectVersion:   Dev-Build (E1C64328-A22C-4D53-A36C-8E866417BD8C): 0
LogDevObjectVersion:   Dev-Core (375EC13C-06E4-48FB-B500-84F0262A717E): 3
LogDevObjectVersion:   Dev-Editor (E4B068ED-F494-42E9-A231-DA0B2E46BB41): 37
LogDevObjectVersion:   Dev-Framework (CFFC743F-43B0-4480-9391-14DF171D2073): 36
LogDevObjectVersion:   Dev-Mobile (B02B49B5-BB20-44E9-A304-32B752E40360): 2
LogDevObjectVersion:   Dev-Networking (A4E4105C-59A1-49B5-A7C5-40C4547EDFEE): 0
LogDevObjectVersion:   Dev-Online (39C831C9-5AE6-47DC-9A44-9C173E1C8E7C): 0
LogDevObjectVersion:   Dev-Physics (78F01B33-EBEA-4F98-B9B4-84EACCB95AA2): 2
LogDevObjectVersion:   Dev-Platform (6631380F-2D4D-43E0-8009-CF276956A95A): 0
LogDevObjectVersion:   Dev-Rendering (12F88B9F-8875-4AFC-A67C-D90C383ABD29): 36
LogDevObjectVersion:   Dev-Sequencer (7B5AE74C-D270-4C10-A958-57980B212A5A): 11
LogDevObjectVersion:   Dev-VR (D7296918-1DD6-4BDD-9DE2-64A83CC13884): 2
LogDevObjectVersion:   Dev-LoadTimes (C2A15278-BFE7-4AFE-6C17-90FF531DF755): 1
LogDevObjectVersion:   Private-Geometry (6EACA3D4-40EC-4CC1-B786-8BED09428FC5): 3
LogDevObjectVersion:   Dev-AnimPhys (29E575DD-E0A3-4627-9D10-D276232CDCEA): 17
LogDevObjectVersion:   Dev-Anim (AF43A65D-7FD3-4947-9873-3E8ED9C1BB05): 2
LogDevObjectVersion:   Dev-ReflectionCapture (6B266CEC-1EC7-4B8F-A30B-E4D90942FC07): 1
LogDevObjectVersion:   Dev-Automation (0DF73D61-A23F-47EA-B727-89E90C41499A): 1
LogDevObjectVersion:   FortniteMain (601D1886-AC64-4F84-AA16-D3DE0DEAC7D6): 31
LogDevObjectVersion:   Dev-Enterprise (9DFFBCD6-494F-0158-E221-12823C92A888): 8
LogDevObjectVersion:   Dev-Niagara (F2AED0AC-9AFE-416F-8664-AA7FFA26D6FC): 1
LogDevObjectVersion:   Dev-Destruction (174F1F0B-B4C6-45A5-B13F-2EE8D0FB917D): 9
LogDevObjectVersion:   Dev-Physics-Ext (35F94A83-E258-406C-A318-09F59610247C): 8
LogDevObjectVersion:   Dev-CineCamera (B2E18506-4273-CFC2-A54E-F4BB758BBA07): 1
LogInit: Presizing for max 25165824 objects, including 0 objects not considered by GC, pre-allocating 0 bytes for permanent pool.
LogInit: Object subsystem initialized
LogConfig: Setting CVar [[con.DebugEarlyDefault:1]]
LogConfig: Setting CVar [[r.setres:1280x720]]
[2020.03.07-22.33.34:421][  0]LogConfig: Setting CVar [[r.VSync:0]]
[2020.03.07-22.33.34:421][  0]LogConfig: Setting CVar [[r.RHICmdBypass:0]]
[2020.03.07-22.33.34:421][  0]LogConfig: Applying CVar settings from Section [/Script/Engine.RendererSettings] File [C:/Users/lovbe/Desktop/ArcaneNomads/ArcaneNomads/Saved/Config/Windows/Engine.ini]
[2020.03.07-22.33.34:421][  0]LogConfig: Setting CVar [[r.GPUCrashDebugging:0]]
[2020.03.07-22.33.34:421][  0]LogConfig: Setting CVar [[r.CustomDepth:3]]
[2020.03.07-22.33.34:421][  0]LogConfig: Applying CVar settings from Section [/Script/Engine.RendererOverrideSettings] File [C:/Users/lovbe/Desktop/ArcaneNomads/ArcaneNomads/Saved/Config/Windows/Engine.ini]
[2020.03.07-22.33.34:421][  0]LogConfig: Applying CVar settings from Section [/Script/Engine.StreamingSettings] File [C:/Users/lovbe/Desktop/ArcaneNomads/ArcaneNomads/Saved/Config/Windows/Engine.ini]
[2020.03.07-22.33.34:421][  0]LogConfig: Setting CVar [[s.MinBulkDataSizeForAsyncLoading:131072]]
[2020.03.07-22.33.34:421][  0]LogConfig: Setting CVar [[s.AsyncLoadingThreadEnabled:0]]
[2020.03.07-22.33.34:421][  0]LogConfig: Setting CVar [[s.EventDrivenLoaderEnabled:1]]
[2020.03.07-22.33.34:421][  0]LogConfig: Setting CVar [[s.WarnIfTimeLimitExceeded:0]]
[2020.03.07-22.33.34:421][  0]LogConfig: Setting CVar [[s.TimeLimitExceededMultiplier:1.5]]
[2020.03.07-22.33.34:422][  0]LogConfig: Setting CVar [[s.TimeLimitExceededMinTime:0.005]]
[2020.03.07-22.33.34:422][  0]LogConfig: Setting CVar [[s.UseBackgroundLevelStreaming:1]]
[2020.03.07-22.33.34:422][  0]LogConfig: Setting CVar [[s.PriorityAsyncLoadingExtraTime:15.0]]
[2020.03.07-22.33.34:422][  0]LogConfig: Setting CVar [[s.LevelStreamingActorsUpdateTimeLimit:5.0]]
[2020.03.07-22.33.34:422][  0]LogConfig: Setting CVar [[s.PriorityLevelStreamingActorsUpdateExtraTime:5.0]]
[2020.03.07-22.33.34:422][  0]LogConfig: Setting CVar [[s.LevelStreamingComponentsRegistrationGranularity:10]]
[2020.03.07-22.33.34:422][  0]LogConfig: Setting CVar [[s.UnregisterComponentsTimeLimit:1.0]]
[2020.03.07-22.33.34:422][  0]LogConfig: Setting CVar [[s.LevelStreamingComponentsUnregistrationGranularity:5]]
[2020.03.07-22.33.34:422][  0]LogConfig: Setting CVar [[s.FlushStreamingOnExit:1]]
[2020.03.07-22.33.34:422][  0]LogConfig: Applying CVar settings from Section [/Script/Engine.GarbageCollectionSettings] File [C:/Users/lovbe/Desktop/ArcaneNomads/ArcaneNomads/Saved/Config/Windows/Engine.ini]
[2020.03.07-22.33.34:422][  0]LogConfig: Setting CVar [[gc.MaxObjectsNotConsideredByGC:1]]
[2020.03.07-22.33.34:422][  0]LogConfig: Setting CVar [[gc.SizeOfPermanentObjectPool:0]]
[2020.03.07-22.33.34:422][  0]LogConfig: Setting CVar [[gc.FlushStreamingOnGC:0]]
[2020.03.07-22.33.34:422][  0]LogConfig: Setting CVar [[gc.NumRetriesBeforeForcingGC:10]]
[2020.03.07-22.33.34:422][  0]LogConfig: Setting CVar [[gc.AllowParallelGC:1]]
[2020.03.07-22.33.34:422][  0]LogConfig: Setting CVar [[gc.TimeBetweenPurgingPendingKillObjects:61.1]]
[2020.03.07-22.33.34:422][  0]LogConfig: Setting CVar [[gc.MaxObjectsInEditor:25165824]]
[2020.03.07-22.33.34:422][  0]LogConfig: Setting CVar [[gc.IncrementalBeginDestroyEnabled:1]]
[2020.03.07-22.33.34:422][  0]LogConfig: Setting CVar [[gc.CreateGCClusters:1]]
[2020.03.07-22.33.34:422][  0]LogConfig: Setting CVar [[gc.MinGCClusterSize:5]]
[2020.03.07-22.33.34:422][  0]LogConfig: Setting CVar [[gc.ActorClusteringEnabled:0]]
[2020.03.07-22.33.34:423][  0]LogConfig: Setting CVar [[gc.BlueprintClusteringEnabled:0]]
[2020.03.07-22.33.34:423][  0]LogConfig: Setting CVar [[gc.UseDisregardForGCOnDedicatedServers:0]]
[2020.03.07-22.33.34:423][  0]LogConfig: Applying CVar settings from Section [/Script/Engine.NetworkSettings] File [C:/Users/lovbe/Desktop/ArcaneNomads/ArcaneNomads/Saved/Config/Windows/Engine.ini]
[2020.03.07-22.33.34:423][  0]LogConfig: Applying CVar settings from Section [/Script/UnrealEd.CookerSettings] File [C:/Users/lovbe/Desktop/ArcaneNomads/ArcaneNomads/Saved/Config/Windows/Engine.ini]
[2020.03.07-22.33.34:427][  0]LogConfig: Applying CVar settings from Section [ViewDistanceQuality@3] File [C:/Users/lovbe/Desktop/ArcaneNomads/ArcaneNomads/Saved/Config/Windows/Scalability.ini]
[2020.03.07-22.33.34:427][  0]LogConfig: Setting CVar [[r.SkeletalMeshLODBias:0]]
[2020.03.07-22.33.34:427][  0]LogConfig: Setting CVar [[r.ViewDistanceScale:1.0]]
[2020.03.07-22.33.34:427][  0]LogConfig: Applying CVar settings from Section [AntiAliasingQuality@3] File [C:/Users/lovbe/Desktop/ArcaneNomads/ArcaneNomads/Saved/Config/Windows/Scalability.ini]
[2020.03.07-22.33.34:427][  0]LogConfig: Setting CVar [[r.PostProcessAAQuality:4]]
[2020.03.07-22.33.34:427][  0]LogConfig: Applying CVar settings from Section [ShadowQuality@3] File [C:/Users/lovbe/Desktop/ArcaneNomads/ArcaneNomads/Saved/Config/Windows/Scalability.ini]
[2020.03.07-22.33.34:427][  0]LogConfig: Setting CVar [[r.LightFunctionQuality:1]]
[2020.03.07-22.33.34:427][  0]LogConfig: Setting CVar [[r.ShadowQuality:5]]
[2020.03.07-22.33.34:427][  0]LogConfig: Setting CVar [[r.Shadow.CSM.MaxCascades:10]]
[2020.03.07-22.33.34:427][  0]LogConfig: Setting CVar [[r.Shadow.MaxResolution:2048]]
[2020.03.07-22.33.34:427][  0]LogConfig: Setting CVar [[r.Shadow.MaxCSMResolution:2048]]
[2020.03.07-22.33.34:427][  0]LogConfig: Setting CVar [[r.Shadow.RadiusThreshold:0.01]]
[2020.03.07-22.33.34:427][  0]LogConfig: Setting CVar [[r.Shadow.DistanceScale:1.0]]
[2020.03.07-22.33.34:427][  0]LogConfig: Setting CVar [[r.Shadow.CSM.TransitionScale:1.0]]
[2020.03.07-22.33.34:427][  0]LogConfig: Setting CVar [[r.Shadow.PreShadowResolutionFactor:1.0]]
[2020.03.07-22.33.34:427][  0]LogConfig: Setting CVar [[r.DistanceFieldShadowing:1]]
[2020.03.07-22.33.34:428][  0]LogConfig: Setting CVar [[r.DistanceFieldAO:1]]
[2020.03.07-22.33.34:428][  0]LogConfig: Setting CVar [[r.AOQuality:2]]
[2020.03.07-22.33.34:428][  0]LogConfig: Setting CVar [[r.VolumetricFog:1]]
[2020.03.07-22.33.34:428][  0]LogConfig: Setting CVar [[r.VolumetricFog.GridPixelSize:8]]
[2020.03.07-22.33.34:428][  0]LogConfig: Setting CVar [[r.VolumetricFog.GridSizeZ:128]]
[2020.03.07-22.33.34:428][  0]LogConfig: Setting CVar [[r.VolumetricFog.HistoryMissSupersampleCount:4]]
[2020.03.07-22.33.34:428][  0]LogConfig: Setting CVar [[r.LightMaxDrawDistanceScale:1]]
[2020.03.07-22.33.34:428][  0]LogConfig: Setting CVar [[r.CapsuleShadows:1]]
[2020.03.07-22.33.34:428][  0]LogConfig: Applying CVar settings from Section [PostProcessQuality@3] File [C:/Users/lovbe/Desktop/ArcaneNomads/ArcaneNomads/Saved/Config/Windows/Scalability.ini]
[2020.03.07-22.33.34:428][  0]LogConfig: Setting CVar [[r.MotionBlurQuality:4]]
[2020.03.07-22.33.34:428][  0]LogConfig: Setting CVar [[r.AmbientOcclusionMipLevelFactor:0.4]]
[2020.03.07-22.33.34:428][  0]LogConfig: Setting CVar [[r.AmbientOcclusionMaxQuality:100]]
[2020.03.07-22.33.34:428][  0]LogConfig: Setting CVar [[r.AmbientOcclusionLevels:-1]]
[2020.03.07-22.33.34:428][  0]LogConfig: Setting CVar [[r.AmbientOcclusionRadiusScale:1.0]]
[2020.03.07-22.33.34:428][  0]LogConfig: Setting CVar [[r.DepthOfFieldQuality:2]]
[2020.03.07-22.33.34:428][  0]LogConfig: Setting CVar [[r.RenderTargetPoolMin:400]]
[2020.03.07-22.33.34:428][  0]LogConfig: Setting CVar [[r.LensFlareQuality:2]]
[2020.03.07-22.33.34:428][  0]LogConfig: Setting CVar [[r.SceneColorFringeQuality:1]]
[2020.03.07-22.33.34:428][  0]LogConfig: Setting CVar [[r.EyeAdaptationQuality:2]]
[2020.03.07-22.33.34:428][  0]LogConfig: Setting CVar [[r.BloomQuality:5]]
[2020.03.07-22.33.34:429][  0]LogConfig: Setting CVar [[r.FastBlurThreshold:100]]
[2020.03.07-22.33.34:429][  0]LogConfig: Setting CVar [[r.Upscale.Quality:3]]
[2020.03.07-22.33.34:429][  0]LogConfig: Setting CVar [[r.Tonemapper.GrainQuantization:1]]
[2020.03.07-22.33.34:429][  0]LogConfig: Setting CVar [[r.LightShaftQuality:1]]
[2020.03.07-22.33.34:429][  0]LogConfig: Setting CVar [[r.Filter.SizeScale:1]]
[2020.03.07-22.33.34:429][  0]LogConfig: Setting CVar [[r.Tonemapper.Quality:5]]
[2020.03.07-22.33.34:429][  0]LogConfig: Setting CVar [[r.DOF.Gather.AccumulatorQuality:1        ; higher gathering accumulator quality]]
[2020.03.07-22.33.34:429][  0]LogConfig: Setting CVar [[r.DOF.Gather.PostfilterMethod:1          ; Median3x3 postfilering method]]
[2020.03.07-22.33.34:429][  0]LogConfig: Setting CVar [[r.DOF.Gather.EnableBokehSettings:0       ; no bokeh simulation when gathering]]
[2020.03.07-22.33.34:429][  0]LogConfig: Setting CVar [[r.DOF.Gather.RingCount:4                 ; medium number of samples when gathering]]
[2020.03.07-22.33.34:429][  0]LogConfig: Setting CVar [[r.DOF.Scatter.ForegroundCompositing:1    ; additive foreground scattering]]
[2020.03.07-22.33.34:429][  0]LogConfig: Setting CVar [[r.DOF.Scatter.BackgroundCompositing:2    ; additive background scattering]]
[2020.03.07-22.33.34:429][  0]LogConfig: Setting CVar [[r.DOF.Scatter.EnableBokehSettings:1      ; bokeh simulation when scattering]]
[2020.03.07-22.33.34:429][  0]LogConfig: Setting CVar [[r.DOF.Scatter.MaxSpriteRatio:0.1         ; only a maximum of 10% of scattered bokeh]]
[2020.03.07-22.33.34:429][  0]LogConfig: Setting CVar [[r.DOF.Recombine.Quality:1                ; cheap slight out of focus]]
[2020.03.07-22.33.34:429][  0]LogConfig: Setting CVar [[r.DOF.Recombine.EnableBokehSettings:0    ; no bokeh simulation on slight out of focus]]
[2020.03.07-22.33.34:429][  0]LogConfig: Setting CVar [[r.DOF.TemporalAAQuality:1                ; more stable temporal accumulation]]
[2020.03.07-22.33.34:429][  0]LogConfig: Setting CVar [[r.DOF.Kernel.MaxForegroundRadius:0.025]]
[2020.03.07-22.33.34:430][  0]LogConfig: Setting CVar [[r.DOF.Kernel.MaxBackgroundRadius:0.025]]
[2020.03.07-22.33.34:430][  0]LogConfig: Applying CVar settings from Section [TextureQuality@3] File [C:/Users/lovbe/Desktop/ArcaneNomads/ArcaneNomads/Saved/Config/Windows/Scalability.ini]
[2020.03.07-22.33.34:430][  0]LogConfig: Setting CVar [[r.Streaming.MipBias:0]]
[2020.03.07-22.33.34:430][  0]LogConfig: Setting CVar [[r.Streaming.AmortizeCPUToGPUCopy:0]]
[2020.03.07-22.33.34:430][  0]LogConfig: Setting CVar [[r.Streaming.MaxNumTexturesToStreamPerFrame:0]]
[2020.03.07-22.33.34:430][  0]LogConfig: Setting CVar [[r.Streaming.Boost:1]]
[2020.03.07-22.33.34:430][  0]LogConfig: Setting CVar [[r.MaxAnisotropy:8]]
[2020.03.07-22.33.34:430][  0]LogConfig: Setting CVar [[r.VT.MaxAnisotropy:8]]
[2020.03.07-22.33.34:430][  0]LogConfig: Setting CVar [[r.Streaming.LimitPoolSizeToVRAM:0]]
[2020.03.07-22.33.34:430][  0]LogConfig: Setting CVar [[r.Streaming.PoolSize:1000]]
[2020.03.07-22.33.34:430][  0]LogConfig: Setting CVar [[r.Streaming.MaxEffectiveScreenSize:0]]
[2020.03.07-22.33.34:430][  0]LogConfig: Applying CVar settings from Section [EffectsQuality@3] File [C:/Users/lovbe/Desktop/ArcaneNomads/ArcaneNomads/Saved/Config/Windows/Scalability.ini]
[2020.03.07-22.33.34:430][  0]LogConfig: Setting CVar [[r.TranslucencyLightingVolumeDim:64]]
[2020.03.07-22.33.34:430][  0]LogConfig: Setting CVar [[r.RefractionQuality:2]]
[2020.03.07-22.33.34:430][  0]LogConfig: Setting CVar [[r.SSR.Quality:3]]
[2020.03.07-22.33.34:430][  0]LogConfig: Setting CVar [[r.SSR.HalfResSceneColor:0]]
[2020.03.07-22.33.34:430][  0]LogConfig: Setting CVar [[r.SceneColorFormat:4]]
[2020.03.07-22.33.34:430][  0]LogConfig: Setting CVar [[r.DetailMode:2]]
[2020.03.07-22.33.34:430][  0]LogConfig: Setting CVar [[r.TranslucencyVolumeBlur:1]]
[2020.03.07-22.33.34:431][  0]LogConfig: Setting CVar [[r.MaterialQualityLevel:1 ; High quality]]
[2020.03.07-22.33.34:431][  0]LogConfig: Setting CVar [[r.SSS.Scale:1]]
[2020.03.07-22.33.34:431][  0]LogConfig: Setting CVar [[r.SSS.SampleSet:2]]
[2020.03.07-22.33.34:431][  0]LogConfig: Setting CVar [[r.SSS.Quality:1]]
[2020.03.07-22.33.34:431][  0]LogConfig: Setting CVar [[r.SSS.HalfRes:1]]
[2020.03.07-22.33.34:431][  0]LogConfig: Setting CVar [[r.SSGI.Quality:3]]
[2020.03.07-22.33.34:431][  0]LogConfig: Setting CVar [[r.EmitterSpawnRateScale:1.0]]
[2020.03.07-22.33.34:431][  0]LogConfig: Setting CVar [[r.ParticleLightQuality:2]]
[2020.03.07-22.33.34:431][  0]LogConfig: Setting CVar [[r.SkyAtmosphere.AerialPerspectiveLUT.FastApplyOnOpaque:1 ; Always have FastSkyLUT 1 in this case to avoid wrong sky]]
[2020.03.07-22.33.34:431][  0]LogConfig: Setting CVar [[r.SkyAtmosphere.AerialPerspectiveLUT.SampleCountPerSlice:1]]
[2020.03.07-22.33.34:431][  0]LogConfig: Setting CVar [[r.SkyAtmosphere.AerialPerspectiveLUT.DepthResolution:16.0]]
[2020.03.07-22.33.34:431][  0]LogConfig: Setting CVar [[r.SkyAtmosphere.FastSkyLUT:1]]
[2020.03.07-22.33.34:431][  0]LogConfig: Setting CVar [[r.SkyAtmosphere.FastSkyLUT.SampleCountMin:4.0]]
[2020.03.07-22.33.34:431][  0]LogConfig: Setting CVar [[r.SkyAtmosphere.FastSkyLUT.SampleCountMax:32.0]]
[2020.03.07-22.33.34:431][  0]LogConfig: Setting CVar [[r.SkyAtmosphere.SampleCountMin:4.0]]
[2020.03.07-22.33.34:431][  0]LogConfig: Setting CVar [[r.SkyAtmosphere.SampleCountMax:32.0]]
[2020.03.07-22.33.34:432][  0]LogConfig: Setting CVar [[r.SkyAtmosphere.TransmittanceLUT.UseSmallFormat:0]]
[2020.03.07-22.33.34:432][  0]LogConfig: Setting CVar [[r.SkyAtmosphere.TransmittanceLUT.SampleCount:10.0]]
[2020.03.07-22.33.34:432][  0]LogConfig: Setting CVar [[r.SkyAtmosphere.MultiScatteringLUT.SampleCount:15.0]]
[2020.03.07-22.33.34:432][  0]LogConfig: Applying CVar settings from Section [FoliageQuality@3] File [C:/Users/lovbe/Desktop/ArcaneNomads/ArcaneNomads/Saved/Config/Windows/Scalability.ini]
[2020.03.07-22.33.34:432][  0]LogConfig: Setting CVar [[foliage.DensityScale:1.0]]
[2020.03.07-22.33.34:432][  0]LogConfig: Setting CVar [[grass.DensityScale:1.0]]
[2020.03.07-22.33.34:432][  0]LogConfig: Applying CVar settings from Section [ShadingQuality@3] File [C:/Users/lovbe/Desktop/ArcaneNomads/ArcaneNomads/Saved/Config/Windows/Scalability.ini]
[2020.03.07-22.33.34:432][  0]LogConfig: Setting CVar [[r.HairStrands.SkyLighting.SampleCount:16]]
[2020.03.07-22.33.34:432][  0]LogConfig: Setting CVar [[r.HairStrands.SkyLighting.JitterIntegration:0]]
[2020.03.07-22.33.34:432][  0]LogConfig: Setting CVar [[r.HairStrands.SkyAO.SampleCount:16]]
[2020.03.07-22.33.34:432][  0]LogInit: Selected Device Profile: [Windows]
[2020.03.07-22.33.34:432][  0]LogInit: Applying CVar settings loaded from the selected device profile: [Windows]
[2020.03.07-22.33.34:434][  0]LogHAL: Display: Platform has ~ 16 GB [17017229312 / 17179869184 / 16], which maps to Larger [LargestMinGB=32, LargerMinGB=12, DefaultMinGB=8, SmallerMinGB=6, SmallestMinGB=0)
[2020.03.07-22.33.34:434][  0]LogInit: Going up to parent DeviceProfile []
[2020.03.07-22.33.34:434][  0]LogConfig: Applying CVar settings from Section [ViewDistanceQuality@3] File [C:/Users/lovbe/Desktop/ArcaneNomads/ArcaneNomads/Saved/Config/Windows/Scalability.ini]
[2020.03.07-22.33.34:434][  0]LogConfig: Setting CVar [[r.SkeletalMeshLODBias:0]]
[2020.03.07-22.33.34:435][  0]LogConfig: Setting CVar [[r.ViewDistanceScale:1.0]]
[2020.03.07-22.33.34:435][  0]LogConfig: Applying CVar settings from Section [AntiAliasingQuality@3] File [C:/Users/lovbe/Desktop/ArcaneNomads/ArcaneNomads/Saved/Config/Windows/Scalability.ini]
[2020.03.07-22.33.34:435][  0]LogConfig: Setting CVar [[r.PostProcessAAQuality:4]]
[2020.03.07-22.33.34:435][  0]LogConfig: Applying CVar settings from Section [ShadowQuality@3] File [C:/Users/lovbe/Desktop/ArcaneNomads/ArcaneNomads/Saved/Config/Windows/Scalability.ini]
[2020.03.07-22.33.34:435][  0]LogConfig: Setting CVar [[r.LightFunctionQuality:1]]
[2020.03.07-22.33.34:435][  0]LogConfig: Setting CVar [[r.ShadowQuality:5]]
[2020.03.07-22.33.34:435][  0]LogConfig: Setting CVar [[r.Shadow.CSM.MaxCascades:10]]
[2020.03.07-22.33.34:435][  0]LogConfig: Setting CVar [[r.Shadow.MaxResolution:2048]]
[2020.03.07-22.33.34:435][  0]LogConfig: Setting CVar [[r.Shadow.MaxCSMResolution:2048]]
[2020.03.07-22.33.34:435][  0]LogConfig: Setting CVar [[r.Shadow.RadiusThreshold:0.01]]
[2020.03.07-22.33.34:435][  0]LogConfig: Setting CVar [[r.Shadow.DistanceScale:1.0]]
[2020.03.07-22.33.34:435][  0]LogConfig: Setting CVar [[r.Shadow.CSM.TransitionScale:1.0]]
[2020.03.07-22.33.34:435][  0]LogConfig: Setting CVar [[r.Shadow.PreShadowResolutionFactor:1.0]]
[2020.03.07-22.33.34:435][  0]LogConfig: Setting CVar [[r.DistanceFieldShadowing:1]]
[2020.03.07-22.33.34:435][  0]LogConfig: Setting CVar [[r.DistanceFieldAO:1]]
[2020.03.07-22.33.34:435][  0]LogConfig: Setting CVar [[r.AOQuality:2]]
[2020.03.07-22.33.34:435][  0]LogConfig: Setting CVar [[r.VolumetricFog:1]]
[2020.03.07-22.33.34:435][  0]LogConfig: Setting CVar [[r.VolumetricFog.GridPixelSize:8]]
[2020.03.07-22.33.34:435][  0]LogConfig: Setting CVar [[r.VolumetricFog.GridSizeZ:128]]
[2020.03.07-22.33.34:436][  0]LogConfig: Setting CVar [[r.VolumetricFog.HistoryMissSupersampleCount:4]]
[2020.03.07-22.33.34:436][  0]LogConfig: Setting CVar [[r.LightMaxDrawDistanceScale:1]]
[2020.03.07-22.33.34:436][  0]LogConfig: Setting CVar [[r.CapsuleShadows:1]]
[2020.03.07-22.33.34:436][  0]LogConfig: Applying CVar settings from Section [PostProcessQuality@3] File [C:/Users/lovbe/Desktop/ArcaneNomads/ArcaneNomads/Saved/Config/Windows/Scalability.ini]
[2020.03.07-22.33.34:436][  0]LogConfig: Setting CVar [[r.MotionBlurQuality:4]]
[2020.03.07-22.33.34:436][  0]LogConfig: Setting CVar [[r.AmbientOcclusionMipLevelFactor:0.4]]
[2020.03.07-22.33.34:436][  0]LogConfig: Setting CVar [[r.AmbientOcclusionMaxQuality:100]]
[2020.03.07-22.33.34:436][  0]LogConfig: Setting CVar [[r.AmbientOcclusionLevels:-1]]
[2020.03.07-22.33.34:436][  0]LogConfig: Setting CVar [[r.AmbientOcclusionRadiusScale:1.0]]
[2020.03.07-22.33.34:436][  0]LogConfig: Setting CVar [[r.DepthOfFieldQuality:2]]
[2020.03.07-22.33.34:436][  0]LogConfig: Setting CVar [[r.RenderTargetPoolMin:400]]
[2020.03.07-22.33.34:436][  0]LogConfig: Setting CVar [[r.LensFlareQuality:2]]
[2020.03.07-22.33.34:436][  0]LogConfig: Setting CVar [[r.SceneColorFringeQuality:1]]
[2020.03.07-22.33.34:436][  0]LogConfig: Setting CVar [[r.EyeAdaptationQuality:2]]
[2020.03.07-22.33.34:436][  0]LogConfig: Setting CVar [[r.BloomQuality:5]]
[2020.03.07-22.33.34:436][  0]LogConfig: Setting CVar [[r.FastBlurThreshold:100]]
[2020.03.07-22.33.34:436][  0]LogConfig: Setting CVar [[r.Upscale.Quality:3]]
[2020.03.07-22.33.34:436][  0]LogConfig: Setting CVar [[r.Tonemapper.GrainQuantization:1]]
[2020.03.07-22.33.34:436][  0]LogConfig: Setting CVar [[r.LightShaftQuality:1]]
[2020.03.07-22.33.34:437][  0]LogConfig: Setting CVar [[r.Filter.SizeScale:1]]
[2020.03.07-22.33.34:437][  0]LogConfig: Setting CVar [[r.Tonemapper.Quality:5]]
[2020.03.07-22.33.34:437][  0]LogConfig: Setting CVar [[r.DOF.Gather.AccumulatorQuality:1        ; higher gathering accumulator quality]]
[2020.03.07-22.33.34:437][  0]LogConfig: Setting CVar [[r.DOF.Gather.PostfilterMethod:1          ; Median3x3 postfilering method]]
[2020.03.07-22.33.34:437][  0]LogConfig: Setting CVar [[r.DOF.Gather.EnableBokehSettings:0       ; no bokeh simulation when gathering]]
[2020.03.07-22.33.34:437][  0]LogConfig: Setting CVar [[r.DOF.Gather.RingCount:4                 ; medium number of samples when gathering]]
[2020.03.07-22.33.34:437][  0]LogConfig: Setting CVar [[r.DOF.Scatter.ForegroundCompositing:1    ; additive foreground scattering]]
[2020.03.07-22.33.34:437][  0]LogConfig: Setting CVar [[r.DOF.Scatter.BackgroundCompositing:2    ; additive background scattering]]
[2020.03.07-22.33.34:437][  0]LogConfig: Setting CVar [[r.DOF.Scatter.EnableBokehSettings:1      ; bokeh simulation when scattering]]
[2020.03.07-22.33.34:437][  0]LogConfig: Setting CVar [[r.DOF.Scatter.MaxSpriteRatio:0.1         ; only a maximum of 10% of scattered bokeh]]
[2020.03.07-22.33.34:437][  0]LogConfig: Setting CVar [[r.DOF.Recombine.Quality:1                ; cheap slight out of focus]]
[2020.03.07-22.33.34:437][  0]LogConfig: Setting CVar [[r.DOF.Recombine.EnableBokehSettings:0    ; no bokeh simulation on slight out of focus]]
[2020.03.07-22.33.34:437][  0]LogConfig: Setting CVar [[r.DOF.TemporalAAQuality:1                ; more stable temporal accumulation]]
[2020.03.07-22.33.34:437][  0]LogConfig: Setting CVar [[r.DOF.Kernel.MaxForegroundRadius:0.025]]
[2020.03.07-22.33.34:437][  0]LogConfig: Setting CVar [[r.DOF.Kernel.MaxBackgroundRadius:0.025]]
[2020.03.07-22.33.34:437][  0]LogConfig: Applying CVar settings from Section [TextureQuality@3] File [C:/Users/lovbe/Desktop/ArcaneNomads/ArcaneNomads/Saved/Config/Windows/Scalability.ini]
[2020.03.07-22.33.34:437][  0]LogConfig: Setting CVar [[r.Streaming.MipBias:0]]
[2020.03.07-22.33.34:437][  0]LogConfig: Setting CVar [[r.Streaming.AmortizeCPUToGPUCopy:0]]
[2020.03.07-22.33.34:437][  0]LogConfig: Setting CVar [[r.Streaming.MaxNumTexturesToStreamPerFrame:0]]
[2020.03.07-22.33.34:438][  0]LogConfig: Setting CVar [[r.Streaming.Boost:1]]
[2020.03.07-22.33.34:438][  0]LogConfig: Setting CVar [[r.MaxAnisotropy:8]]
[2020.03.07-22.33.34:438][  0]LogConfig: Setting CVar [[r.VT.MaxAnisotropy:8]]
[2020.03.07-22.33.34:438][  0]LogConfig: Setting CVar [[r.Streaming.LimitPoolSizeToVRAM:0]]
[2020.03.07-22.33.34:438][  0]LogConfig: Setting CVar [[r.Streaming.PoolSize:1000]]
[2020.03.07-22.33.34:438][  0]LogConfig: Setting CVar [[r.Streaming.MaxEffectiveScreenSize:0]]
[2020.03.07-22.33.34:438][  0]LogConfig: Applying CVar settings from Section [EffectsQuality@3] File [C:/Users/lovbe/Desktop/ArcaneNomads/ArcaneNomads/Saved/Config/Windows/Scalability.ini]
[2020.03.07-22.33.34:438][  0]LogConfig: Setting CVar [[r.TranslucencyLightingVolumeDim:64]]
[2020.03.07-22.33.34:438][  0]LogConfig: Setting CVar [[r.RefractionQuality:2]]
[2020.03.07-22.33.34:438][  0]LogConfig: Setting CVar [[r.SSR.Quality:3]]
[2020.03.07-22.33.34:438][  0]LogConfig: Setting CVar [[r.SSR.HalfResSceneColor:0]]
[2020.03.07-22.33.34:438][  0]LogConfig: Setting CVar [[r.SceneColorFormat:4]]
[2020.03.07-22.33.34:438][  0]LogConfig: Setting CVar [[r.DetailMode:2]]
[2020.03.07-22.33.34:438][  0]LogConfig: Setting CVar [[r.TranslucencyVolumeBlur:1]]
[2020.03.07-22.33.34:438][  0]LogConfig: Setting CVar [[r.MaterialQualityLevel:1 ; High quality]]
[2020.03.07-22.33.34:438][  0]LogConfig: Setting CVar [[r.SSS.Scale:1]]
[2020.03.07-22.33.34:438][  0]LogConfig: Setting CVar [[r.SSS.SampleSet:2]]
[2020.03.07-22.33.34:438][  0]LogConfig: Setting CVar [[r.SSS.Quality:1]]
[2020.03.07-22.33.34:438][  0]LogConfig: Setting CVar [[r.SSS.HalfRes:1]]
[2020.03.07-22.33.34:438][  0]LogConfig: Setting CVar [[r.SSGI.Quality:3]]
[2020.03.07-22.33.34:439][  0]LogConfig: Setting CVar [[r.EmitterSpawnRateScale:1.0]]
[2020.03.07-22.33.34:439][  0]LogConfig: Setting CVar [[r.ParticleLightQuality:2]]
[2020.03.07-22.33.34:439][  0]LogConfig: Setting CVar [[r.SkyAtmosphere.AerialPerspectiveLUT.FastApplyOnOpaque:1 ; Always have FastSkyLUT 1 in this case to avoid wrong sky]]
[2020.03.07-22.33.34:439][  0]LogConfig: Setting CVar [[r.SkyAtmosphere.AerialPerspectiveLUT.SampleCountPerSlice:1]]
[2020.03.07-22.33.34:439][  0]LogConfig: Setting CVar [[r.SkyAtmosphere.AerialPerspectiveLUT.DepthResolution:16.0]]
[2020.03.07-22.33.34:439][  0]LogConfig: Setting CVar [[r.SkyAtmosphere.FastSkyLUT:1]]
[2020.03.07-22.33.34:439][  0]LogConfig: Setting CVar [[r.SkyAtmosphere.FastSkyLUT.SampleCountMin:4.0]]
[2020.03.07-22.33.34:439][  0]LogConfig: Setting CVar [[r.SkyAtmosphere.FastSkyLUT.SampleCountMax:32.0]]
[2020.03.07-22.33.34:439][  0]LogConfig: Setting CVar [[r.SkyAtmosphere.SampleCountMin:4.0]]
[2020.03.07-22.33.34:439][  0]LogConfig: Setting CVar [[r.SkyAtmosphere.SampleCountMax:32.0]]
[2020.03.07-22.33.34:439][  0]LogConfig: Setting CVar [[r.SkyAtmosphere.TransmittanceLUT.UseSmallFormat:0]]
[2020.03.07-22.33.34:439][  0]LogConfig: Setting CVar [[r.SkyAtmosphere.TransmittanceLUT.SampleCount:10.0]]
[2020.03.07-22.33.34:439][  0]LogConfig: Setting CVar [[r.SkyAtmosphere.MultiScatteringLUT.SampleCount:15.0]]
[2020.03.07-22.33.34:439][  0]LogConfig: Applying CVar settings from Section [FoliageQuality@3] File [C:/Users/lovbe/Desktop/ArcaneNomads/ArcaneNomads/Saved/Config/Windows/Scalability.ini]
[2020.03.07-22.33.34:439][  0]LogConfig: Setting CVar [[foliage.DensityScale:1.0]]
[2020.03.07-22.33.34:439][  0]LogConfig: Setting CVar [[grass.DensityScale:1.0]]
[2020.03.07-22.33.34:439][  0]LogConfig: Applying CVar settings from Section [ShadingQuality@3] File [C:/Users/lovbe/Desktop/ArcaneNomads/ArcaneNomads/Saved/Config/Windows/Scalability.ini]
[2020.03.07-22.33.34:439][  0]LogConfig: Setting CVar [[r.HairStrands.SkyLighting.SampleCount:16]]
[2020.03.07-22.33.34:439][  0]LogConfig: Setting CVar [[r.HairStrands.SkyLighting.JitterIntegration:0]]
[2020.03.07-22.33.34:440][  0]LogConfig: Setting CVar [[r.HairStrands.SkyAO.SampleCount:16]]
[2020.03.07-22.33.34:440][  0]LogConfig: Applying CVar settings from Section [Startup] File [../../../Engine/Config/ConsoleVariables.ini]
[2020.03.07-22.33.34:440][  0]LogConfig: Setting CVar [[net.UseAdaptiveNetUpdateFrequency:0]]
[2020.03.07-22.33.34:440][  0]LogConfig: Setting CVar [[p.chaos.AllowCreatePhysxBodies:1]]
[2020.03.07-22.33.34:440][  0]LogConfig: Applying CVar settings from Section [ConsoleVariables] File [C:/Users/lovbe/Desktop/ArcaneNomads/ArcaneNomads/Saved/Config/Windows/Engine.ini]
[2020.03.07-22.33.34:440][  0]LogInit: Computer: MSI
[2020.03.07-22.33.34:440][  0]LogInit: User: lovbe
[2020.03.07-22.33.34:440][  0]LogInit: CPU Page size=4096, Cores=6
[2020.03.07-22.33.34:440][  0]LogInit: High frequency timer resolution =10.000000 MHz
[2020.03.07-22.33.34:440][  0]LogMemory: Memory total: Physical=15.8GB (16GB approx)
[2020.03.07-22.33.34:440][  0]LogMemory: Platform Memory Stats for Windows
[2020.03.07-22.33.34:440][  0]LogMemory: Process Physical Memory: 106.70 MB used, 106.70 MB peak
[2020.03.07-22.33.34:441][  0]LogMemory: Process Virtual Memory: 101.47 MB used, 101.47 MB peak
[2020.03.07-22.33.34:441][  0]LogMemory: Physical Memory: 9131.31 MB used,  7097.58 MB free, 16228.89 MB total
[2020.03.07-22.33.34:441][  0]LogMemory: Virtual Memory: 5173.76 MB used,  134212552.00 MB free, 134217728.00 MB total
[2020.03.07-22.33.34:685][  0]LogWindows: WindowsPlatformFeatures enabled
[2020.03.07-22.33.34:868][  0]LogInit: Using OS detected language (en-US).
[2020.03.07-22.33.34:868][  0]LogInit: Using OS detected locale (en-SE).
[2020.03.07-22.33.34:869][  0]LogTextLocalizationManager: No specific localization for 'en-US' exists, so the 'en' localization will be used.
[2020.03.07-22.33.35:036][  0]LogInit: Setting process to per monitor DPI aware
[2020.03.07-22.33.35:092][  0]LogSlate: New Slate User Created.  User Index 0, Is Virtual User: 0
[2020.03.07-22.33.35:092][  0]LogSlate: Slate User Registered.  User Index 0, Is Virtual User: 0
[2020.03.07-22.33.35:240][  0]LogHMD: Failed to initialize OpenVR with code 110
[2020.03.07-22.33.35:240][  0]LogD3D11RHI: D3D11 min allowed feature level: 11_0
[2020.03.07-22.33.35:240][  0]LogD3D11RHI: D3D11 max allowed feature level: 11_0
[2020.03.07-22.33.35:240][  0]LogD3D11RHI: D3D11 adapters:
[2020.03.07-22.33.35:337][  0]LogD3D11RHI:    0. 'NVIDIA GeForce RTX 2070 with Max-Q Design' (Feature Level 11_0)
[2020.03.07-22.33.35:337][  0]LogD3D11RHI:       8031/0/8114 MB DedicatedVideo/DedicatedSystem/SharedSystem, Outputs:1, VendorId:0x10de
[2020.03.07-22.33.35:367][  0]LogD3D11RHI:    1. 'Intel(R) UHD Graphics 630' (Feature Level 11_0)
[2020.03.07-22.33.35:367][  0]LogD3D11RHI:       128/0/8114 MB DedicatedVideo/DedicatedSystem/SharedSystem, Outputs:0, VendorId:0x8086
[2020.03.07-22.33.35:372][  0]LogD3D11RHI:    2. 'Microsoft Basic Render Driver' (Feature Level 11_0)
[2020.03.07-22.33.35:372][  0]LogD3D11RHI:       0/0/8114 MB DedicatedVideo/DedicatedSystem/SharedSystem, Outputs:0, VendorId:0x1414
[2020.03.07-22.33.35:372][  0]LogD3D11RHI: Chosen D3D11 Adapter: 0
[2020.03.07-22.33.35:410][  0]LogD3D11RHI: Creating new Direct3DDevice
[2020.03.07-22.33.35:410][  0]LogD3D11RHI:     GPU DeviceId: 0x1f10 (for the marketing name, search the web for "GPU Device Id")
[2020.03.07-22.33.35:410][  0]LogWindows: EnumDisplayDevices:
[2020.03.07-22.33.35:410][  0]LogWindows:    0. 'Intel(R) UHD Graphics 630' (P:1 D:1)
[2020.03.07-22.33.35:410][  0]LogWindows:    1. 'Intel(R) UHD Graphics 630' (P:0 D:0)
[2020.03.07-22.33.35:410][  0]LogWindows:    2. 'Intel(R) UHD Graphics 630' (P:0 D:0)
[2020.03.07-22.33.35:410][  0]LogWindows:    3. 'NVIDIA GeForce RTX 2070 with Max-Q Design' (P:0 D:0)
[2020.03.07-22.33.35:410][  0]LogWindows:    4. 'NVIDIA GeForce RTX 2070 with Max-Q Design' (P:0 D:0)
[2020.03.07-22.33.35:411][  0]LogWindows:    5. 'NVIDIA GeForce RTX 2070 with Max-Q Design' (P:0 D:0)
[2020.03.07-22.33.35:411][  0]LogWindows:    6. 'NVIDIA GeForce RTX 2070 with Max-Q Design' (P:0 D:0)
[2020.03.07-22.33.35:411][  0]LogWindows: DebugString: PrimaryIsNotTheChoosenAdapter PrimaryIsNotTheChoosenAdapter PrimaryIsNotTheChoosenAdapter FoundDriverCount:4 
[2020.03.07-22.33.35:411][  0]LogD3D11RHI:     Adapter Name: NVIDIA GeForce RTX 2070 with Max-Q Design
[2020.03.07-22.33.35:411][  0]LogD3D11RHI:   Driver Version: 442.50 (internal:26.21.14.4250, unified:442.50)
[2020.03.07-22.33.35:411][  0]LogD3D11RHI:      Driver Date: 2-24-2020
[2020.03.07-22.33.35:411][  0]LogRHI: Texture pool is 5621 MB (70% of 8031 MB)
[2020.03.07-22.33.35:464][  0]LogD3D11RHI: RHI has support for 64 bit atomics
[2020.03.07-22.33.35:465][  0]LogD3D11RHI: Async texture creation enabled
[2020.03.07-22.33.35:484][  0]LogD3D11RHI: GPU Timing Frequency: 1000.000000 (Debug: 2 2)
[2020.03.07-22.33.35:738][  0]LogTargetPlatformManager: Display: Loaded TargetPlatform 'AllDesktop'
[2020.03.07-22.33.35:768][  0]LogTargetPlatformManager: Display: Loaded TargetPlatform 'Android'
[2020.03.07-22.33.35:768][  0]LogTargetPlatformManager: Display: Loaded TargetPlatform 'Android_ASTC'
[2020.03.07-22.33.35:768][  0]LogTargetPlatformManager: Display: Loaded TargetPlatform 'Android_ATC'
[2020.03.07-22.33.35:768][  0]LogTargetPlatformManager: Display: Loaded TargetPlatform 'Android_DXT'
[2020.03.07-22.33.35:769][  0]LogTargetPlatformManager: Display: Loaded TargetPlatform 'Android_ETC1'
[2020.03.07-22.33.35:769][  0]LogTargetPlatformManager: Display: Loaded TargetPlatform 'Android_ETC1a'
[2020.03.07-22.33.35:769][  0]LogTargetPlatformManager: Display: Loaded TargetPlatform 'Android_ETC2'
[2020.03.07-22.33.35:769][  0]LogTargetPlatformManager: Display: Loaded TargetPlatform 'Android_PVRTC'
[2020.03.07-22.33.35:769][  0]LogTargetPlatformManager: Display: Loaded TargetPlatform 'AndroidClient'
[2020.03.07-22.33.35:769][  0]LogTargetPlatformManager: Display: Loaded TargetPlatform 'Android_ASTCClient'
[2020.03.07-22.33.35:769][  0]LogTargetPlatformManager: Display: Loaded TargetPlatform 'Android_ATCClient'
[2020.03.07-22.33.35:769][  0]LogTargetPlatformManager: Display: Loaded TargetPlatform 'Android_DXTClient'
[2020.03.07-22.33.35:769][  0]LogTargetPlatformManager: Display: Loaded TargetPlatform 'Android_ETC1Client'
[2020.03.07-22.33.35:769][  0]LogTargetPlatformManager: Display: Loaded TargetPlatform 'Android_ETC1aClient'
[2020.03.07-22.33.35:769][  0]LogTargetPlatformManager: Display: Loaded TargetPlatform 'Android_ETC2Client'
[2020.03.07-22.33.35:769][  0]LogTargetPlatformManager: Display: Loaded TargetPlatform 'Android_PVRTCClient'
[2020.03.07-22.33.35:769][  0]LogTargetPlatformManager: Display: Loaded TargetPlatform 'Android_Multi'
[2020.03.07-22.33.35:770][  0]LogTargetPlatformManager: Display: Loaded TargetPlatform 'Android_MultiClient'
[2020.03.07-22.33.35:793][  0]LogTargetPlatformManager: Display: Loaded TargetPlatform 'IOSClient'
[2020.03.07-22.33.35:793][  0]LogTargetPlatformManager: Display: Loaded TargetPlatform 'IOS'
[2020.03.07-22.33.35:801][  0]LogTargetPlatformManager: Display: Loaded TargetPlatform 'LinuxNoEditor'
[2020.03.07-22.33.35:812][  0]LogTargetPlatformManager: Display: Loaded TargetPlatform 'LinuxClient'
[2020.03.07-22.33.35:822][  0]LogTargetPlatformManager: Display: Loaded TargetPlatform 'LinuxServer'
[2020.03.07-22.33.35:831][  0]LogTargetPlatformManager: Display: Loaded TargetPlatform 'LinuxAArch64NoEditor'
[2020.03.07-22.33.35:840][  0]LogTargetPlatformManager: Display: Loaded TargetPlatform 'LinuxAArch64Client'
[2020.03.07-22.33.35:854][  0]LogTargetPlatformManager: Display: Loaded TargetPlatform 'LinuxAArch64Server'
[2020.03.07-22.33.35:880][  0]LogTargetPlatformManager: Display: Loaded TargetPlatform 'Lumin'
[2020.03.07-22.33.35:880][  0]LogTargetPlatformManager: Display: Loaded TargetPlatform 'LuminClient'
[2020.03.07-22.33.35:894][  0]LogTargetPlatformManager: Display: Loaded TargetPlatform 'TVOSClient'
[2020.03.07-22.33.35:894][  0]LogTargetPlatformManager: Display: Loaded TargetPlatform 'TVOS'
[2020.03.07-22.33.35:902][  0]LogTargetPlatformManager: Display: Loaded TargetPlatform 'WindowsNoEditor'
[2020.03.07-22.33.35:911][  0]LogTargetPlatformManager: Display: Loaded TargetPlatform 'Windows'
[2020.03.07-22.33.35:921][  0]LogTargetPlatformManager: Display: Loaded TargetPlatform 'WindowsClient'
[2020.03.07-22.33.35:929][  0]LogTargetPlatformManager: Display: Loaded TargetPlatform 'WindowsServer'
[2020.03.07-22.33.35:929][  0]LogTargetPlatformManager: Display: Building Assets For Windows
[2020.03.07-22.33.35:945][  0]LogAudioDebug: Display: Lib vorbis DLL was dynamically loaded.
[2020.03.07-22.33.36:012][  0]LogShaderCompilers: Guid format shader working directory is -17 characters bigger than the processId version (../../../../../../Users/lovbe/Desktop/ArcaneNomads/ArcaneNomads/Intermediate/Shaders/WorkingDirectory/1004/).
[2020.03.07-22.33.36:012][  0]LogShaderCompilers: Cleaned the shader compiler working directory 'C:/Users/lovbe/AppData/Local/Temp/UnrealShaderWorkingDir/DE1810564120A2FE50D7C888C6A81D3F/'.
[2020.03.07-22.33.36:012][  0]LogXGEController: Cleaning working directory: C:/Users/lovbe/AppData/Local/Temp/UnrealXGEWorkingDir/
[2020.03.07-22.33.36:013][  0]LogXGEController: Cannot use XGE Controller as Incredibuild is not installed on this machine.
[2020.03.07-22.33.36:013][  0]LogShaderCompilers: Cannot use XGE Shader Compiler as Incredibuild is not installed on this machine.
[2020.03.07-22.33.36:013][  0]LogShaderCompilers: Display: Using Local Shader Compiler.
[2020.03.07-22.33.36:635][  0]LogDerivedDataCache: Display: Max Cache Size: 512 MB
[2020.03.07-22.33.36:686][  0]LogDerivedDataCache: Loaded boot cache 0.05s 78MB C:/Users/lovbe/AppData/Local/UnrealEngine/4.24/DerivedDataCache/Boot.ddc.
[2020.03.07-22.33.36:686][  0]LogDerivedDataCache: Display: Loaded Boot cache: C:/Users/lovbe/AppData/Local/UnrealEngine/4.24/DerivedDataCache/Boot.ddc
[2020.03.07-22.33.36:686][  0]LogDerivedDataCache: FDerivedDataBackendGraph:  Pak pak cache file ../../../../../../Users/lovbe/Desktop/ArcaneNomads/ArcaneNomads/DerivedDataCache/DDC.ddp not found, will not use a pak cache.
[2020.03.07-22.33.36:686][  0]LogDerivedDataCache: Unable to find inner node Pak for hierarchical cache Hierarchy.
[2020.03.07-22.33.36:686][  0]LogDerivedDataCache: FDerivedDataBackendGraph:  CompressedPak pak cache file ../../../../../../Users/lovbe/Desktop/ArcaneNomads/ArcaneNomads/DerivedDataCache/Compressed.ddp not found, will not use a pak cache.
[2020.03.07-22.33.36:687][  0]LogDerivedDataCache: Unable to find inner node CompressedPak for hierarchical cache Hierarchy.
[2020.03.07-22.33.36:695][  0]LogDerivedDataCache: Display: Pak cache opened for reading ../../../Engine/DerivedDataCache/Compressed.ddp.
[2020.03.07-22.33.36:695][  0]LogDerivedDataCache: FDerivedDataBackendGraph:  EnterprisePak pak cache file ../../../Enterprise/DerivedDataCache/Compressed.ddp not found, will not use a pak cache.
[2020.03.07-22.33.36:695][  0]LogDerivedDataCache: Unable to find inner node EnterprisePak for hierarchical cache Hierarchy.
[2020.03.07-22.33.36:697][  0]LogDerivedDataCache: Using Local data cache path C:/Users/lovbe/AppData/Local/UnrealEngine/Common/DerivedDataCache: Writable
[2020.03.07-22.33.36:697][  0]LogDerivedDataCache: Shared data cache path not found in *engine.ini, will not use an Shared cache.
[2020.03.07-22.33.36:697][  0]LogDerivedDataCache: Unable to find inner node Shared for hierarchical cache Hierarchy.
[2020.03.07-22.33.36:718][  0]LogMaterial: Verifying Global Shaders for PCD3D_SM5
[2020.03.07-22.33.36:721][  0]LogSlate: Using FreeType 2.10.0
[2020.03.07-22.33.36:721][  0]LogSlate: SlateFontServices - WITH_FREETYPE: 1, WITH_HARFBUZZ: 1
[2020.03.07-22.33.36:769][  0]LogAssetRegistry: FAssetRegistry took 0.0053 seconds to start up
[2020.03.07-22.33.37:010][  0]LogInit: Selected Device Profile: [Windows]
[2020.03.07-22.33.37:164][  0]LogMeshReduction: Using QuadricMeshReduction for automatic static mesh reduction
[2020.03.07-22.33.37:164][  0]LogMeshReduction: Using SimplygonMeshReduction for automatic skeletal mesh reduction
[2020.03.07-22.33.37:164][  0]LogMeshReduction: Using ProxyLODMeshReduction for automatic mesh merging
[2020.03.07-22.33.37:164][  0]LogMeshReduction: No distributed automatic mesh merging module available
[2020.03.07-22.33.37:164][  0]LogMeshMerging: No distributed automatic mesh merging module available
[2020.03.07-22.33.37:176][  0]LogNetVersion: ArcaneNomads 1.0.0, NetCL: 10570792, EngineNetVer: 13, GameNetVer: 0 (Checksum: 4070800832)
[2020.03.07-22.33.38:014][  0]LogPackageLocalizationCache: Processed 10 localized package path(s) for 1 prioritized culture(s) in 0.039592 seconds
[2020.03.07-22.33.38:020][  0]LogUObjectArray: 46746 objects as part of root set at end of initial load.
[2020.03.07-22.33.38:021][  0]LogUObjectAllocator: 8135816 out of 0 bytes used by permanent object pool.
[2020.03.07-22.33.38:021][  0]LogUObjectArray: CloseDisregardForGC: 0/0 objects in disregard for GC pool
[2020.03.07-22.33.38:489][  0]LogTcpMessaging: Initializing TcpMessaging bridge
[2020.03.07-22.33.38:494][  0]LogUdpMessaging: Initializing bridge on interface 0.0.0.0:0 to multicast group 230.0.0.1:6666.
[2020.03.07-22.33.38:632][  0]SourceControl: Source control is disabled
[2020.03.07-22.33.38:633][  0]SourceControl: Source control is disabled
[2020.03.07-22.33.38:635][  0]SourceControl: Source control is disabled
[2020.03.07-22.33.38:637][  0]SourceControl: Source control is disabled
[2020.03.07-22.33.38:640][  0]SourceControl: Source control is disabled
[2020.03.07-22.33.38:792][  0]LogAndroidPermission: UAndroidPermissionCallbackProxy::GetInstance
[2020.03.07-22.33.38:814][  0]LogAudioCaptureCore: Display: No Audio Capture implementations found. Audio input will be silent.
[2020.03.07-22.33.38:814][  0]LogAudioCaptureCore: Display: No Audio Capture implementations found. Audio input will be silent.
[2020.03.07-22.33.38:909][  0]LogOcInput: OculusInput pre-init called
[2020.03.07-22.33.38:921][  0]LogWindows: Failed to load 'OVRPlugin.dll' (GetLastError=126)
[2020.03.07-22.33.38:921][  0]LogWindows: File 'OVRPlugin.dll' does not exist
[2020.03.07-22.33.39:003][  0]LogEngine: Initializing Engine...
[2020.03.07-22.33.39:004][  0]LogHMD: Failed to initialize OpenVR with code 110
[2020.03.07-22.33.39:005][  0]LogStats: UGameplayTagsManager::InitializeManager -  0.000 s
[2020.03.07-22.33.39:286][  0]LogInit: Initializing FReadOnlyCVARCache
[2020.03.07-22.33.39:293][  0]LogAIModule: Creating AISystem for world Untitled
[2020.03.07-22.33.39:313][  0]LogAudioMixer: Display: Audio Mixer Platform Settings:
[2020.03.07-22.33.39:313][  0]LogAudioMixer: Display: 	Sample Rate:						  48000
[2020.03.07-22.33.39:313][  0]LogAudioMixer: Display: 	Callback Buffer Frame Size Requested: 1024
[2020.03.07-22.33.39:313][  0]LogAudioMixer: Display: 	Callback Buffer Frame Size To Use:	  1024
[2020.03.07-22.33.39:313][  0]LogAudioMixer: Display: 	Number of buffers to queue:			  2
[2020.03.07-22.33.39:313][  0]LogAudioMixer: Display: 	Max Channels (voices):				  32
[2020.03.07-22.33.39:313][  0]LogAudioMixer: Display: 	Number of Async Source Workers:		  0
[2020.03.07-22.33.39:313][  0]LogAudio: Display: AudioDevice MaxSources: 32
[2020.03.07-22.33.39:314][  0]LogAudio: Display: Using built-in audio occlusion.
[2020.03.07-22.33.39:314][  0]LogAudioMixer: Display: Initializing audio mixer.
[2020.03.07-22.33.39:417][  0]LogAudioMixer: Display: Audio Device Output Speaker Info:
[2020.03.07-22.33.39:417][  0]LogAudioMixer: Display: Name: Speakers (Realtek(R) Audio)
[2020.03.07-22.33.39:418][  0]LogAudioMixer: Display: Is Default: Yes
[2020.03.07-22.33.39:418][  0]LogAudioMixer: Display: Sample Rate: 192000
[2020.03.07-22.33.39:418][  0]LogAudioMixer: Display: Channel Count Used: 8
[2020.03.07-22.33.39:418][  0]LogAudioMixer: Display: Device Channel Count: 8
[2020.03.07-22.33.39:418][  0]LogAudioMixer: Display: Channel Order:
[2020.03.07-22.33.39:418][  0]LogAudioMixer: Display: 0: FrontLeft
[2020.03.07-22.33.39:418][  0]LogAudioMixer: Display: 1: FrontRight
[2020.03.07-22.33.39:418][  0]LogAudioMixer: Display: 2: FrontCenter
[2020.03.07-22.33.39:418][  0]LogAudioMixer: Display: 3: LowFrequency
[2020.03.07-22.33.39:418][  0]LogAudioMixer: Display: 4: BackLeft
[2020.03.07-22.33.39:418][  0]LogAudioMixer: Display: 5: BackRight
[2020.03.07-22.33.39:419][  0]LogAudioMixer: Display: 6: SideLeft
[2020.03.07-22.33.39:419][  0]LogAudioMixer: Display: 7: SideRight
[2020.03.07-22.33.39:582][  0]LogAudioMixer: Display: Using Audio Device Speakers (Realtek(R) Audio)
[2020.03.07-22.33.39:588][  0]LogInit: FAudioDevice initialized.
[2020.03.07-22.33.39:588][  0]LogNetVersion: Set ProjectVersion to 1.0.0.0. Version Checksum will be recalculated on next use.
[2020.03.07-22.33.39:628][  0]LogDerivedDataCache: Saved boot cache 0.04s 78MB C:/Users/lovbe/AppData/Local/UnrealEngine/4.24/DerivedDataCache/Boot.ddc.
[2020.03.07-22.33.39:636][  0]LogInit: Texture streaming: Enabled
[2020.03.07-22.33.39:652][  0]LogEngineSessionManager: EngineSessionManager initialized
[2020.03.07-22.33.39:653][  0]LogEngineSessionManager: EngineSessionManager sent abnormal shutdown report. Type=Debugger, SessionId={226202E5-41B5-D597-5948-50AF4D078C12}
[2020.03.07-22.33.39:653][  0]LogEngineSessionManager: EngineSessionManager sent abnormal shutdown report. Type=Debugger, SessionId={6B34415B-4A63-5923-705A-8E965CF1DFB2}
[2020.03.07-22.33.39:653][  0]LogEditorSessionSummary: Verbose: Initializing EditorSessionSummaryWriter for editor session tracking
[2020.03.07-22.33.39:654][  0]LogEditorSessionSummary: EditorSessionSummaryWriter initialized
[2020.03.07-22.33.39:663][  0]LogLiveCoding: Display: Starting LiveCoding
[2020.03.07-22.33.40:827][  0]LogLiveCoding: Display: First instance in process group "UE4_ArcaneNomads_0x4a2d3e38", spawning console
[2020.03.07-22.33.40:827][  0]LogLiveCoding: Display: Waiting for server
[2020.03.07-22.33.40:827][  0]LogLiveCoding: Display: Successfully initialized, removing startup thread
[2020.03.07-22.33.40:878][  0]LogInit: Transaction tracking system initialized
[2020.03.07-22.33.40:907][  0]BlueprintLog: New page: Editor Load
[2020.03.07-22.33.40:976][  0]LocalizationService: Localization service is disabled
[2020.03.07-22.33.41:242][  0]LogFileCache: Scanning file cache for directory 'C:/Users/lovbe/Desktop/ArcaneNomads/ArcaneNomads/Content/' took 0.01s
[2020.03.07-22.33.41:243][  0]LogCook: Display: Max memory allowance for cook 16384mb min free memory 0mb
[2020.03.07-22.33.41:243][  0]LogCook: Display: Mobile HDR setting 1
[2020.03.07-22.33.41:865][  0]SourceControl: Source control is disabled
[2020.03.07-22.33.41:865][  0]Cmd: MAP LOAD FILE="../../../../../../Users/lovbe/Desktop/ArcaneNomads/ArcaneNomads/Content/_UnrealAssets/ThirdPersonCPP/Maps/ThirdPersonExampleMap.umap" TEMPLATE=0 SHOWPROGRESS=1 FEATURELEVEL=3
[2020.03.07-22.33.41:865][  0]LightingResults: New page: Lighting Build
[2020.03.07-22.33.41:866][  0]LogWorld: UWorld::CleanupWorld for Untitled, bSessionEnded=true, bCleanupResources=true
[2020.03.07-22.33.41:866][  0]LogSlate: InvalidateAllWidgets triggered.  All widgets were invalidated
[2020.03.07-22.33.41:867][  0]MapCheck: New page: Map Check
[2020.03.07-22.33.41:867][  0]LightingResults: New page: Lighting Build
[2020.03.07-22.33.41:895][  0]LogUObjectHash: Compacting FUObjectHashTables data took   1.42ms
[2020.03.07-22.33.42:044][  0]LogBlueprint: Warning: [Compiler WBP_InventorySlot] Event Reply  Return Value  should not be empty.  Return a reply such as Handled or Unhandled.
[2020.03.07-22.33.42:283][  0]LogAIModule: Creating AISystem for world ThirdPersonExampleMap
[2020.03.07-22.33.42:309][  0]LogEditorServer: Finished looking for orphan Actors (0.000 secs)
[2020.03.07-22.33.42:345][  0]LogUObjectHash: Compacting FUObjectHashTables data took   2.16ms
[2020.03.07-22.33.42:345][  0]Cmd: MAP CHECKDEP NOCLEARLOG
[2020.03.07-22.33.42:346][  0]MapCheck: Map check complete: 0 Error(s), 0 Warning(s), took 0,131ms to complete.
[2020.03.07-22.33.42:346][  0]LogFileHelpers: Loading map 'ThirdPersonExampleMap' took 0.481
[2020.03.07-22.33.42:488][  0]LogSlate: Updating window title bar state: overlay mode, drag disabled, window buttons hidden, title bar hidden
[2020.03.07-22.33.42:495][  0]LogSlate: Updating window title bar state: overlay mode, drag disabled, window buttons hidden, title bar hidden
[2020.03.07-22.33.42:501][  0]LogSlate: Updating window title bar state: overlay mode, drag disabled, window buttons hidden, title bar hidden
[2020.03.07-22.33.42:508][  0]LogSlate: Updating window title bar state: overlay mode, drag disabled, window buttons hidden, title bar hidden
[2020.03.07-22.33.42:514][  0]LogCollectionManager: Loaded 0 collections in 0.002435 seconds
[2020.03.07-22.33.42:528][  0]LogFileCache: Scanning file cache for directory 'C:/Users/lovbe/Desktop/ArcaneNomads/ArcaneNomads/Saved/Collections/' took 0.00s
[2020.03.07-22.33.42:528][  0]LogFileCache: Scanning file cache for directory 'C:/Users/lovbe/Desktop/ArcaneNomads/ArcaneNomads/Content/Developers/lovbe/Collections/' took 0.00s
[2020.03.07-22.33.42:528][  0]LogFileCache: Scanning file cache for directory 'C:/Users/lovbe/Desktop/ArcaneNomads/ArcaneNomads/Content/Collections/' took 0.00s
[2020.03.07-22.33.42:528][  0]LogContentBrowser: Native class hierarchy populated in 0.0071 seconds. Added 3033 classes and 725 folders.
[2020.03.07-22.33.42:531][  0]LogContentBrowser: Native class hierarchy updated for 'WidgetCarousel' in 0.0003 seconds. Added 0 classes and 0 folders.
[2020.03.07-22.33.42:573][  0]LogContentBrowser: Native class hierarchy updated for 'AddContentDialog' in 0.0003 seconds. Added 0 classes and 0 folders.
[2020.03.07-22.33.42:580][  0]LogContentBrowser: Native class hierarchy updated for 'SceneOutliner' in 0.0004 seconds. Added 2 classes and 3 folders.
[2020.03.07-22.33.42:645][  0]LogSlate: Took 0.000136 seconds to synchronously load lazily loaded font '../../../Engine/Content/Slate/Fonts/Roboto-Regular.ttf' (155K)
[2020.03.07-22.33.42:649][  0]LogSlate: Took 0.000173 seconds to synchronously load lazily loaded font '../../../Engine/Content/Slate/Fonts/Roboto-Bold.ttf' (160K)
[2020.03.07-22.33.42:651][  0]LogSlate: Took 0.000130 seconds to synchronously load lazily loaded font '../../../Engine/Content/Editor/Slate/Fonts/FontAwesome.ttf' (139K)
[2020.03.07-22.33.42:713][  0]LogRenderer: Reallocating scene render targets to support 1224x472 Format 10 NumSamples 1 (Frame:1).
[2020.03.07-22.33.42:816][  0]LogContentBrowser: Native class hierarchy updated for 'HierarchicalLODOutliner' in 0.0005 seconds. Added 0 classes and 0 folders.
[2020.03.07-22.33.42:816][  0]LogLoad: (Engine Initialization) Total time: 9.87 seconds
[2020.03.07-22.33.42:816][  0]LogLoad: (Engine Initialization) Total Blueprint compile time: 0.00 seconds
[2020.03.07-22.33.42:877][  0]LogAssetRegistry: Asset discovery search completed in 6.1128 seconds
[2020.03.07-22.33.42:882][  0]LogCollectionManager: Fixed up redirectors for 0 collections in 0.000007 seconds (updated 0 objects)
[2020.03.07-22.33.42:884][  0]LogContentStreaming: Texture pool size now 1000 MB
[2020.03.07-22.33.42:920][  0]LogSlate: Took 0.000093 seconds to synchronously load lazily loaded font '../../../Engine/Content/Slate/Fonts/Roboto-Light.ttf' (167K)
[2020.03.07-22.34.19:106][162]LogTemp: Repeating last play command: Selected Viewport
[2020.03.07-22.34.19:123][162]LogBlueprintUserMessages: Early PlayInEditor Detection: Level '/Game/_UnrealAssets/ThirdPersonCPP/Maps/ThirdPersonExampleMap.ThirdPersonExampleMap:PersistentLevel' has LevelScriptBlueprint '/Game/_UnrealAssets/ThirdPersonCPP/Maps/ThirdPersonExampleMap.ThirdPersonExampleMap:PersistentLevel.ThirdPersonExampleMap' with GeneratedClass '/Game/_UnrealAssets/ThirdPersonCPP/Maps/ThirdPersonExampleMap.ThirdPersonExampleMap_C' with ClassGeneratedBy '/Game/_UnrealAssets/ThirdPersonCPP/Maps/ThirdPersonExampleMap.ThirdPersonExampleMap:PersistentLevel.ThirdPersonExampleMap'
[2020.03.07-22.34.19:123][162]LogPlayLevel: PlayLevel: No blueprints needed recompiling
[2020.03.07-22.34.19:124][162]PIE: New page: PIE session: ThirdPersonExampleMap (8 Mar 2020, 00:34:19)
[2020.03.07-22.34.19:125][162]LogOnline: OSS: Creating online subsystem instance for: NULL
[2020.03.07-22.34.19:128][162]LogOnline: OSS: TryLoadSubsystemAndSetDefault: Loaded subsystem for module [NULL]
[2020.03.07-22.34.19:128][162]LogPlayLevel: Creating play world package: /Game/_UnrealAssets/ThirdPersonCPP/Maps/UEDPIE_0_ThirdPersonExampleMap
[2020.03.07-22.34.19:147][162]LogPlayLevel: PIE: StaticDuplicateObject took: (0.019127s)
[2020.03.07-22.34.19:149][162]LogAIModule: Creating AISystem for world ThirdPersonExampleMap
[2020.03.07-22.34.19:150][162]LogPlayLevel: PIE: World Init took: (0.002272s)
[2020.03.07-22.34.19:150][162]LogPlayLevel: PIE: Created PIE world by copying editor world from /Game/_UnrealAssets/ThirdPersonCPP/Maps/ThirdPersonExampleMap.ThirdPersonExampleMap to /Game/_UnrealAssets/ThirdPersonCPP/Maps/UEDPIE_0_ThirdPersonExampleMap.ThirdPersonExampleMap (0.021913s)
[2020.03.07-22.34.19:178][162]LogUObjectHash: Compacting FUObjectHashTables data took   1.28ms
[2020.03.07-22.34.19:179][162]LogAudioMixer: Display: Audio Mixer Platform Settings:
[2020.03.07-22.34.19:179][162]LogAudioMixer: Display: 	Sample Rate:						  48000
[2020.03.07-22.34.19:179][162]LogAudioMixer: Display: 	Callback Buffer Frame Size Requested: 1024
[2020.03.07-22.34.19:180][162]LogAudioMixer: Display: 	Callback Buffer Frame Size To Use:	  1024
[2020.03.07-22.34.19:180][162]LogAudioMixer: Display: 	Number of buffers to queue:			  2
[2020.03.07-22.34.19:180][162]LogAudioMixer: Display: 	Max Channels (voices):				  32
[2020.03.07-22.34.19:180][162]LogAudioMixer: Display: 	Number of Async Source Workers:		  0
[2020.03.07-22.34.19:180][162]LogAudio: Display: AudioDevice MaxSources: 32
[2020.03.07-22.34.19:180][162]LogAudio: Display: Using built-in audio occlusion.
[2020.03.07-22.34.19:180][162]LogAudioMixer: Display: Initializing audio mixer.
[2020.03.07-22.34.19:187][162]LogAudioMixer: Display: Audio Device Output Speaker Info:
[2020.03.07-22.34.19:187][162]LogAudioMixer: Display: Name: Speakers (Realtek(R) Audio)
[2020.03.07-22.34.19:187][162]LogAudioMixer: Display: Is Default: Yes
[2020.03.07-22.34.19:188][162]LogAudioMixer: Display: Sample Rate: 192000
[2020.03.07-22.34.19:188][162]LogAudioMixer: Display: Channel Count Used: 8
[2020.03.07-22.34.19:188][162]LogAudioMixer: Display: Device Channel Count: 8
[2020.03.07-22.34.19:188][162]LogAudioMixer: Display: Channel Order:
[2020.03.07-22.34.19:188][162]LogAudioMixer: Display: 0: FrontLeft
[2020.03.07-22.34.19:188][162]LogAudioMixer: Display: 1: FrontRight
[2020.03.07-22.34.19:188][162]LogAudioMixer: Display: 2: FrontCenter
[2020.03.07-22.34.19:188][162]LogAudioMixer: Display: 3: LowFrequency
[2020.03.07-22.34.19:188][162]LogAudioMixer: Display: 4: BackLeft
[2020.03.07-22.34.19:188][162]LogAudioMixer: Display: 5: BackRight
[2020.03.07-22.34.19:188][162]LogAudioMixer: Display: 6: SideLeft
[2020.03.07-22.34.19:188][162]LogAudioMixer: Display: 7: SideRight
[2020.03.07-22.34.19:199][162]LogAudioMixer: Display: Using Audio Device Speakers (Realtek(R) Audio)
[2020.03.07-22.34.19:202][162]LogInit: FAudioDevice initialized.
[2020.03.07-22.34.19:261][162]LogLoad: Game class is 'BP_GameMode_Default_C'
[2020.03.07-22.34.19:265][162]LogWorld: Bringing World /Game/_UnrealAssets/ThirdPersonCPP/Maps/UEDPIE_0_ThirdPersonExampleMap.ThirdPersonExampleMap up for play (max tick rate 60) at 2020.03.07-23.34.19
[2020.03.07-22.34.19:266][162]LogWorld: Bringing up level for play took: 0.003516
[2020.03.07-22.34.19:267][162]LogOnline: OSS: Creating online subsystem instance for: :Context_1
[2020.03.07-22.34.19:271][162]LogContentBrowser: Native class hierarchy updated for 'MovieSceneCapture' in 0.0004 seconds. Added 20 classes and 0 folders.
[2020.03.07-22.34.19:272][162]LogOutputDevice: Warning: 

Script Stack (0 frames):

[2020.03.07-22.34.19:272][162]LogOutputDevice: Error: Ensure condition failed: Component->HasBegunPlay() [File:D:/Build/++UE4/Sync/Engine/Source/Runtime/Engine/Private/Actor.cpp] [Line: 3457] 
Failed to route BeginPlay (HealthComponent /Game/_UnrealAssets/ThirdPersonCPP/Maps/UEDPIE_0_ThirdPersonExampleMap.ThirdPersonExampleMap:PersistentLevel.BP_HitTarget2_5.Health)

[2020.03.07-22.34.19:272][162]LogStats:             FDebug::EnsureFailed -  0.000 s
[2020.03.07-22.34.21:769][162]LogBlueprintUserMessages: [BP_Zombie2_5] WBP_Crosshair_C_0
[2020.03.07-22.34.21:769][162]LogBlueprintUserMessages: [BP_Zombie3_8] WBP_Crosshair_C_1
[2020.03.07-22.34.21:770][162]LogBlueprintUserMessages: [BP_Zombie_2] WBP_Crosshair_C_2
[2020.03.07-22.34.21:770][162]LogBlueprintUserMessages: [BP_Player_C_0] WBP_Crosshair_C_3
[2020.03.07-22.34.21:771][162]LogTemp: Warning: CharacterMesh0
[2020.03.07-22.34.21:771][162]PIE: Play in editor start time for /Game/_UnrealAssets/ThirdPersonCPP/Maps/UEDPIE_0_ThirdPersonExampleMap 3,211
[2020.03.07-22.34.21:771][162]LogBlueprintUserMessages: Late PlayInEditor Detection: Level '/Game/_UnrealAssets/ThirdPersonCPP/Maps/ThirdPersonExampleMap.ThirdPersonExampleMap:PersistentLevel' has LevelScriptBlueprint '/Game/_UnrealAssets/ThirdPersonCPP/Maps/ThirdPersonExampleMap.ThirdPersonExampleMap:PersistentLevel.ThirdPersonExampleMap' with GeneratedClass '/Game/_UnrealAssets/ThirdPersonCPP/Maps/ThirdPersonExampleMap.ThirdPersonExampleMap_C' with ClassGeneratedBy '/Game/_UnrealAssets/ThirdPersonCPP/Maps/ThirdPersonExampleMap.ThirdPersonExampleMap:PersistentLevel.ThirdPersonExampleMap'
[2020.03.07-22.34.28:891][532]LogBlueprintUserMessages: [BP_Player_C_0] 1
[2020.03.07-22.34.34:224][852]LogAudioMixer: Display: No commands were queued while flushing the source manager.
[2020.03.07-22.34.34:224][852]LogAudioMixer: Display: No commands were queued while flushing the source manager.
[2020.03.07-22.34.34:224][852]LogBlueprintUserMessages: Early EndPlayMap Detection: Level '/Game/_UnrealAssets/ThirdPersonCPP/Maps/ThirdPersonExampleMap.ThirdPersonExampleMap:PersistentLevel' has LevelScriptBlueprint '/Game/_UnrealAssets/ThirdPersonCPP/Maps/ThirdPersonExampleMap.ThirdPersonExampleMap:PersistentLevel.ThirdPersonExampleMap' with GeneratedClass '/Game/_UnrealAssets/ThirdPersonCPP/Maps/ThirdPersonExampleMap.ThirdPersonExampleMap_C' with ClassGeneratedBy '/Game/_UnrealAssets/ThirdPersonCPP/Maps/ThirdPersonExampleMap.ThirdPersonExampleMap:PersistentLevel.ThirdPersonExampleMap'
[2020.03.07-22.34.34:225][852]LogSlate: Updating window title bar state: overlay mode, drag disabled, window buttons hidden, title bar hidden
[2020.03.07-22.34.34:225][852]LogWorld: BeginTearingDown for /Game/_UnrealAssets/ThirdPersonCPP/Maps/UEDPIE_0_ThirdPersonExampleMap
[2020.03.07-22.34.34:225][852]LogAudioMixer: Display: No commands were queued while flushing the source manager.
[2020.03.07-22.34.34:225][852]LogBlueprintUserMessages: [BP_Player_C_0] 0
[2020.03.07-22.34.34:225][852]LogWorld: UWorld::CleanupWorld for ThirdPersonExampleMap, bSessionEnded=true, bCleanupResources=true
[2020.03.07-22.34.34:226][852]LogSlate: InvalidateAllWidgets triggered.  All widgets were invalidated
[2020.03.07-22.34.34:239][852]LogPlayLevel: Display: Shutting down PIE online subsystems
[2020.03.07-22.34.34:239][852]LogBlueprintUserMessages: Late EndPlayMap Detection: Level '/Game/_UnrealAssets/ThirdPersonCPP/Maps/ThirdPersonExampleMap.ThirdPersonExampleMap:PersistentLevel' has LevelScriptBlueprint '/Game/_UnrealAssets/ThirdPersonCPP/Maps/ThirdPersonExampleMap.ThirdPersonExampleMap:PersistentLevel.ThirdPersonExampleMap' with GeneratedClass '/Game/_UnrealAssets/ThirdPersonCPP/Maps/ThirdPersonExampleMap.ThirdPersonExampleMap_C' with ClassGeneratedBy '/Game/_UnrealAssets/ThirdPersonCPP/Maps/ThirdPersonExampleMap.ThirdPersonExampleMap:PersistentLevel.ThirdPersonExampleMap'
[2020.03.07-22.34.34:242][852]LogSlate: InvalidateAllWidgets triggered.  All widgets were invalidated
[2020.03.07-22.34.34:268][852]LogAudioMixer: Display: No commands were queued while flushing the source manager.
[2020.03.07-22.34.34:272][852]LogSlate: Updating window title bar state: overlay mode, drag disabled, window buttons hidden, title bar hidden
[2020.03.07-22.34.34:275][852]LogUObjectHash: Compacting FUObjectHashTables data took   1.79ms
[2020.03.07-22.34.34:338][856]LogPlayLevel: Display: Destroying online subsystem :Context_1
[2020.03.07-22.34.45:905][545]LogSlate: Took 0.000127 seconds to synchronously load lazily loaded font '../../../Engine/Content/Slate/Fonts/Roboto-Light.ttf' (167K)
[2020.03.07-22.34.45:929][545]LogAssetEditorSubsystem: Opening Asset editor for WidgetBlueprint /Game/ArcaneNomads/Core/UI/WBP_Inventory.WBP_Inventory
[2020.03.07-22.34.46:033][545]LogContentBrowser: Native class hierarchy updated for 'BlueprintGraph' in 0.0005 seconds. Added 121 classes and 0 folders.
[2020.03.07-22.34.47:033][545]LogSlate: Took 0.000131 seconds to synchronously load lazily loaded font '../../../Engine/Content/Slate/Fonts/Roboto-BoldCondensed.ttf' (158K)
[2020.03.07-22.34.48:389][622]LogSlate: Took 0.000153 seconds to synchronously load lazily loaded font '../../../Engine/Content/Slate/Fonts/Roboto-Italic.ttf' (157K)
[2020.03.07-22.35.06:987][687]BlueprintLog: New page: Compile WBP_Inventory
[2020.03.07-22.35.07:062][687]LogUObjectHash: Compacting FUObjectHashTables data took   4.38ms
[2020.03.07-22.35.07:110][687]Cmd: OBJ SAVEPACKAGE PACKAGE="/Game/ArcaneNomads/Core/UI/WBP_Inventory" FILE="../../../../../../Users/lovbe/Desktop/ArcaneNomads/ArcaneNomads/Content/ArcaneNomads/Core/UI/WBP_Inventory.uasset" SILENT=true
[2020.03.07-22.35.07:150][687]LogSavePackage: Moving '../../../../../../Users/lovbe/Desktop/ArcaneNomads/ArcaneNomads/Saved/WBP_InventoryB101A7554A8250FC9762368F2D14F47B.tmp' to '../../../../../../Users/lovbe/Desktop/ArcaneNomads/ArcaneNomads/Content/ArcaneNomads/Core/UI/WBP_Inventory.uasset'
[2020.03.07-22.35.07:168][687]AssetCheck: New page: Asset Save: WBP_Inventory
[2020.03.07-22.35.07:168][687]LogContentValidation: Display: Validating WidgetBlueprint /Game/ArcaneNomads/Core/UI/WBP_Inventory.WBP_Inventory
[2020.03.07-22.35.07:673][714]Cmd: OBJ SAVEPACKAGE PACKAGE="/Game/ArcaneNomads/Core/UI/WBP_Inventory" FILE="../../../../../../Users/lovbe/Desktop/ArcaneNomads/ArcaneNomads/Content/ArcaneNomads/Core/UI/WBP_Inventory.uasset" SILENT=true
[2020.03.07-22.35.07:703][714]LogSavePackage: Moving '../../../../../../Users/lovbe/Desktop/ArcaneNomads/ArcaneNomads/Saved/WBP_Inventory5EE823984A9738EC62CE318E009916E8.tmp' to '../../../../../../Users/lovbe/Desktop/ArcaneNomads/ArcaneNomads/Content/ArcaneNomads/Core/UI/WBP_Inventory.uasset'
[2020.03.07-22.35.07:718][714]AssetCheck: New page: Asset Save: WBP_Inventory
[2020.03.07-22.35.07:718][714]LogContentValidation: Display: Validating WidgetBlueprint /Game/ArcaneNomads/Core/UI/WBP_Inventory.WBP_Inventory
[2020.03.07-22.35.08:798][779]LogTemp: Repeating last play command: Selected Viewport
[2020.03.07-22.35.08:818][779]LogBlueprintUserMessages: Early PlayInEditor Detection: Level '/Game/_UnrealAssets/ThirdPersonCPP/Maps/ThirdPersonExampleMap.ThirdPersonExampleMap:PersistentLevel' has LevelScriptBlueprint '/Game/_UnrealAssets/ThirdPersonCPP/Maps/ThirdPersonExampleMap.ThirdPersonExampleMap:PersistentLevel.ThirdPersonExampleMap' with GeneratedClass '/Game/_UnrealAssets/ThirdPersonCPP/Maps/ThirdPersonExampleMap.ThirdPersonExampleMap_C' with ClassGeneratedBy '/Game/_UnrealAssets/ThirdPersonCPP/Maps/ThirdPersonExampleMap.ThirdPersonExampleMap:PersistentLevel.ThirdPersonExampleMap'
[2020.03.07-22.35.08:818][779]LogPlayLevel: PlayLevel: No blueprints needed recompiling
[2020.03.07-22.35.08:818][779]PIE: New page: PIE session: ThirdPersonExampleMap (8 Mar 2020, 00:35:08)
[2020.03.07-22.35.08:818][779]LogPlayLevel: Creating play world package: /Game/_UnrealAssets/ThirdPersonCPP/Maps/UEDPIE_0_ThirdPersonExampleMap
[2020.03.07-22.35.08:831][779]LogPlayLevel: PIE: StaticDuplicateObject took: (0.012830s)
[2020.03.07-22.35.08:832][779]LogAIModule: Creating AISystem for world ThirdPersonExampleMap
[2020.03.07-22.35.08:833][779]LogPlayLevel: PIE: World Init took: (0.001117s)
[2020.03.07-22.35.08:833][779]LogPlayLevel: PIE: Created PIE world by copying editor world from /Game/_UnrealAssets/ThirdPersonCPP/Maps/ThirdPersonExampleMap.ThirdPersonExampleMap to /Game/_UnrealAssets/ThirdPersonCPP/Maps/UEDPIE_0_ThirdPersonExampleMap.ThirdPersonExampleMap (0.014332s)
[2020.03.07-22.35.08:875][779]LogUObjectHash: Compacting FUObjectHashTables data took   3.87ms
[2020.03.07-22.35.08:876][779]LogAudioMixer: Display: Audio Mixer Platform Settings:
[2020.03.07-22.35.08:876][779]LogAudioMixer: Display: 	Sample Rate:						  48000
[2020.03.07-22.35.08:876][779]LogAudioMixer: Display: 	Callback Buffer Frame Size Requested: 1024
[2020.03.07-22.35.08:876][779]LogAudioMixer: Display: 	Callback Buffer Frame Size To Use:	  1024
[2020.03.07-22.35.08:876][779]LogAudioMixer: Display: 	Number of buffers to queue:			  2
[2020.03.07-22.35.08:876][779]LogAudioMixer: Display: 	Max Channels (voices):				  32
[2020.03.07-22.35.08:876][779]LogAudioMixer: Display: 	Number of Async Source Workers:		  0
[2020.03.07-22.35.08:876][779]LogAudio: Display: AudioDevice MaxSources: 32
[2020.03.07-22.35.08:877][779]LogAudio: Display: Using built-in audio occlusion.
[2020.03.07-22.35.08:877][779]LogAudioMixer: Display: Initializing audio mixer.
[2020.03.07-22.35.08:884][779]LogAudioMixer: Display: Audio Device Output Speaker Info:
[2020.03.07-22.35.08:884][779]LogAudioMixer: Display: Name: Speakers (Realtek(R) Audio)
[2020.03.07-22.35.08:884][779]LogAudioMixer: Display: Is Default: Yes
[2020.03.07-22.35.08:884][779]LogAudioMixer: Display: Sample Rate: 192000
[2020.03.07-22.35.08:884][779]LogAudioMixer: Display: Channel Count Used: 8
[2020.03.07-22.35.08:884][779]LogAudioMixer: Display: Device Channel Count: 8
[2020.03.07-22.35.08:884][779]LogAudioMixer: Display: Channel Order:
[2020.03.07-22.35.08:885][779]LogAudioMixer: Display: 0: FrontLeft
[2020.03.07-22.35.08:885][779]LogAudioMixer: Display: 1: FrontRight
[2020.03.07-22.35.08:885][779]LogAudioMixer: Display: 2: FrontCenter
[2020.03.07-22.35.08:885][779]LogAudioMixer: Display: 3: LowFrequency
[2020.03.07-22.35.08:885][779]LogAudioMixer: Display: 4: BackLeft
[2020.03.07-22.35.08:885][779]LogAudioMixer: Display: 5: BackRight
[2020.03.07-22.35.08:886][779]LogAudioMixer: Display: 6: SideLeft
[2020.03.07-22.35.08:886][779]LogAudioMixer: Display: 7: SideRight
[2020.03.07-22.35.08:894][779]LogAudioMixer: Display: Using Audio Device Speakers (Realtek(R) Audio)
[2020.03.07-22.35.08:898][779]LogInit: FAudioDevice initialized.
[2020.03.07-22.35.08:911][779]LogLoad: Game class is 'BP_GameMode_Default_C'
[2020.03.07-22.35.08:914][779]LogWorld: Bringing World /Game/_UnrealAssets/ThirdPersonCPP/Maps/UEDPIE_0_ThirdPersonExampleMap.ThirdPersonExampleMap up for play (max tick rate 60) at 2020.03.07-23.35.08
[2020.03.07-22.35.08:914][779]LogWorld: Bringing up level for play took: 0.002772
[2020.03.07-22.35.08:915][779]LogOnline: OSS: Creating online subsystem instance for: :Context_4
[2020.03.07-22.35.08:919][779]LogBlueprintUserMessages: [BP_Zombie2_5] WBP_Crosshair_C_0
[2020.03.07-22.35.08:920][779]LogBlueprintUserMessages: [BP_Zombie3_8] WBP_Crosshair_C_1
[2020.03.07-22.35.08:920][779]LogBlueprintUserMessages: [BP_Zombie_2] WBP_Crosshair_C_2
[2020.03.07-22.35.08:920][779]LogBlueprintUserMessages: [BP_Player_C_0] WBP_Crosshair_C_3
[2020.03.07-22.35.08:921][779]LogTemp: Warning: CharacterMesh0
[2020.03.07-22.35.08:921][779]PIE: Play in editor start time for /Game/_UnrealAssets/ThirdPersonCPP/Maps/UEDPIE_0_ThirdPersonExampleMap 0,361
[2020.03.07-22.35.08:921][779]LogBlueprintUserMessages: Late PlayInEditor Detection: Level '/Game/_UnrealAssets/ThirdPersonCPP/Maps/ThirdPersonExampleMap.ThirdPersonExampleMap:PersistentLevel' has LevelScriptBlueprint '/Game/_UnrealAssets/ThirdPersonCPP/Maps/ThirdPersonExampleMap.ThirdPersonExampleMap:PersistentLevel.ThirdPersonExampleMap' with GeneratedClass '/Game/_UnrealAssets/ThirdPersonCPP/Maps/ThirdPersonExampleMap.ThirdPersonExampleMap_C' with ClassGeneratedBy '/Game/_UnrealAssets/ThirdPersonCPP/Maps/ThirdPersonExampleMap.ThirdPersonExampleMap:PersistentLevel.ThirdPersonExampleMap'
[2020.03.07-22.35.12:345][984]LogBlueprintUserMessages: [BP_Player_C_0] 1
[2020.03.07-22.35.16:877][256]LogBlueprintUserMessages: [BP_Player_C_0] 0
[2020.03.07-22.36.20:028][ 26]LogAudioMixer: Display: No commands were queued while flushing the source manager.
[2020.03.07-22.36.20:028][ 26]LogAudioMixer: Display: No commands were queued while flushing the source manager.
[2020.03.07-22.36.20:028][ 26]LogBlueprintUserMessages: Early EndPlayMap Detection: Level '/Game/_UnrealAssets/ThirdPersonCPP/Maps/ThirdPersonExampleMap.ThirdPersonExampleMap:PersistentLevel' has LevelScriptBlueprint '/Game/_UnrealAssets/ThirdPersonCPP/Maps/ThirdPersonExampleMap.ThirdPersonExampleMap:PersistentLevel.ThirdPersonExampleMap' with GeneratedClass '/Game/_UnrealAssets/ThirdPersonCPP/Maps/ThirdPersonExampleMap.ThirdPersonExampleMap_C' with ClassGeneratedBy '/Game/_UnrealAssets/ThirdPersonCPP/Maps/ThirdPersonExampleMap.ThirdPersonExampleMap:PersistentLevel.ThirdPersonExampleMap'
[2020.03.07-22.36.20:029][ 26]LogSlate: Updating window title bar state: overlay mode, drag disabled, window buttons hidden, title bar hidden
[2020.03.07-22.36.20:029][ 26]LogWorld: BeginTearingDown for /Game/_UnrealAssets/ThirdPersonCPP/Maps/UEDPIE_0_ThirdPersonExampleMap
[2020.03.07-22.36.20:029][ 26]LogAudioMixer: Display: No commands were queued while flushing the source manager.
[2020.03.07-22.36.20:029][ 26]LogWorld: UWorld::CleanupWorld for ThirdPersonExampleMap, bSessionEnded=true, bCleanupResources=true
[2020.03.07-22.36.20:030][ 26]LogSlate: InvalidateAllWidgets triggered.  All widgets were invalidated
[2020.03.07-22.36.20:045][ 26]LogPlayLevel: Display: Shutting down PIE online subsystems
[2020.03.07-22.36.20:045][ 26]LogBlueprintUserMessages: Late EndPlayMap Detection: Level '/Game/_UnrealAssets/ThirdPersonCPP/Maps/ThirdPersonExampleMap.ThirdPersonExampleMap:PersistentLevel' has LevelScriptBlueprint '/Game/_UnrealAssets/ThirdPersonCPP/Maps/ThirdPersonExampleMap.ThirdPersonExampleMap:PersistentLevel.ThirdPersonExampleMap' with GeneratedClass '/Game/_UnrealAssets/ThirdPersonCPP/Maps/ThirdPersonExampleMap.ThirdPersonExampleMap_C' with ClassGeneratedBy '/Game/_UnrealAssets/ThirdPersonCPP/Maps/ThirdPersonExampleMap.ThirdPersonExampleMap:PersistentLevel.ThirdPersonExampleMap'
[2020.03.07-22.36.20:050][ 26]LogSlate: InvalidateAllWidgets triggered.  All widgets were invalidated
[2020.03.07-22.36.20:083][ 26]LogAudioMixer: Display: No commands were queued while flushing the source manager.
[2020.03.07-22.36.20:087][ 26]LogSlate: Updating window title bar state: overlay mode, drag disabled, window buttons hidden, title bar hidden
[2020.03.07-22.36.20:091][ 26]LogUObjectHash: Compacting FUObjectHashTables data took   2.85ms
[2020.03.07-22.36.20:142][ 29]LogPlayLevel: Display: Destroying online subsystem :Context_4
[2020.03.07-23.01.06:757][209]LogLiveCoding: Display:    Creating library C:\Users\lovbe\Desktop\ArcaneNomads\ArcaneNomads\Binaries\Win64\UE4Editor-ArcaneNomads-Win64-DebugGame.exe.lib and object C:\Users\lovbe\Desktop\ArcaneNomads\ArcaneNomads\Binaries\Win64\UE4Editor-ArcaneNomads-Win64-DebugGame.exe.exp
[2020.03.07-23.02.31:547][274]LogTemp: Repeating last play command: Selected Viewport
[2020.03.07-23.02.31:676][274]LogBlueprintUserMessages: Early PlayInEditor Detection: Level '/Game/_UnrealAssets/ThirdPersonCPP/Maps/ThirdPersonExampleMap.ThirdPersonExampleMap:PersistentLevel' has LevelScriptBlueprint '/Game/_UnrealAssets/ThirdPersonCPP/Maps/ThirdPersonExampleMap.ThirdPersonExampleMap:PersistentLevel.ThirdPersonExampleMap' with GeneratedClass '/Game/_UnrealAssets/ThirdPersonCPP/Maps/ThirdPersonExampleMap.ThirdPersonExampleMap_C' with ClassGeneratedBy '/Game/_UnrealAssets/ThirdPersonCPP/Maps/ThirdPersonExampleMap.ThirdPersonExampleMap:PersistentLevel.ThirdPersonExampleMap'
[2020.03.07-23.02.31:677][274]LogPlayLevel: PlayLevel: No blueprints needed recompiling
[2020.03.07-23.02.31:677][274]PIE: New page: PIE session: ThirdPersonExampleMap (8 Mar 2020, 01:02:31)
[2020.03.07-23.02.31:678][274]LogPlayLevel: Creating play world package: /Game/_UnrealAssets/ThirdPersonCPP/Maps/UEDPIE_0_ThirdPersonExampleMap
[2020.03.07-23.02.31:723][274]LogPlayLevel: PIE: StaticDuplicateObject took: (0.044039s)
[2020.03.07-23.02.31:727][274]LogAIModule: Creating AISystem for world ThirdPersonExampleMap
[2020.03.07-23.02.31:728][274]LogPlayLevel: PIE: World Init took: (0.004538s)
[2020.03.07-23.02.31:728][274]LogPlayLevel: PIE: Created PIE world by copying editor world from /Game/_UnrealAssets/ThirdPersonCPP/Maps/ThirdPersonExampleMap.ThirdPersonExampleMap to /Game/_UnrealAssets/ThirdPersonCPP/Maps/UEDPIE_0_ThirdPersonExampleMap.ThirdPersonExampleMap (0.049526s)
[2020.03.07-23.02.31:802][274]LogUObjectHash: Compacting FUObjectHashTables data took   6.18ms
[2020.03.07-23.02.31:809][274]LogAudioMixer: Display: Audio Mixer Platform Settings:
[2020.03.07-23.02.31:810][274]LogAudioMixer: Display: 	Sample Rate:						  48000
[2020.03.07-23.02.31:810][274]LogAudioMixer: Display: 	Callback Buffer Frame Size Requested: 1024
[2020.03.07-23.02.31:810][274]LogAudioMixer: Display: 	Callback Buffer Frame Size To Use:	  1024
[2020.03.07-23.02.31:810][274]LogAudioMixer: Display: 	Number of buffers to queue:			  2
[2020.03.07-23.02.31:810][274]LogAudioMixer: Display: 	Max Channels (voices):				  32
[2020.03.07-23.02.31:810][274]LogAudioMixer: Display: 	Number of Async Source Workers:		  0
[2020.03.07-23.02.31:810][274]LogAudio: Display: AudioDevice MaxSources: 32
[2020.03.07-23.02.31:811][274]LogAudio: Display: Using built-in audio occlusion.
[2020.03.07-23.02.31:811][274]LogAudioMixer: Display: Initializing audio mixer.
[2020.03.07-23.02.31:818][274]LogAudioMixer: Display: Audio Device Output Speaker Info:
[2020.03.07-23.02.31:818][274]LogAudioMixer: Display: Name: Speakers (Realtek(R) Audio)
[2020.03.07-23.02.31:818][274]LogAudioMixer: Display: Is Default: Yes
[2020.03.07-23.02.31:818][274]LogAudioMixer: Display: Sample Rate: 192000
[2020.03.07-23.02.31:819][274]LogAudioMixer: Display: Channel Count Used: 8
[2020.03.07-23.02.31:819][274]LogAudioMixer: Display: Device Channel Count: 8
[2020.03.07-23.02.31:819][274]LogAudioMixer: Display: Channel Order:
[2020.03.07-23.02.31:819][274]LogAudioMixer: Display: 0: FrontLeft
[2020.03.07-23.02.31:819][274]LogAudioMixer: Display: 1: FrontRight
[2020.03.07-23.02.31:819][274]LogAudioMixer: Display: 2: FrontCenter
[2020.03.07-23.02.31:819][274]LogAudioMixer: Display: 3: LowFrequency
[2020.03.07-23.02.31:819][274]LogAudioMixer: Display: 4: BackLeft
[2020.03.07-23.02.31:819][274]LogAudioMixer: Display: 5: BackRight
[2020.03.07-23.02.31:819][274]LogAudioMixer: Display: 6: SideLeft
[2020.03.07-23.02.31:819][274]LogAudioMixer: Display: 7: SideRight
[2020.03.07-23.02.31:829][274]LogAudioMixer: Display: Using Audio Device Speakers (Realtek(R) Audio)
[2020.03.07-23.02.31:840][274]LogInit: FAudioDevice initialized.
[2020.03.07-23.02.31:856][274]LogLoad: Game class is 'BP_GameMode_Default_C'
[2020.03.07-23.02.31:862][274]LogWorld: Bringing World /Game/_UnrealAssets/ThirdPersonCPP/Maps/UEDPIE_0_ThirdPersonExampleMap.ThirdPersonExampleMap up for play (max tick rate 60) at 2020.03.08-00.02.31
[2020.03.07-23.02.31:863][274]LogWorld: Bringing up level for play took: 0.005408
[2020.03.07-23.02.31:864][274]LogOnline: OSS: Creating online subsystem instance for: :Context_5
[2020.03.07-23.02.31:870][274]LogBlueprintUserMessages: [BP_Zombie2_5] WBP_Crosshair_C_0
[2020.03.07-23.02.31:871][274]LogBlueprintUserMessages: [BP_Zombie3_8] WBP_Crosshair_C_1
[2020.03.07-23.02.31:871][274]LogBlueprintUserMessages: [BP_Zombie_2] WBP_Crosshair_C_2
[2020.03.07-23.02.31:872][274]LogBlueprintUserMessages: [BP_Player_C_0] WBP_Crosshair_C_3
[2020.03.07-23.02.31:872][274]LogTemp: Warning: CharacterMesh0
[2020.03.07-23.02.31:873][274]PIE: Play in editor start time for /Game/_UnrealAssets/ThirdPersonCPP/Maps/UEDPIE_0_ThirdPersonExampleMap -0,687
[2020.03.07-23.02.31:874][274]LogBlueprintUserMessages: Late PlayInEditor Detection: Level '/Game/_UnrealAssets/ThirdPersonCPP/Maps/ThirdPersonExampleMap.ThirdPersonExampleMap:PersistentLevel' has LevelScriptBlueprint '/Game/_UnrealAssets/ThirdPersonCPP/Maps/ThirdPersonExampleMap.ThirdPersonExampleMap:PersistentLevel.ThirdPersonExampleMap' with GeneratedClass '/Game/_UnrealAssets/ThirdPersonCPP/Maps/ThirdPersonExampleMap.ThirdPersonExampleMap_C' with ClassGeneratedBy '/Game/_UnrealAssets/ThirdPersonCPP/Maps/ThirdPersonExampleMap.ThirdPersonExampleMap:PersistentLevel.ThirdPersonExampleMap'
[2020.03.07-23.02.33:719][384]LogBlueprintUserMessages: [BP_Player_C_0] 1
[2020.03.07-23.02.38:442][668]LogBlueprintUserMessages: [BP_Player_C_0] 0
[2020.03.07-23.02.38:443][668]LogScript: Warning: Attempted to access Storeable via property CallFunc_GetItemAt_ReturnValue_1, but Storeable is pending kill
	WBP_Inventory_C /Engine/Transient.UnrealEdEngine_0:GameInstance_2.WBP_Inventory_C_0
	Function /Game/ArcaneNomads/Core/UI/WBP_Inventory.WBP_Inventory_C:ExecuteUbergraph_WBP_Inventory:069C
[2020.03.07-23.02.38:444][668]LogScript: Warning: Accessed None trying to read property CallFunc_GetOwner_ReturnValue
	WBP_Inventory_C /Engine/Transient.UnrealEdEngine_0:GameInstance_2.WBP_Inventory_C_0
	Function /Game/ArcaneNomads/Core/UI/WBP_Inventory.WBP_Inventory_C:ExecuteUbergraph_WBP_Inventory:06CE
[2020.03.07-23.02.48:465][268]LogBlueprintUserMessages: [BP_Player_C_0] 1
[2020.03.07-23.02.52:831][530]LogBlueprintUserMessages: [BP_Player_C_0] 0
[2020.03.07-23.02.52:831][530]LogScript: Warning: Attempted to access Storeable via property CallFunc_GetItemAt_ReturnValue_1, but Storeable is pending kill
	WBP_Inventory_C /Engine/Transient.UnrealEdEngine_0:GameInstance_2.WBP_Inventory_C_2
	Function /Game/ArcaneNomads/Core/UI/WBP_Inventory.WBP_Inventory_C:ExecuteUbergraph_WBP_Inventory:069C
[2020.03.07-23.02.52:832][530]LogScript: Warning: Accessed None trying to read property CallFunc_GetOwner_ReturnValue
	WBP_Inventory_C /Engine/Transient.UnrealEdEngine_0:GameInstance_2.WBP_Inventory_C_2
	Function /Game/ArcaneNomads/Core/UI/WBP_Inventory.WBP_Inventory_C:ExecuteUbergraph_WBP_Inventory:06CE
[2020.03.07-23.02.55:280][676]LogBlueprintUserMessages: [BP_Zombie_2] BP_Player
[2020.03.07-23.02.55:498][689]LogBlueprintUserMessages: [BP_Zombie_2] BP_Player
[2020.03.07-23.02.55:765][705]LogBlueprintUserMessages: [BP_Zombie_2] BP_Player
[2020.03.07-23.02.55:981][718]LogBlueprintUserMessages: [BP_Zombie_2] BP_Player
[2020.03.07-23.02.56:197][731]LogBlueprintUserMessages: [BP_Zombie_2] I'm dead
[2020.03.07-23.02.57:997][839]LogBlueprintUserMessages: [BP_Player_C_0] 1
[2020.03.07-23.03.00:963][ 17]LogBlueprintUserMessages: [BP_Player_C_0] 0
[2020.03.07-23.03.03:964][197]LogBlueprintUserMessages: [BP_Player_C_0] 1
[2020.03.07-23.03.04:780][246]LogBlueprintUserMessages: [BP_Player_C_0] 0
[2020.03.07-23.03.04:780][246]LogScript: Warning: Attempted to access Storeable via property CallFunc_GetItemAt_ReturnValue_1, but Storeable is pending kill
	WBP_Inventory_C /Engine/Transient.UnrealEdEngine_0:GameInstance_2.WBP_Inventory_C_2
	Function /Game/ArcaneNomads/Core/UI/WBP_Inventory.WBP_Inventory_C:ExecuteUbergraph_WBP_Inventory:069C
[2020.03.07-23.03.04:780][246]LogScript: Warning: Accessed None trying to read property CallFunc_GetOwner_ReturnValue
	WBP_Inventory_C /Engine/Transient.UnrealEdEngine_0:GameInstance_2.WBP_Inventory_C_2
	Function /Game/ArcaneNomads/Core/UI/WBP_Inventory.WBP_Inventory_C:ExecuteUbergraph_WBP_Inventory:06CE
[2020.03.07-23.03.07:699][419]LogOutputDevice: Warning: 

Script Stack (0 frames):

[2020.03.07-23.03.13:658][419]LogWindows: Windows GetLastError: The operation completed successfully. (0)
[2020.03.07-23.03.13:667][419]LogWindows: Error: === Critical error: ===
[2020.03.07-23.03.13:667][419]LogWindows: Error: 
[2020.03.07-23.03.13:667][419]LogWindows: Error: Fatal error: [File:D:/Build/++UE4/Sync/Engine/Source/Runtime/CoreUObject/Private/UObject/Obj.cpp] [Line: 986] 
[2020.03.07-23.03.13:667][419]LogWindows: Error: WBP_Inventory_C /Engine/Transient.UnrealEdEngine_0:GameInstance_2.WBP_Inventory_C_2 failed to route BeginDestroy
[2020.03.07-23.03.13:667][419]LogWindows: Error: 
[2020.03.07-23.03.13:667][419]LogWindows: Error: 
[2020.03.07-23.03.13:668][419]LogWindows: Error: 
[2020.03.07-23.03.13:681][419]LogExit: Executing StaticShutdownAfterError
[2020.03.07-23.03.13:687][419]LogWindows: FPlatformMisc::RequestExit(1)
[2020.03.07-23.03.13:687][419]LogCore: Engine exit requested (reason: Win RequestExit)
[2020.03.07-23.03.13:691][419]Log file closed, 03/08/20 00:03:13
