Log file open, 03/03/20 19:21:52
LogWindows: Failed to load 'aqProf.dll' (GetLastError=126)
LogWindows: File 'aqProf.dll' does not exist
LogWindows: Failed to load 'VtuneApi.dll' (GetLastError=126)
LogWindows: File 'VtuneApi.dll' does not exist
LogWindows: Failed to load 'VtuneApi32e.dll' (GetLastError=126)
LogWindows: File 'VtuneApi32e.dll' does not exist
LogConsoleResponse: Display: Failed to find resolution value strings in scalability ini. Falling back to default.
LogInit: Display: Running engine for game: ArcaneNomads
LogPlatformFile: Not using cached read wrapper
LogTaskGraph: Started task graph with 5 named threads and 35 total threads with 3 sets of task threads.
LogStats: Stats thread started at 0.326427
LogD3D11RHI: Loaded GFSDK_Aftermath_Lib.x64.dll
LogICUInternationalization: ICU TimeZone Detection - Raw Offset: +1:00, Platform Override: ''
LogPluginManager: Mounting plugin Paper2D
LogPluginManager: Mounting plugin AISupport
LogPluginManager: Mounting plugin LightPropagationVolume
LogPluginManager: Mounting plugin ActorLayerUtilities
LogPluginManager: Mounting plugin AnimationSharing
LogPluginManager: Mounting plugin CLionSourceCodeAccess
LogPluginManager: Mounting plugin CodeLiteSourceCodeAccess
LogPluginManager: Mounting plugin GitSourceControl
LogPluginManager: Mounting plugin KDevelopSourceCodeAccess
LogPluginManager: Mounting plugin NullSourceCodeAccess
LogPluginManager: Mounting plugin PerforceSourceControl
LogPluginManager: Mounting plugin PlasticSourceControl
LogPluginManager: Mounting plugin SubversionSourceControl
LogPluginManager: Mounting plugin UObjectPlugin
LogPluginManager: Mounting plugin VisualStudioCodeSourceCodeAccess
LogPluginManager: Mounting plugin VisualStudioSourceCodeAccess
LogPluginManager: Mounting plugin XCodeSourceCodeAccess
LogPluginManager: Mounting plugin AssetManagerEditor
LogPluginManager: Mounting plugin CryptoKeys
LogPluginManager: Mounting plugin CurveEditorTools
LogPluginManager: Mounting plugin DataValidation
LogPluginManager: Mounting plugin FacialAnimation
LogPluginManager: Mounting plugin GameplayTagsEditor
LogPluginManager: Mounting plugin MacGraphicsSwitching
LogPluginManager: Mounting plugin MaterialAnalyzer
LogPluginManager: Mounting plugin MobileLauncherProfileWizard
LogPluginManager: Mounting plugin PluginBrowser
LogPluginManager: Mounting plugin SpeedTreeImporter
LogPluginManager: Mounting plugin DatasmithContent
LogPluginManager: Mounting plugin VariantManagerContent
LogPluginManager: Mounting plugin AlembicImporter
LogPluginManager: Mounting plugin AutomationUtils
LogPluginManager: Mounting plugin BackChannel
LogPluginManager: Mounting plugin CharacterAI
LogPluginManager: Mounting plugin GeometryCache
LogPluginManager: Mounting plugin PlatformCrypto
LogPluginManager: Mounting plugin ProxyLODPlugin
LogPluginManager: Mounting plugin SkeletalReduction
LogPluginManager: Mounting plugin MagicLeap
LogPluginManager: Mounting plugin MagicLeapMedia
LogPluginManager: Mounting plugin MLSDK
LogPluginManager: Mounting plugin AndroidMedia
LogPluginManager: Mounting plugin AvfMedia
LogPluginManager: Mounting plugin ImgMedia
LogPluginManager: Mounting plugin MediaCompositing
LogPluginManager: Mounting plugin MediaPlayerEditor
LogPluginManager: Mounting plugin WebMMedia
LogPluginManager: Mounting plugin WmfMedia
LogPluginManager: Mounting plugin TcpMessaging
LogPluginManager: Mounting plugin UdpMessaging
LogPluginManager: Mounting plugin ActorSequence
LogPluginManager: Mounting plugin LevelSequenceEditor
LogPluginManager: Mounting plugin MatineeToLevelSequence
LogPluginManager: Mounting plugin NetcodeUnitTest
LogPluginManager: Mounting plugin NUTUnrealEngine4
LogPluginManager: Mounting plugin OnlineSubsystemGooglePlay
LogPluginManager: Mounting plugin OnlineSubsystemIOS
LogPluginManager: Mounting plugin OnlineSubsystem
LogPluginManager: Mounting plugin OnlineSubsystemNull
LogPluginManager: Mounting plugin OnlineSubsystemUtils
LogPluginManager: Mounting plugin LauncherChunkInstaller
LogPluginManager: Mounting plugin AndroidDeviceProfileSelector
LogPluginManager: Mounting plugin AndroidMoviePlayer
LogPluginManager: Mounting plugin AndroidPermission
LogPluginManager: Mounting plugin AppleImageUtils
LogPluginManager: Mounting plugin AppleMoviePlayer
LogPluginManager: Mounting plugin ArchVisCharacter
LogPluginManager: Mounting plugin AssetTags
LogPluginManager: Mounting plugin AudioCapture
LogPluginManager: Mounting plugin CableComponent
LogPluginManager: Mounting plugin CustomMeshComponent
LogPluginManager: Mounting plugin EditableMesh
LogPluginManager: Mounting plugin ExampleDeviceProfileSelector
LogPluginManager: Mounting plugin GoogleCloudMessaging
LogPluginManager: Mounting plugin IOSDeviceProfileSelector
LogPluginManager: Mounting plugin LinuxDeviceProfileSelector
LogPluginManager: Mounting plugin LocationServicesBPLibrary
LogPluginManager: Mounting plugin MobilePatchingUtils
LogPluginManager: Mounting plugin OculusVR
LogPluginManager: Mounting plugin PhysXVehicles
LogPluginManager: Mounting plugin PostSplashScreen
LogPluginManager: Mounting plugin ProceduralMeshComponent
LogPluginManager: Mounting plugin RuntimePhysXCooking
LogPluginManager: Mounting plugin SignificanceManager
LogPluginManager: Mounting plugin SteamVR
LogPluginManager: Mounting plugin WebMMoviePlayer
LogPluginManager: Mounting plugin WindowsMoviePlayer
LogPluginManager: Mounting plugin ScreenshotTools
LogInit: Using libcurl 7.55.1-DEV
LogInit:  - built for x86_64-pc-win32
LogInit:  - supports SSL with OpenSSL/1.1.1
LogInit:  - supports HTTP deflate (compression) using libz 1.2.8
LogInit:  - other features:
LogInit:      CURL_VERSION_SSL
LogInit:      CURL_VERSION_LIBZ
LogInit:      CURL_VERSION_IPV6
LogInit:      CURL_VERSION_ASYNCHDNS
LogInit:      CURL_VERSION_LARGEFILE
LogInit:      CURL_VERSION_IDN
LogInit:  CurlRequestOptions (configurable via config and command line):
LogInit:  - bVerifyPeer = true  - Libcurl will verify peer certificate
LogInit:  - bUseHttpProxy = false  - Libcurl will NOT use HTTP proxy
LogInit:  - bDontReuseConnections = false  - Libcurl will reuse connections
LogInit:  - MaxHostConnections = 16  - Libcurl will limit the number of connections to a host
LogInit:  - LocalHostAddr = Default
LogInit:  - BufferSize = 65536
LogOnline: OSS: Creating online subsystem instance for: NULL
LogInit: WinSock: version 1.1 (2.2), MaxSocks=32767, MaxUdp=65467
LogOnline: OSS: TryLoadSubsystemAndSetDefault: Loaded subsystem for module [NULL]
LogInit: Build: ++UE4+Release-4.24-CL-11590370
LogInit: Engine Version: 4.24.3-11590370+++UE4+Release-4.24
LogInit: Compatible Engine Version: 4.24.0-10570792+++UE4+Release-4.24
LogInit: Net CL: 10570792
LogInit: OS: Windows 10 (Release 1809) (), CPU: Intel(R) Core(TM) i7-9750H CPU @ 2.60GHz, GPU: Intel(R) UHD Graphics 630
LogInit: Compiled (64-bit): Feb 24 2020 15:39:18
LogInit: Compiled with Visual C++: 19.16.27032.01
LogInit: Build Configuration: DebugGame
LogInit: Branch Name: ++UE4+Release-4.24
LogInit: Command Line:  -skipcompile
LogInit: Base Directory: C:/Program Files/Epic Games/UE_4.24/Engine/Binaries/Win64/
LogInit: Installed Engine Build: 1
LogDevObjectVersion: Number of dev versions registered: 25
LogDevObjectVersion:   Dev-Blueprints (B0D832E4-1F89-4F0D-ACCF-7EB736FD4AA2): 10
LogDevObjectVersion:   Dev-Build (E1C64328-A22C-4D53-A36C-8E866417BD8C): 0
LogDevObjectVersion:   Dev-Core (375EC13C-06E4-48FB-B500-84F0262A717E): 3
LogDevObjectVersion:   Dev-Editor (E4B068ED-F494-42E9-A231-DA0B2E46BB41): 37
LogDevObjectVersion:   Dev-Framework (CFFC743F-43B0-4480-9391-14DF171D2073): 36
LogDevObjectVersion:   Dev-Mobile (B02B49B5-BB20-44E9-A304-32B752E40360): 2
LogDevObjectVersion:   Dev-Networking (A4E4105C-59A1-49B5-A7C5-40C4547EDFEE): 0
LogDevObjectVersion:   Dev-Online (39C831C9-5AE6-47DC-9A44-9C173E1C8E7C): 0
LogDevObjectVersion:   Dev-Physics (78F01B33-EBEA-4F98-B9B4-84EACCB95AA2): 2
LogDevObjectVersion:   Dev-Platform (6631380F-2D4D-43E0-8009-CF276956A95A): 0
LogDevObjectVersion:   Dev-Rendering (12F88B9F-8875-4AFC-A67C-D90C383ABD29): 36
LogDevObjectVersion:   Dev-Sequencer (7B5AE74C-D270-4C10-A958-57980B212A5A): 11
LogDevObjectVersion:   Dev-VR (D7296918-1DD6-4BDD-9DE2-64A83CC13884): 2
LogDevObjectVersion:   Dev-LoadTimes (C2A15278-BFE7-4AFE-6C17-90FF531DF755): 1
LogDevObjectVersion:   Private-Geometry (6EACA3D4-40EC-4CC1-B786-8BED09428FC5): 3
LogDevObjectVersion:   Dev-AnimPhys (29E575DD-E0A3-4627-9D10-D276232CDCEA): 17
LogDevObjectVersion:   Dev-Anim (AF43A65D-7FD3-4947-9873-3E8ED9C1BB05): 2
LogDevObjectVersion:   Dev-ReflectionCapture (6B266CEC-1EC7-4B8F-A30B-E4D90942FC07): 1
LogDevObjectVersion:   Dev-Automation (0DF73D61-A23F-47EA-B727-89E90C41499A): 1
LogDevObjectVersion:   FortniteMain (601D1886-AC64-4F84-AA16-D3DE0DEAC7D6): 31
LogDevObjectVersion:   Dev-Enterprise (9DFFBCD6-494F-0158-E221-12823C92A888): 8
LogDevObjectVersion:   Dev-Niagara (F2AED0AC-9AFE-416F-8664-AA7FFA26D6FC): 1
LogDevObjectVersion:   Dev-Destruction (174F1F0B-B4C6-45A5-B13F-2EE8D0FB917D): 9
LogDevObjectVersion:   Dev-Physics-Ext (35F94A83-E258-406C-A318-09F59610247C): 8
LogDevObjectVersion:   Dev-CineCamera (B2E18506-4273-CFC2-A54E-F4BB758BBA07): 1
LogInit: Presizing for max 25165824 objects, including 0 objects not considered by GC, pre-allocating 0 bytes for permanent pool.
LogInit: Object subsystem initialized
LogConfig: Setting CVar [[con.DebugEarlyDefault:1]]
LogConfig: Setting CVar [[r.setres:1280x720]]
[2020.03.03-18.21.53:682][  0]LogConfig: Setting CVar [[r.VSync:0]]
[2020.03.03-18.21.53:682][  0]LogConfig: Setting CVar [[r.RHICmdBypass:0]]
[2020.03.03-18.21.53:683][  0]LogConfig: Applying CVar settings from Section [/Script/Engine.RendererSettings] File [C:/Users/lovbe/Desktop/ArcaneNomads/ArcaneNomads/Saved/Config/Windows/Engine.ini]
[2020.03.03-18.21.53:683][  0]LogConfig: Setting CVar [[r.GPUCrashDebugging:0]]
[2020.03.03-18.21.53:683][  0]LogConfig: Setting CVar [[r.CustomDepth:3]]
[2020.03.03-18.21.53:683][  0]LogConfig: Applying CVar settings from Section [/Script/Engine.RendererOverrideSettings] File [C:/Users/lovbe/Desktop/ArcaneNomads/ArcaneNomads/Saved/Config/Windows/Engine.ini]
[2020.03.03-18.21.53:683][  0]LogConfig: Applying CVar settings from Section [/Script/Engine.StreamingSettings] File [C:/Users/lovbe/Desktop/ArcaneNomads/ArcaneNomads/Saved/Config/Windows/Engine.ini]
[2020.03.03-18.21.53:683][  0]LogConfig: Setting CVar [[s.MinBulkDataSizeForAsyncLoading:131072]]
[2020.03.03-18.21.53:683][  0]LogConfig: Setting CVar [[s.AsyncLoadingThreadEnabled:0]]
[2020.03.03-18.21.53:683][  0]LogConfig: Setting CVar [[s.EventDrivenLoaderEnabled:1]]
[2020.03.03-18.21.53:683][  0]LogConfig: Setting CVar [[s.WarnIfTimeLimitExceeded:0]]
[2020.03.03-18.21.53:684][  0]LogConfig: Setting CVar [[s.TimeLimitExceededMultiplier:1.5]]
[2020.03.03-18.21.53:684][  0]LogConfig: Setting CVar [[s.TimeLimitExceededMinTime:0.005]]
[2020.03.03-18.21.53:684][  0]LogConfig: Setting CVar [[s.UseBackgroundLevelStreaming:1]]
[2020.03.03-18.21.53:684][  0]LogConfig: Setting CVar [[s.PriorityAsyncLoadingExtraTime:15.0]]
[2020.03.03-18.21.53:684][  0]LogConfig: Setting CVar [[s.LevelStreamingActorsUpdateTimeLimit:5.0]]
[2020.03.03-18.21.53:684][  0]LogConfig: Setting CVar [[s.PriorityLevelStreamingActorsUpdateExtraTime:5.0]]
[2020.03.03-18.21.53:684][  0]LogConfig: Setting CVar [[s.LevelStreamingComponentsRegistrationGranularity:10]]
[2020.03.03-18.21.53:684][  0]LogConfig: Setting CVar [[s.UnregisterComponentsTimeLimit:1.0]]
[2020.03.03-18.21.53:684][  0]LogConfig: Setting CVar [[s.LevelStreamingComponentsUnregistrationGranularity:5]]
[2020.03.03-18.21.53:684][  0]LogConfig: Setting CVar [[s.FlushStreamingOnExit:1]]
[2020.03.03-18.21.53:684][  0]LogConfig: Applying CVar settings from Section [/Script/Engine.GarbageCollectionSettings] File [C:/Users/lovbe/Desktop/ArcaneNomads/ArcaneNomads/Saved/Config/Windows/Engine.ini]
[2020.03.03-18.21.53:685][  0]LogConfig: Setting CVar [[gc.MaxObjectsNotConsideredByGC:1]]
[2020.03.03-18.21.53:685][  0]LogConfig: Setting CVar [[gc.SizeOfPermanentObjectPool:0]]
[2020.03.03-18.21.53:685][  0]LogConfig: Setting CVar [[gc.FlushStreamingOnGC:0]]
[2020.03.03-18.21.53:685][  0]LogConfig: Setting CVar [[gc.NumRetriesBeforeForcingGC:10]]
[2020.03.03-18.21.53:685][  0]LogConfig: Setting CVar [[gc.AllowParallelGC:1]]
[2020.03.03-18.21.53:685][  0]LogConfig: Setting CVar [[gc.TimeBetweenPurgingPendingKillObjects:61.1]]
[2020.03.03-18.21.53:685][  0]LogConfig: Setting CVar [[gc.MaxObjectsInEditor:25165824]]
[2020.03.03-18.21.53:685][  0]LogConfig: Setting CVar [[gc.IncrementalBeginDestroyEnabled:1]]
[2020.03.03-18.21.53:685][  0]LogConfig: Setting CVar [[gc.CreateGCClusters:1]]
[2020.03.03-18.21.53:685][  0]LogConfig: Setting CVar [[gc.MinGCClusterSize:5]]
[2020.03.03-18.21.53:685][  0]LogConfig: Setting CVar [[gc.ActorClusteringEnabled:0]]
[2020.03.03-18.21.53:685][  0]LogConfig: Setting CVar [[gc.BlueprintClusteringEnabled:0]]
[2020.03.03-18.21.53:685][  0]LogConfig: Setting CVar [[gc.UseDisregardForGCOnDedicatedServers:0]]
[2020.03.03-18.21.53:685][  0]LogConfig: Applying CVar settings from Section [/Script/Engine.NetworkSettings] File [C:/Users/lovbe/Desktop/ArcaneNomads/ArcaneNomads/Saved/Config/Windows/Engine.ini]
[2020.03.03-18.21.53:686][  0]LogConfig: Applying CVar settings from Section [/Script/UnrealEd.CookerSettings] File [C:/Users/lovbe/Desktop/ArcaneNomads/ArcaneNomads/Saved/Config/Windows/Engine.ini]
[2020.03.03-18.21.53:695][  0]LogConfig: Applying CVar settings from Section [ViewDistanceQuality@3] File [C:/Users/lovbe/Desktop/ArcaneNomads/ArcaneNomads/Saved/Config/Windows/Scalability.ini]
[2020.03.03-18.21.53:695][  0]LogConfig: Setting CVar [[r.SkeletalMeshLODBias:0]]
[2020.03.03-18.21.53:695][  0]LogConfig: Setting CVar [[r.ViewDistanceScale:1.0]]
[2020.03.03-18.21.53:695][  0]LogConfig: Applying CVar settings from Section [AntiAliasingQuality@3] File [C:/Users/lovbe/Desktop/ArcaneNomads/ArcaneNomads/Saved/Config/Windows/Scalability.ini]
[2020.03.03-18.21.53:695][  0]LogConfig: Setting CVar [[r.PostProcessAAQuality:4]]
[2020.03.03-18.21.53:695][  0]LogConfig: Applying CVar settings from Section [ShadowQuality@3] File [C:/Users/lovbe/Desktop/ArcaneNomads/ArcaneNomads/Saved/Config/Windows/Scalability.ini]
[2020.03.03-18.21.53:695][  0]LogConfig: Setting CVar [[r.LightFunctionQuality:1]]
[2020.03.03-18.21.53:695][  0]LogConfig: Setting CVar [[r.ShadowQuality:5]]
[2020.03.03-18.21.53:695][  0]LogConfig: Setting CVar [[r.Shadow.CSM.MaxCascades:10]]
[2020.03.03-18.21.53:695][  0]LogConfig: Setting CVar [[r.Shadow.MaxResolution:2048]]
[2020.03.03-18.21.53:696][  0]LogConfig: Setting CVar [[r.Shadow.MaxCSMResolution:2048]]
[2020.03.03-18.21.53:696][  0]LogConfig: Setting CVar [[r.Shadow.RadiusThreshold:0.01]]
[2020.03.03-18.21.53:696][  0]LogConfig: Setting CVar [[r.Shadow.DistanceScale:1.0]]
[2020.03.03-18.21.53:696][  0]LogConfig: Setting CVar [[r.Shadow.CSM.TransitionScale:1.0]]
[2020.03.03-18.21.53:696][  0]LogConfig: Setting CVar [[r.Shadow.PreShadowResolutionFactor:1.0]]
[2020.03.03-18.21.53:696][  0]LogConfig: Setting CVar [[r.DistanceFieldShadowing:1]]
[2020.03.03-18.21.53:696][  0]LogConfig: Setting CVar [[r.DistanceFieldAO:1]]
[2020.03.03-18.21.53:696][  0]LogConfig: Setting CVar [[r.AOQuality:2]]
[2020.03.03-18.21.53:696][  0]LogConfig: Setting CVar [[r.VolumetricFog:1]]
[2020.03.03-18.21.53:696][  0]LogConfig: Setting CVar [[r.VolumetricFog.GridPixelSize:8]]
[2020.03.03-18.21.53:696][  0]LogConfig: Setting CVar [[r.VolumetricFog.GridSizeZ:128]]
[2020.03.03-18.21.53:696][  0]LogConfig: Setting CVar [[r.VolumetricFog.HistoryMissSupersampleCount:4]]
[2020.03.03-18.21.53:696][  0]LogConfig: Setting CVar [[r.LightMaxDrawDistanceScale:1]]
[2020.03.03-18.21.53:696][  0]LogConfig: Setting CVar [[r.CapsuleShadows:1]]
[2020.03.03-18.21.53:697][  0]LogConfig: Applying CVar settings from Section [PostProcessQuality@3] File [C:/Users/lovbe/Desktop/ArcaneNomads/ArcaneNomads/Saved/Config/Windows/Scalability.ini]
[2020.03.03-18.21.53:697][  0]LogConfig: Setting CVar [[r.MotionBlurQuality:4]]
[2020.03.03-18.21.53:697][  0]LogConfig: Setting CVar [[r.AmbientOcclusionMipLevelFactor:0.4]]
[2020.03.03-18.21.53:697][  0]LogConfig: Setting CVar [[r.AmbientOcclusionMaxQuality:100]]
[2020.03.03-18.21.53:697][  0]LogConfig: Setting CVar [[r.AmbientOcclusionLevels:-1]]
[2020.03.03-18.21.53:697][  0]LogConfig: Setting CVar [[r.AmbientOcclusionRadiusScale:1.0]]
[2020.03.03-18.21.53:697][  0]LogConfig: Setting CVar [[r.DepthOfFieldQuality:2]]
[2020.03.03-18.21.53:697][  0]LogConfig: Setting CVar [[r.RenderTargetPoolMin:400]]
[2020.03.03-18.21.53:697][  0]LogConfig: Setting CVar [[r.LensFlareQuality:2]]
[2020.03.03-18.21.53:697][  0]LogConfig: Setting CVar [[r.SceneColorFringeQuality:1]]
[2020.03.03-18.21.53:697][  0]LogConfig: Setting CVar [[r.EyeAdaptationQuality:2]]
[2020.03.03-18.21.53:697][  0]LogConfig: Setting CVar [[r.BloomQuality:5]]
[2020.03.03-18.21.53:697][  0]LogConfig: Setting CVar [[r.FastBlurThreshold:100]]
[2020.03.03-18.21.53:698][  0]LogConfig: Setting CVar [[r.Upscale.Quality:3]]
[2020.03.03-18.21.53:698][  0]LogConfig: Setting CVar [[r.Tonemapper.GrainQuantization:1]]
[2020.03.03-18.21.53:698][  0]LogConfig: Setting CVar [[r.LightShaftQuality:1]]
[2020.03.03-18.21.53:698][  0]LogConfig: Setting CVar [[r.Filter.SizeScale:1]]
[2020.03.03-18.21.53:698][  0]LogConfig: Setting CVar [[r.Tonemapper.Quality:5]]
[2020.03.03-18.21.53:698][  0]LogConfig: Setting CVar [[r.DOF.Gather.AccumulatorQuality:1        ; higher gathering accumulator quality]]
[2020.03.03-18.21.53:698][  0]LogConfig: Setting CVar [[r.DOF.Gather.PostfilterMethod:1          ; Median3x3 postfilering method]]
[2020.03.03-18.21.53:698][  0]LogConfig: Setting CVar [[r.DOF.Gather.EnableBokehSettings:0       ; no bokeh simulation when gathering]]
[2020.03.03-18.21.53:698][  0]LogConfig: Setting CVar [[r.DOF.Gather.RingCount:4                 ; medium number of samples when gathering]]
[2020.03.03-18.21.53:698][  0]LogConfig: Setting CVar [[r.DOF.Scatter.ForegroundCompositing:1    ; additive foreground scattering]]
[2020.03.03-18.21.53:698][  0]LogConfig: Setting CVar [[r.DOF.Scatter.BackgroundCompositing:2    ; additive background scattering]]
[2020.03.03-18.21.53:698][  0]LogConfig: Setting CVar [[r.DOF.Scatter.EnableBokehSettings:1      ; bokeh simulation when scattering]]
[2020.03.03-18.21.53:698][  0]LogConfig: Setting CVar [[r.DOF.Scatter.MaxSpriteRatio:0.1         ; only a maximum of 10% of scattered bokeh]]
[2020.03.03-18.21.53:699][  0]LogConfig: Setting CVar [[r.DOF.Recombine.Quality:1                ; cheap slight out of focus]]
[2020.03.03-18.21.53:699][  0]LogConfig: Setting CVar [[r.DOF.Recombine.EnableBokehSettings:0    ; no bokeh simulation on slight out of focus]]
[2020.03.03-18.21.53:699][  0]LogConfig: Setting CVar [[r.DOF.TemporalAAQuality:1                ; more stable temporal accumulation]]
[2020.03.03-18.21.53:699][  0]LogConfig: Setting CVar [[r.DOF.Kernel.MaxForegroundRadius:0.025]]
[2020.03.03-18.21.53:699][  0]LogConfig: Setting CVar [[r.DOF.Kernel.MaxBackgroundRadius:0.025]]
[2020.03.03-18.21.53:699][  0]LogConfig: Applying CVar settings from Section [TextureQuality@3] File [C:/Users/lovbe/Desktop/ArcaneNomads/ArcaneNomads/Saved/Config/Windows/Scalability.ini]
[2020.03.03-18.21.53:699][  0]LogConfig: Setting CVar [[r.Streaming.MipBias:0]]
[2020.03.03-18.21.53:699][  0]LogConfig: Setting CVar [[r.Streaming.AmortizeCPUToGPUCopy:0]]
[2020.03.03-18.21.53:699][  0]LogConfig: Setting CVar [[r.Streaming.MaxNumTexturesToStreamPerFrame:0]]
[2020.03.03-18.21.53:699][  0]LogConfig: Setting CVar [[r.Streaming.Boost:1]]
[2020.03.03-18.21.53:699][  0]LogConfig: Setting CVar [[r.MaxAnisotropy:8]]
[2020.03.03-18.21.53:699][  0]LogConfig: Setting CVar [[r.VT.MaxAnisotropy:8]]
[2020.03.03-18.21.53:699][  0]LogConfig: Setting CVar [[r.Streaming.LimitPoolSizeToVRAM:0]]
[2020.03.03-18.21.53:699][  0]LogConfig: Setting CVar [[r.Streaming.PoolSize:1000]]
[2020.03.03-18.21.53:700][  0]LogConfig: Setting CVar [[r.Streaming.MaxEffectiveScreenSize:0]]
[2020.03.03-18.21.53:700][  0]LogConfig: Applying CVar settings from Section [EffectsQuality@3] File [C:/Users/lovbe/Desktop/ArcaneNomads/ArcaneNomads/Saved/Config/Windows/Scalability.ini]
[2020.03.03-18.21.53:700][  0]LogConfig: Setting CVar [[r.TranslucencyLightingVolumeDim:64]]
[2020.03.03-18.21.53:700][  0]LogConfig: Setting CVar [[r.RefractionQuality:2]]
[2020.03.03-18.21.53:700][  0]LogConfig: Setting CVar [[r.SSR.Quality:3]]
[2020.03.03-18.21.53:700][  0]LogConfig: Setting CVar [[r.SSR.HalfResSceneColor:0]]
[2020.03.03-18.21.53:700][  0]LogConfig: Setting CVar [[r.SceneColorFormat:4]]
[2020.03.03-18.21.53:700][  0]LogConfig: Setting CVar [[r.DetailMode:2]]
[2020.03.03-18.21.53:700][  0]LogConfig: Setting CVar [[r.TranslucencyVolumeBlur:1]]
[2020.03.03-18.21.53:700][  0]LogConfig: Setting CVar [[r.MaterialQualityLevel:1 ; High quality]]
[2020.03.03-18.21.53:700][  0]LogConfig: Setting CVar [[r.SSS.Scale:1]]
[2020.03.03-18.21.53:700][  0]LogConfig: Setting CVar [[r.SSS.SampleSet:2]]
[2020.03.03-18.21.53:700][  0]LogConfig: Setting CVar [[r.SSS.Quality:1]]
[2020.03.03-18.21.53:701][  0]LogConfig: Setting CVar [[r.SSS.HalfRes:1]]
[2020.03.03-18.21.53:701][  0]LogConfig: Setting CVar [[r.SSGI.Quality:3]]
[2020.03.03-18.21.53:701][  0]LogConfig: Setting CVar [[r.EmitterSpawnRateScale:1.0]]
[2020.03.03-18.21.53:701][  0]LogConfig: Setting CVar [[r.ParticleLightQuality:2]]
[2020.03.03-18.21.53:701][  0]LogConfig: Setting CVar [[r.SkyAtmosphere.AerialPerspectiveLUT.FastApplyOnOpaque:1 ; Always have FastSkyLUT 1 in this case to avoid wrong sky]]
[2020.03.03-18.21.53:701][  0]LogConfig: Setting CVar [[r.SkyAtmosphere.AerialPerspectiveLUT.SampleCountPerSlice:1]]
[2020.03.03-18.21.53:701][  0]LogConfig: Setting CVar [[r.SkyAtmosphere.AerialPerspectiveLUT.DepthResolution:16.0]]
[2020.03.03-18.21.53:701][  0]LogConfig: Setting CVar [[r.SkyAtmosphere.FastSkyLUT:1]]
[2020.03.03-18.21.53:701][  0]LogConfig: Setting CVar [[r.SkyAtmosphere.FastSkyLUT.SampleCountMin:4.0]]
[2020.03.03-18.21.53:701][  0]LogConfig: Setting CVar [[r.SkyAtmosphere.FastSkyLUT.SampleCountMax:32.0]]
[2020.03.03-18.21.53:701][  0]LogConfig: Setting CVar [[r.SkyAtmosphere.SampleCountMin:4.0]]
[2020.03.03-18.21.53:701][  0]LogConfig: Setting CVar [[r.SkyAtmosphere.SampleCountMax:32.0]]
[2020.03.03-18.21.53:701][  0]LogConfig: Setting CVar [[r.SkyAtmosphere.TransmittanceLUT.UseSmallFormat:0]]
[2020.03.03-18.21.53:702][  0]LogConfig: Setting CVar [[r.SkyAtmosphere.TransmittanceLUT.SampleCount:10.0]]
[2020.03.03-18.21.53:702][  0]LogConfig: Setting CVar [[r.SkyAtmosphere.MultiScatteringLUT.SampleCount:15.0]]
[2020.03.03-18.21.53:702][  0]LogConfig: Applying CVar settings from Section [FoliageQuality@3] File [C:/Users/lovbe/Desktop/ArcaneNomads/ArcaneNomads/Saved/Config/Windows/Scalability.ini]
[2020.03.03-18.21.53:702][  0]LogConfig: Setting CVar [[foliage.DensityScale:1.0]]
[2020.03.03-18.21.53:702][  0]LogConfig: Setting CVar [[grass.DensityScale:1.0]]
[2020.03.03-18.21.53:702][  0]LogConfig: Applying CVar settings from Section [ShadingQuality@3] File [C:/Users/lovbe/Desktop/ArcaneNomads/ArcaneNomads/Saved/Config/Windows/Scalability.ini]
[2020.03.03-18.21.53:702][  0]LogConfig: Setting CVar [[r.HairStrands.SkyLighting.SampleCount:16]]
[2020.03.03-18.21.53:702][  0]LogConfig: Setting CVar [[r.HairStrands.SkyLighting.JitterIntegration:0]]
[2020.03.03-18.21.53:702][  0]LogConfig: Setting CVar [[r.HairStrands.SkyAO.SampleCount:16]]
[2020.03.03-18.21.53:703][  0]LogInit: Selected Device Profile: [Windows]
[2020.03.03-18.21.53:704][  0]LogInit: Applying CVar settings loaded from the selected device profile: [Windows]
[2020.03.03-18.21.53:716][  0]LogHAL: Display: Platform has ~ 16 GB [17017229312 / 17179869184 / 16], which maps to Larger [LargestMinGB=32, LargerMinGB=12, DefaultMinGB=8, SmallerMinGB=6, SmallestMinGB=0)
[2020.03.03-18.21.53:716][  0]LogInit: Going up to parent DeviceProfile []
[2020.03.03-18.21.53:717][  0]LogConfig: Applying CVar settings from Section [ViewDistanceQuality@3] File [C:/Users/lovbe/Desktop/ArcaneNomads/ArcaneNomads/Saved/Config/Windows/Scalability.ini]
[2020.03.03-18.21.53:717][  0]LogConfig: Setting CVar [[r.SkeletalMeshLODBias:0]]
[2020.03.03-18.21.53:717][  0]LogConfig: Setting CVar [[r.ViewDistanceScale:1.0]]
[2020.03.03-18.21.53:717][  0]LogConfig: Applying CVar settings from Section [AntiAliasingQuality@3] File [C:/Users/lovbe/Desktop/ArcaneNomads/ArcaneNomads/Saved/Config/Windows/Scalability.ini]
[2020.03.03-18.21.53:717][  0]LogConfig: Setting CVar [[r.PostProcessAAQuality:4]]
[2020.03.03-18.21.53:717][  0]LogConfig: Applying CVar settings from Section [ShadowQuality@3] File [C:/Users/lovbe/Desktop/ArcaneNomads/ArcaneNomads/Saved/Config/Windows/Scalability.ini]
[2020.03.03-18.21.53:717][  0]LogConfig: Setting CVar [[r.LightFunctionQuality:1]]
[2020.03.03-18.21.53:718][  0]LogConfig: Setting CVar [[r.ShadowQuality:5]]
[2020.03.03-18.21.53:718][  0]LogConfig: Setting CVar [[r.Shadow.CSM.MaxCascades:10]]
[2020.03.03-18.21.53:718][  0]LogConfig: Setting CVar [[r.Shadow.MaxResolution:2048]]
[2020.03.03-18.21.53:718][  0]LogConfig: Setting CVar [[r.Shadow.MaxCSMResolution:2048]]
[2020.03.03-18.21.53:718][  0]LogConfig: Setting CVar [[r.Shadow.RadiusThreshold:0.01]]
[2020.03.03-18.21.53:718][  0]LogConfig: Setting CVar [[r.Shadow.DistanceScale:1.0]]
[2020.03.03-18.21.53:718][  0]LogConfig: Setting CVar [[r.Shadow.CSM.TransitionScale:1.0]]
[2020.03.03-18.21.53:718][  0]LogConfig: Setting CVar [[r.Shadow.PreShadowResolutionFactor:1.0]]
[2020.03.03-18.21.53:718][  0]LogConfig: Setting CVar [[r.DistanceFieldShadowing:1]]
[2020.03.03-18.21.53:718][  0]LogConfig: Setting CVar [[r.DistanceFieldAO:1]]
[2020.03.03-18.21.53:718][  0]LogConfig: Setting CVar [[r.AOQuality:2]]
[2020.03.03-18.21.53:718][  0]LogConfig: Setting CVar [[r.VolumetricFog:1]]
[2020.03.03-18.21.53:718][  0]LogConfig: Setting CVar [[r.VolumetricFog.GridPixelSize:8]]
[2020.03.03-18.21.53:718][  0]LogConfig: Setting CVar [[r.VolumetricFog.GridSizeZ:128]]
[2020.03.03-18.21.53:719][  0]LogConfig: Setting CVar [[r.VolumetricFog.HistoryMissSupersampleCount:4]]
[2020.03.03-18.21.53:719][  0]LogConfig: Setting CVar [[r.LightMaxDrawDistanceScale:1]]
[2020.03.03-18.21.53:719][  0]LogConfig: Setting CVar [[r.CapsuleShadows:1]]
[2020.03.03-18.21.53:719][  0]LogConfig: Applying CVar settings from Section [PostProcessQuality@3] File [C:/Users/lovbe/Desktop/ArcaneNomads/ArcaneNomads/Saved/Config/Windows/Scalability.ini]
[2020.03.03-18.21.53:719][  0]LogConfig: Setting CVar [[r.MotionBlurQuality:4]]
[2020.03.03-18.21.53:719][  0]LogConfig: Setting CVar [[r.AmbientOcclusionMipLevelFactor:0.4]]
[2020.03.03-18.21.53:719][  0]LogConfig: Setting CVar [[r.AmbientOcclusionMaxQuality:100]]
[2020.03.03-18.21.53:719][  0]LogConfig: Setting CVar [[r.AmbientOcclusionLevels:-1]]
[2020.03.03-18.21.53:719][  0]LogConfig: Setting CVar [[r.AmbientOcclusionRadiusScale:1.0]]
[2020.03.03-18.21.53:719][  0]LogConfig: Setting CVar [[r.DepthOfFieldQuality:2]]
[2020.03.03-18.21.53:719][  0]LogConfig: Setting CVar [[r.RenderTargetPoolMin:400]]
[2020.03.03-18.21.53:719][  0]LogConfig: Setting CVar [[r.LensFlareQuality:2]]
[2020.03.03-18.21.53:720][  0]LogConfig: Setting CVar [[r.SceneColorFringeQuality:1]]
[2020.03.03-18.21.53:720][  0]LogConfig: Setting CVar [[r.EyeAdaptationQuality:2]]
[2020.03.03-18.21.53:720][  0]LogConfig: Setting CVar [[r.BloomQuality:5]]
[2020.03.03-18.21.53:720][  0]LogConfig: Setting CVar [[r.FastBlurThreshold:100]]
[2020.03.03-18.21.53:720][  0]LogConfig: Setting CVar [[r.Upscale.Quality:3]]
[2020.03.03-18.21.53:720][  0]LogConfig: Setting CVar [[r.Tonemapper.GrainQuantization:1]]
[2020.03.03-18.21.53:720][  0]LogConfig: Setting CVar [[r.LightShaftQuality:1]]
[2020.03.03-18.21.53:720][  0]LogConfig: Setting CVar [[r.Filter.SizeScale:1]]
[2020.03.03-18.21.53:720][  0]LogConfig: Setting CVar [[r.Tonemapper.Quality:5]]
[2020.03.03-18.21.53:720][  0]LogConfig: Setting CVar [[r.DOF.Gather.AccumulatorQuality:1        ; higher gathering accumulator quality]]
[2020.03.03-18.21.53:720][  0]LogConfig: Setting CVar [[r.DOF.Gather.PostfilterMethod:1          ; Median3x3 postfilering method]]
[2020.03.03-18.21.53:720][  0]LogConfig: Setting CVar [[r.DOF.Gather.EnableBokehSettings:0       ; no bokeh simulation when gathering]]
[2020.03.03-18.21.53:721][  0]LogConfig: Setting CVar [[r.DOF.Gather.RingCount:4                 ; medium number of samples when gathering]]
[2020.03.03-18.21.53:721][  0]LogConfig: Setting CVar [[r.DOF.Scatter.ForegroundCompositing:1    ; additive foreground scattering]]
[2020.03.03-18.21.53:721][  0]LogConfig: Setting CVar [[r.DOF.Scatter.BackgroundCompositing:2    ; additive background scattering]]
[2020.03.03-18.21.53:721][  0]LogConfig: Setting CVar [[r.DOF.Scatter.EnableBokehSettings:1      ; bokeh simulation when scattering]]
[2020.03.03-18.21.53:721][  0]LogConfig: Setting CVar [[r.DOF.Scatter.MaxSpriteRatio:0.1         ; only a maximum of 10% of scattered bokeh]]
[2020.03.03-18.21.53:721][  0]LogConfig: Setting CVar [[r.DOF.Recombine.Quality:1                ; cheap slight out of focus]]
[2020.03.03-18.21.53:721][  0]LogConfig: Setting CVar [[r.DOF.Recombine.EnableBokehSettings:0    ; no bokeh simulation on slight out of focus]]
[2020.03.03-18.21.53:721][  0]LogConfig: Setting CVar [[r.DOF.TemporalAAQuality:1                ; more stable temporal accumulation]]
[2020.03.03-18.21.53:721][  0]LogConfig: Setting CVar [[r.DOF.Kernel.MaxForegroundRadius:0.025]]
[2020.03.03-18.21.53:721][  0]LogConfig: Setting CVar [[r.DOF.Kernel.MaxBackgroundRadius:0.025]]
[2020.03.03-18.21.53:721][  0]LogConfig: Applying CVar settings from Section [TextureQuality@3] File [C:/Users/lovbe/Desktop/ArcaneNomads/ArcaneNomads/Saved/Config/Windows/Scalability.ini]
[2020.03.03-18.21.53:722][  0]LogConfig: Setting CVar [[r.Streaming.MipBias:0]]
[2020.03.03-18.21.53:722][  0]LogConfig: Setting CVar [[r.Streaming.AmortizeCPUToGPUCopy:0]]
[2020.03.03-18.21.53:722][  0]LogConfig: Setting CVar [[r.Streaming.MaxNumTexturesToStreamPerFrame:0]]
[2020.03.03-18.21.53:722][  0]LogConfig: Setting CVar [[r.Streaming.Boost:1]]
[2020.03.03-18.21.53:722][  0]LogConfig: Setting CVar [[r.MaxAnisotropy:8]]
[2020.03.03-18.21.53:722][  0]LogConfig: Setting CVar [[r.VT.MaxAnisotropy:8]]
[2020.03.03-18.21.53:722][  0]LogConfig: Setting CVar [[r.Streaming.LimitPoolSizeToVRAM:0]]
[2020.03.03-18.21.53:722][  0]LogConfig: Setting CVar [[r.Streaming.PoolSize:1000]]
[2020.03.03-18.21.53:722][  0]LogConfig: Setting CVar [[r.Streaming.MaxEffectiveScreenSize:0]]
[2020.03.03-18.21.53:722][  0]LogConfig: Applying CVar settings from Section [EffectsQuality@3] File [C:/Users/lovbe/Desktop/ArcaneNomads/ArcaneNomads/Saved/Config/Windows/Scalability.ini]
[2020.03.03-18.21.53:722][  0]LogConfig: Setting CVar [[r.TranslucencyLightingVolumeDim:64]]
[2020.03.03-18.21.53:722][  0]LogConfig: Setting CVar [[r.RefractionQuality:2]]
[2020.03.03-18.21.53:722][  0]LogConfig: Setting CVar [[r.SSR.Quality:3]]
[2020.03.03-18.21.53:723][  0]LogConfig: Setting CVar [[r.SSR.HalfResSceneColor:0]]
[2020.03.03-18.21.53:723][  0]LogConfig: Setting CVar [[r.SceneColorFormat:4]]
[2020.03.03-18.21.53:723][  0]LogConfig: Setting CVar [[r.DetailMode:2]]
[2020.03.03-18.21.53:723][  0]LogConfig: Setting CVar [[r.TranslucencyVolumeBlur:1]]
[2020.03.03-18.21.53:723][  0]LogConfig: Setting CVar [[r.MaterialQualityLevel:1 ; High quality]]
[2020.03.03-18.21.53:723][  0]LogConfig: Setting CVar [[r.SSS.Scale:1]]
[2020.03.03-18.21.53:723][  0]LogConfig: Setting CVar [[r.SSS.SampleSet:2]]
[2020.03.03-18.21.53:723][  0]LogConfig: Setting CVar [[r.SSS.Quality:1]]
[2020.03.03-18.21.53:723][  0]LogConfig: Setting CVar [[r.SSS.HalfRes:1]]
[2020.03.03-18.21.53:723][  0]LogConfig: Setting CVar [[r.SSGI.Quality:3]]
[2020.03.03-18.21.53:723][  0]LogConfig: Setting CVar [[r.EmitterSpawnRateScale:1.0]]
[2020.03.03-18.21.53:723][  0]LogConfig: Setting CVar [[r.ParticleLightQuality:2]]
[2020.03.03-18.21.53:723][  0]LogConfig: Setting CVar [[r.SkyAtmosphere.AerialPerspectiveLUT.FastApplyOnOpaque:1 ; Always have FastSkyLUT 1 in this case to avoid wrong sky]]
[2020.03.03-18.21.53:723][  0]LogConfig: Setting CVar [[r.SkyAtmosphere.AerialPerspectiveLUT.SampleCountPerSlice:1]]
[2020.03.03-18.21.53:724][  0]LogConfig: Setting CVar [[r.SkyAtmosphere.AerialPerspectiveLUT.DepthResolution:16.0]]
[2020.03.03-18.21.53:724][  0]LogConfig: Setting CVar [[r.SkyAtmosphere.FastSkyLUT:1]]
[2020.03.03-18.21.53:724][  0]LogConfig: Setting CVar [[r.SkyAtmosphere.FastSkyLUT.SampleCountMin:4.0]]
[2020.03.03-18.21.53:724][  0]LogConfig: Setting CVar [[r.SkyAtmosphere.FastSkyLUT.SampleCountMax:32.0]]
[2020.03.03-18.21.53:724][  0]LogConfig: Setting CVar [[r.SkyAtmosphere.SampleCountMin:4.0]]
[2020.03.03-18.21.53:724][  0]LogConfig: Setting CVar [[r.SkyAtmosphere.SampleCountMax:32.0]]
[2020.03.03-18.21.53:724][  0]LogConfig: Setting CVar [[r.SkyAtmosphere.TransmittanceLUT.UseSmallFormat:0]]
[2020.03.03-18.21.53:724][  0]LogConfig: Setting CVar [[r.SkyAtmosphere.TransmittanceLUT.SampleCount:10.0]]
[2020.03.03-18.21.53:724][  0]LogConfig: Setting CVar [[r.SkyAtmosphere.MultiScatteringLUT.SampleCount:15.0]]
[2020.03.03-18.21.53:724][  0]LogConfig: Applying CVar settings from Section [FoliageQuality@3] File [C:/Users/lovbe/Desktop/ArcaneNomads/ArcaneNomads/Saved/Config/Windows/Scalability.ini]
[2020.03.03-18.21.53:725][  0]LogConfig: Setting CVar [[foliage.DensityScale:1.0]]
[2020.03.03-18.21.53:725][  0]LogConfig: Setting CVar [[grass.DensityScale:1.0]]
[2020.03.03-18.21.53:725][  0]LogConfig: Applying CVar settings from Section [ShadingQuality@3] File [C:/Users/lovbe/Desktop/ArcaneNomads/ArcaneNomads/Saved/Config/Windows/Scalability.ini]
[2020.03.03-18.21.53:725][  0]LogConfig: Setting CVar [[r.HairStrands.SkyLighting.SampleCount:16]]
[2020.03.03-18.21.53:725][  0]LogConfig: Setting CVar [[r.HairStrands.SkyLighting.JitterIntegration:0]]
[2020.03.03-18.21.53:725][  0]LogConfig: Setting CVar [[r.HairStrands.SkyAO.SampleCount:16]]
[2020.03.03-18.21.53:725][  0]LogConfig: Applying CVar settings from Section [Startup] File [../../../Engine/Config/ConsoleVariables.ini]
[2020.03.03-18.21.53:732][  0]LogConfig: Setting CVar [[net.UseAdaptiveNetUpdateFrequency:0]]
[2020.03.03-18.21.53:732][  0]LogConfig: Setting CVar [[p.chaos.AllowCreatePhysxBodies:1]]
[2020.03.03-18.21.53:733][  0]LogConfig: Applying CVar settings from Section [ConsoleVariables] File [C:/Users/lovbe/Desktop/ArcaneNomads/ArcaneNomads/Saved/Config/Windows/Engine.ini]
[2020.03.03-18.21.53:734][  0]LogInit: Computer: MSI
[2020.03.03-18.21.53:735][  0]LogInit: User: lovbe
[2020.03.03-18.21.53:735][  0]LogInit: CPU Page size=4096, Cores=6
[2020.03.03-18.21.53:735][  0]LogInit: High frequency timer resolution =10.000000 MHz
[2020.03.03-18.21.53:735][  0]LogMemory: Memory total: Physical=15.8GB (16GB approx)
[2020.03.03-18.21.53:735][  0]LogMemory: Platform Memory Stats for Windows
[2020.03.03-18.21.53:735][  0]LogMemory: Process Physical Memory: 106.61 MB used, 106.61 MB peak
[2020.03.03-18.21.53:735][  0]LogMemory: Process Virtual Memory: 101.45 MB used, 101.45 MB peak
[2020.03.03-18.21.53:735][  0]LogMemory: Physical Memory: 4717.07 MB used,  11511.82 MB free, 16228.89 MB total
[2020.03.03-18.21.53:736][  0]LogMemory: Virtual Memory: 5173.76 MB used,  134212552.00 MB free, 134217728.00 MB total
[2020.03.03-18.21.54:013][  0]LogWindows: WindowsPlatformFeatures enabled
[2020.03.03-18.21.54:541][  0]LogInit: Using OS detected language (en-US).
[2020.03.03-18.21.54:547][  0]LogInit: Using OS detected locale (en-SE).
[2020.03.03-18.21.54:582][  0]LogTextLocalizationManager: No specific localization for 'en-US' exists, so the 'en' localization will be used.
[2020.03.03-18.21.55:083][  0]LogInit: Setting process to per monitor DPI aware
[2020.03.03-18.21.55:243][  0]LogSlate: New Slate User Created.  User Index 0, Is Virtual User: 0
[2020.03.03-18.21.55:244][  0]LogSlate: Slate User Registered.  User Index 0, Is Virtual User: 0
[2020.03.03-18.21.58:721][  0]LogHMD: Failed to initialize OpenVR with code 110
[2020.03.03-18.21.58:721][  0]LogD3D11RHI: D3D11 min allowed feature level: 11_0
[2020.03.03-18.21.58:721][  0]LogD3D11RHI: D3D11 max allowed feature level: 11_0
[2020.03.03-18.21.58:722][  0]LogD3D11RHI: D3D11 adapters:
[2020.03.03-18.21.58:772][  0]LogD3D11RHI:    0. 'Intel(R) UHD Graphics 630' (Feature Level 11_0)
[2020.03.03-18.21.58:772][  0]LogD3D11RHI:       128/0/8114 MB DedicatedVideo/DedicatedSystem/SharedSystem, Outputs:1, VendorId:0x8086
[2020.03.03-18.22.00:194][  0]LogD3D11RHI:    1. 'NVIDIA GeForce RTX 2070 with Max-Q Design' (Feature Level 11_0)
[2020.03.03-18.22.00:194][  0]LogD3D11RHI:       8031/0/8114 MB DedicatedVideo/DedicatedSystem/SharedSystem, Outputs:0, VendorId:0x10de
[2020.03.03-18.22.00:201][  0]LogD3D11RHI:    2. 'Microsoft Basic Render Driver' (Feature Level 11_0)
[2020.03.03-18.22.00:201][  0]LogD3D11RHI:       0/0/8114 MB DedicatedVideo/DedicatedSystem/SharedSystem, Outputs:0, VendorId:0x1414
[2020.03.03-18.22.00:201][  0]LogD3D11RHI: Chosen D3D11 Adapter: 1
[2020.03.03-18.22.00:209][  0]LogD3D11RHI: Creating new Direct3DDevice
[2020.03.03-18.22.00:210][  0]LogD3D11RHI:     GPU DeviceId: 0x1f10 (for the marketing name, search the web for "GPU Device Id")
[2020.03.03-18.22.00:210][  0]LogWindows: EnumDisplayDevices:
[2020.03.03-18.22.00:210][  0]LogWindows:    0. 'Intel(R) UHD Graphics 630' (P:1 D:1)
[2020.03.03-18.22.00:211][  0]LogWindows:    1. 'Intel(R) UHD Graphics 630' (P:0 D:0)
[2020.03.03-18.22.00:211][  0]LogWindows:    2. 'Intel(R) UHD Graphics 630' (P:0 D:0)
[2020.03.03-18.22.00:211][  0]LogWindows:    3. 'NVIDIA GeForce RTX 2070 with Max-Q Design' (P:0 D:0)
[2020.03.03-18.22.00:212][  0]LogWindows:    4. 'NVIDIA GeForce RTX 2070 with Max-Q Design' (P:0 D:0)
[2020.03.03-18.22.00:212][  0]LogWindows:    5. 'NVIDIA GeForce RTX 2070 with Max-Q Design' (P:0 D:0)
[2020.03.03-18.22.00:213][  0]LogWindows:    6. 'NVIDIA GeForce RTX 2070 with Max-Q Design' (P:0 D:0)
[2020.03.03-18.22.00:213][  0]LogWindows: DebugString: PrimaryIsNotTheChoosenAdapter PrimaryIsNotTheChoosenAdapter PrimaryIsNotTheChoosenAdapter FoundDriverCount:4 
[2020.03.03-18.22.00:213][  0]LogD3D11RHI:     Adapter Name: NVIDIA GeForce RTX 2070 with Max-Q Design
[2020.03.03-18.22.00:213][  0]LogD3D11RHI:   Driver Version: 442.50 (internal:26.21.14.4250, unified:442.50)
[2020.03.03-18.22.00:213][  0]LogD3D11RHI:      Driver Date: 2-24-2020
[2020.03.03-18.22.00:213][  0]LogRHI: Texture pool is 5621 MB (70% of 8031 MB)
[2020.03.03-18.22.00:285][  0]LogD3D11RHI: RHI has support for 64 bit atomics
[2020.03.03-18.22.00:286][  0]LogD3D11RHI: Async texture creation enabled
[2020.03.03-18.22.00:319][  0]LogD3D11RHI: GPU Timing Frequency: 1000.000000 (Debug: 2 1)
[2020.03.03-18.22.00:683][  0]LogTargetPlatformManager: Display: Loaded TargetPlatform 'AllDesktop'
[2020.03.03-18.22.00:737][  0]LogTargetPlatformManager: Display: Loaded TargetPlatform 'Android'
[2020.03.03-18.22.00:737][  0]LogTargetPlatformManager: Display: Loaded TargetPlatform 'Android_ASTC'
[2020.03.03-18.22.00:737][  0]LogTargetPlatformManager: Display: Loaded TargetPlatform 'Android_ATC'
[2020.03.03-18.22.00:737][  0]LogTargetPlatformManager: Display: Loaded TargetPlatform 'Android_DXT'
[2020.03.03-18.22.00:737][  0]LogTargetPlatformManager: Display: Loaded TargetPlatform 'Android_ETC1'
[2020.03.03-18.22.00:737][  0]LogTargetPlatformManager: Display: Loaded TargetPlatform 'Android_ETC1a'
[2020.03.03-18.22.00:737][  0]LogTargetPlatformManager: Display: Loaded TargetPlatform 'Android_ETC2'
[2020.03.03-18.22.00:737][  0]LogTargetPlatformManager: Display: Loaded TargetPlatform 'Android_PVRTC'
[2020.03.03-18.22.00:737][  0]LogTargetPlatformManager: Display: Loaded TargetPlatform 'AndroidClient'
[2020.03.03-18.22.00:737][  0]LogTargetPlatformManager: Display: Loaded TargetPlatform 'Android_ASTCClient'
[2020.03.03-18.22.00:737][  0]LogTargetPlatformManager: Display: Loaded TargetPlatform 'Android_ATCClient'
[2020.03.03-18.22.00:737][  0]LogTargetPlatformManager: Display: Loaded TargetPlatform 'Android_DXTClient'
[2020.03.03-18.22.00:737][  0]LogTargetPlatformManager: Display: Loaded TargetPlatform 'Android_ETC1Client'
[2020.03.03-18.22.00:737][  0]LogTargetPlatformManager: Display: Loaded TargetPlatform 'Android_ETC1aClient'
[2020.03.03-18.22.00:737][  0]LogTargetPlatformManager: Display: Loaded TargetPlatform 'Android_ETC2Client'
[2020.03.03-18.22.00:737][  0]LogTargetPlatformManager: Display: Loaded TargetPlatform 'Android_PVRTCClient'
[2020.03.03-18.22.00:737][  0]LogTargetPlatformManager: Display: Loaded TargetPlatform 'Android_Multi'
[2020.03.03-18.22.00:737][  0]LogTargetPlatformManager: Display: Loaded TargetPlatform 'Android_MultiClient'
[2020.03.03-18.22.00:781][  0]LogTargetPlatformManager: Display: Loaded TargetPlatform 'IOSClient'
[2020.03.03-18.22.00:782][  0]LogTargetPlatformManager: Display: Loaded TargetPlatform 'IOS'
[2020.03.03-18.22.00:796][  0]LogTargetPlatformManager: Display: Loaded TargetPlatform 'LinuxNoEditor'
[2020.03.03-18.22.00:809][  0]LogTargetPlatformManager: Display: Loaded TargetPlatform 'LinuxClient'
[2020.03.03-18.22.00:821][  0]LogTargetPlatformManager: Display: Loaded TargetPlatform 'LinuxServer'
[2020.03.03-18.22.00:835][  0]LogTargetPlatformManager: Display: Loaded TargetPlatform 'LinuxAArch64NoEditor'
[2020.03.03-18.22.00:847][  0]LogTargetPlatformManager: Display: Loaded TargetPlatform 'LinuxAArch64Client'
[2020.03.03-18.22.00:859][  0]LogTargetPlatformManager: Display: Loaded TargetPlatform 'LinuxAArch64Server'
[2020.03.03-18.22.00:896][  0]LogTargetPlatformManager: Display: Loaded TargetPlatform 'Lumin'
[2020.03.03-18.22.00:896][  0]LogTargetPlatformManager: Display: Loaded TargetPlatform 'LuminClient'
[2020.03.03-18.22.00:916][  0]LogTargetPlatformManager: Display: Loaded TargetPlatform 'TVOSClient'
[2020.03.03-18.22.00:916][  0]LogTargetPlatformManager: Display: Loaded TargetPlatform 'TVOS'
[2020.03.03-18.22.00:933][  0]LogTargetPlatformManager: Display: Loaded TargetPlatform 'WindowsNoEditor'
[2020.03.03-18.22.00:946][  0]LogTargetPlatformManager: Display: Loaded TargetPlatform 'Windows'
[2020.03.03-18.22.00:959][  0]LogTargetPlatformManager: Display: Loaded TargetPlatform 'WindowsClient'
[2020.03.03-18.22.00:972][  0]LogTargetPlatformManager: Display: Loaded TargetPlatform 'WindowsServer'
[2020.03.03-18.22.00:972][  0]LogTargetPlatformManager: Display: Building Assets For Windows
[2020.03.03-18.22.01:023][  0]LogAudioDebug: Display: Lib vorbis DLL was dynamically loaded.
[2020.03.03-18.22.01:174][  0]LogShaderCompilers: Guid format shader working directory is -17 characters bigger than the processId version (../../../../../../Users/lovbe/Desktop/ArcaneNomads/ArcaneNomads/Intermediate/Shaders/WorkingDirectory/3524/).
[2020.03.03-18.22.01:174][  0]LogShaderCompilers: Cleaned the shader compiler working directory 'C:/Users/lovbe/AppData/Local/Temp/UnrealShaderWorkingDir/FBBCA01843F1557D3DA04D929F8335B0/'.
[2020.03.03-18.22.01:176][  0]LogXGEController: Cleaning working directory: C:/Users/lovbe/AppData/Local/Temp/UnrealXGEWorkingDir/
[2020.03.03-18.22.01:177][  0]LogXGEController: Cannot use XGE Controller as Incredibuild is not installed on this machine.
[2020.03.03-18.22.01:177][  0]LogShaderCompilers: Cannot use XGE Shader Compiler as Incredibuild is not installed on this machine.
[2020.03.03-18.22.01:177][  0]LogShaderCompilers: Display: Using Local Shader Compiler.
[2020.03.03-18.22.04:348][  0]LogDerivedDataCache: Display: Max Cache Size: 512 MB
[2020.03.03-18.22.04:441][  0]LogDerivedDataCache: Loaded boot cache 0.09s 78MB C:/Users/lovbe/AppData/Local/UnrealEngine/4.24/DerivedDataCache/Boot.ddc.
[2020.03.03-18.22.04:441][  0]LogDerivedDataCache: Display: Loaded Boot cache: C:/Users/lovbe/AppData/Local/UnrealEngine/4.24/DerivedDataCache/Boot.ddc
[2020.03.03-18.22.04:441][  0]LogDerivedDataCache: FDerivedDataBackendGraph:  Pak pak cache file ../../../../../../Users/lovbe/Desktop/ArcaneNomads/ArcaneNomads/DerivedDataCache/DDC.ddp not found, will not use a pak cache.
[2020.03.03-18.22.04:442][  0]LogDerivedDataCache: Unable to find inner node Pak for hierarchical cache Hierarchy.
[2020.03.03-18.22.04:442][  0]LogDerivedDataCache: FDerivedDataBackendGraph:  CompressedPak pak cache file ../../../../../../Users/lovbe/Desktop/ArcaneNomads/ArcaneNomads/DerivedDataCache/Compressed.ddp not found, will not use a pak cache.
[2020.03.03-18.22.04:443][  0]LogDerivedDataCache: Unable to find inner node CompressedPak for hierarchical cache Hierarchy.
[2020.03.03-18.22.04:470][  0]LogDerivedDataCache: Display: Pak cache opened for reading ../../../Engine/DerivedDataCache/Compressed.ddp.
[2020.03.03-18.22.04:470][  0]LogDerivedDataCache: FDerivedDataBackendGraph:  EnterprisePak pak cache file ../../../Enterprise/DerivedDataCache/Compressed.ddp not found, will not use a pak cache.
[2020.03.03-18.22.04:470][  0]LogDerivedDataCache: Unable to find inner node EnterprisePak for hierarchical cache Hierarchy.
[2020.03.03-18.22.04:474][  0]LogDerivedDataCache: Using Local data cache path C:/Users/lovbe/AppData/Local/UnrealEngine/Common/DerivedDataCache: Writable
[2020.03.03-18.22.04:474][  0]LogDerivedDataCache: Shared data cache path not found in *engine.ini, will not use an Shared cache.
[2020.03.03-18.22.04:474][  0]LogDerivedDataCache: Unable to find inner node Shared for hierarchical cache Hierarchy.
[2020.03.03-18.22.04:513][  0]LogMaterial: Verifying Global Shaders for PCD3D_SM5
[2020.03.03-18.22.04:523][  0]LogSlate: Using FreeType 2.10.0
[2020.03.03-18.22.04:546][  0]LogSlate: SlateFontServices - WITH_FREETYPE: 1, WITH_HARFBUZZ: 1
[2020.03.03-18.22.04:820][  0]LogAssetRegistry: FAssetRegistry took 0.0079 seconds to start up
[2020.03.03-18.22.05:417][  0]LogInit: Selected Device Profile: [Windows]
[2020.03.03-18.22.05:826][  0]LogMeshReduction: Using QuadricMeshReduction for automatic static mesh reduction
[2020.03.03-18.22.05:827][  0]LogMeshReduction: Using SimplygonMeshReduction for automatic skeletal mesh reduction
[2020.03.03-18.22.05:827][  0]LogMeshReduction: Using ProxyLODMeshReduction for automatic mesh merging
[2020.03.03-18.22.05:827][  0]LogMeshReduction: No distributed automatic mesh merging module available
[2020.03.03-18.22.05:827][  0]LogMeshMerging: No distributed automatic mesh merging module available
[2020.03.03-18.22.05:882][  0]LogNetVersion: ArcaneNomads 1.0.0, NetCL: 10570792, EngineNetVer: 13, GameNetVer: 0 (Checksum: 4070800832)
[2020.03.03-18.22.09:967][  0]LogPackageLocalizationCache: Processed 10 localized package path(s) for 1 prioritized culture(s) in 0.073339 seconds
[2020.03.03-18.22.09:982][  0]LogUObjectArray: 46746 objects as part of root set at end of initial load.
[2020.03.03-18.22.09:982][  0]LogUObjectAllocator: 8135816 out of 0 bytes used by permanent object pool.
[2020.03.03-18.22.09:983][  0]LogUObjectArray: CloseDisregardForGC: 0/0 objects in disregard for GC pool
[2020.03.03-18.22.11:322][  0]LogTcpMessaging: Initializing TcpMessaging bridge
[2020.03.03-18.22.11:332][  0]LogUdpMessaging: Initializing bridge on interface 0.0.0.0:0 to multicast group 230.0.0.1:6666.
[2020.03.03-18.22.11:574][  0]SourceControl: Source control is disabled
[2020.03.03-18.22.11:575][  0]SourceControl: Source control is disabled
[2020.03.03-18.22.11:589][  0]SourceControl: Source control is disabled
[2020.03.03-18.22.11:597][  0]SourceControl: Source control is disabled
[2020.03.03-18.22.11:604][  0]SourceControl: Source control is disabled
[2020.03.03-18.22.11:926][  0]LogAndroidPermission: UAndroidPermissionCallbackProxy::GetInstance
[2020.03.03-18.22.11:964][  0]LogAudioCaptureCore: Display: No Audio Capture implementations found. Audio input will be silent.
[2020.03.03-18.22.11:965][  0]LogAudioCaptureCore: Display: No Audio Capture implementations found. Audio input will be silent.
[2020.03.03-18.22.12:190][  0]LogOcInput: OculusInput pre-init called
[2020.03.03-18.22.12:211][  0]LogWindows: Failed to load 'OVRPlugin.dll' (GetLastError=126)
[2020.03.03-18.22.12:211][  0]LogWindows: File 'OVRPlugin.dll' does not exist
[2020.03.03-18.22.12:404][  0]LogEngine: Initializing Engine...
[2020.03.03-18.22.12:406][  0]LogHMD: Failed to initialize OpenVR with code 110
[2020.03.03-18.22.12:410][  0]LogStats: UGameplayTagsManager::InitializeManager -  0.002 s
[2020.03.03-18.22.13:155][  0]LogInit: Initializing FReadOnlyCVARCache
[2020.03.03-18.22.13:192][  0]LogAIModule: Creating AISystem for world Untitled
[2020.03.03-18.22.13:206][  0]LogAudioMixer: Display: Audio Mixer Platform Settings:
[2020.03.03-18.22.13:206][  0]LogAudioMixer: Display: 	Sample Rate:						  48000
[2020.03.03-18.22.13:206][  0]LogAudioMixer: Display: 	Callback Buffer Frame Size Requested: 1024
[2020.03.03-18.22.13:206][  0]LogAudioMixer: Display: 	Callback Buffer Frame Size To Use:	  1024
[2020.03.03-18.22.13:206][  0]LogAudioMixer: Display: 	Number of buffers to queue:			  2
[2020.03.03-18.22.13:206][  0]LogAudioMixer: Display: 	Max Channels (voices):				  32
[2020.03.03-18.22.13:206][  0]LogAudioMixer: Display: 	Number of Async Source Workers:		  0
[2020.03.03-18.22.13:207][  0]LogAudio: Display: AudioDevice MaxSources: 32
[2020.03.03-18.22.13:208][  0]LogAudio: Display: Using built-in audio occlusion.
[2020.03.03-18.22.13:208][  0]LogAudioMixer: Display: Initializing audio mixer.
[2020.03.03-18.22.13:351][  0]LogAudioMixer: Display: Audio Device Output Speaker Info:
[2020.03.03-18.22.13:351][  0]LogAudioMixer: Display: Name: Headphones (Jabra Elite 65t Stereo)
[2020.03.03-18.22.13:351][  0]LogAudioMixer: Display: Is Default: Yes
[2020.03.03-18.22.13:352][  0]LogAudioMixer: Display: Sample Rate: 44100
[2020.03.03-18.22.13:352][  0]LogAudioMixer: Display: Channel Count Used: 2
[2020.03.03-18.22.13:352][  0]LogAudioMixer: Display: Device Channel Count: 2
[2020.03.03-18.22.13:352][  0]LogAudioMixer: Display: Channel Order:
[2020.03.03-18.22.13:352][  0]LogAudioMixer: Display: 0: FrontLeft
[2020.03.03-18.22.13:352][  0]LogAudioMixer: Display: 1: FrontRight
[2020.03.03-18.22.13:819][  0]LogAudioMixer: Display: Using Audio Device Headphones (Jabra Elite 65t Stereo)
[2020.03.03-18.22.13:833][  0]LogInit: FAudioDevice initialized.
[2020.03.03-18.22.13:833][  0]LogNetVersion: Set ProjectVersion to 1.0.0.0. Version Checksum will be recalculated on next use.
[2020.03.03-18.22.13:887][  0]LogDerivedDataCache: Saved boot cache 0.05s 78MB C:/Users/lovbe/AppData/Local/UnrealEngine/4.24/DerivedDataCache/Boot.ddc.
[2020.03.03-18.22.13:901][  0]LogInit: Texture streaming: Enabled
[2020.03.03-18.22.13:931][  0]LogEngineSessionManager: EngineSessionManager initialized
[2020.03.03-18.22.13:932][  0]LogEngineSessionManager: EngineSessionManager sent abnormal shutdown report. Type=Debugger, SessionId={93809D49-48AE-B0E8-338D-D6B5F0A014D2}
[2020.03.03-18.22.13:932][  0]LogEngineSessionManager: EngineSessionManager sent abnormal shutdown report. Type=Debugger, SessionId={EDDF97A3-4CFF-07D5-F7EF-13868930E51D}
[2020.03.03-18.22.13:932][  0]LogEditorSessionSummary: Verbose: Initializing EditorSessionSummaryWriter for editor session tracking
[2020.03.03-18.22.13:934][  0]LogEditorSessionSummary: EditorSessionSummaryWriter initialized
[2020.03.03-18.22.13:953][  0]LogLiveCoding: Display: Starting LiveCoding
[2020.03.03-18.22.15:904][  0]LogLiveCoding: Display: First instance in process group "UE4_ArcaneNomads_0x4a2d3e38", spawning console
[2020.03.03-18.22.15:904][  0]LogLiveCoding: Display: Waiting for server
[2020.03.03-18.22.15:904][  0]LogLiveCoding: Display: Successfully initialized, removing startup thread
[2020.03.03-18.22.16:034][  0]LogAudioMixer: Display: Audio Buffer Underrun detected.
[2020.03.03-18.22.16:034][  0]LogInit: Transaction tracking system initialized
[2020.03.03-18.22.16:093][  0]BlueprintLog: New page: Editor Load
[2020.03.03-18.22.16:256][  0]LocalizationService: Localization service is disabled
[2020.03.03-18.22.17:063][  0]LogFileCache: Scanning file cache for directory 'C:/Users/lovbe/Desktop/ArcaneNomads/ArcaneNomads/Content/' took 0.02s
[2020.03.03-18.22.17:063][  0]LogCook: Display: Max memory allowance for cook 16384mb min free memory 0mb
[2020.03.03-18.22.17:063][  0]LogCook: Display: Mobile HDR setting 1
[2020.03.03-18.22.18:190][  0]SourceControl: Source control is disabled
[2020.03.03-18.22.18:191][  0]Cmd: MAP LOAD FILE="../../../../../../Users/lovbe/Desktop/ArcaneNomads/ArcaneNomads/Content/_UnrealAssets/ThirdPersonCPP/Maps/ThirdPersonExampleMap.umap" TEMPLATE=0 SHOWPROGRESS=1 FEATURELEVEL=3
[2020.03.03-18.22.18:199][  0]LightingResults: New page: Lighting Build
[2020.03.03-18.22.18:203][  0]LogWorld: UWorld::CleanupWorld for Untitled, bSessionEnded=true, bCleanupResources=true
[2020.03.03-18.22.18:204][  0]LogSlate: InvalidateAllWidgets triggered.  All widgets were invalidated
[2020.03.03-18.22.18:205][  0]MapCheck: New page: Map Check
[2020.03.03-18.22.18:205][  0]LightingResults: New page: Lighting Build
[2020.03.03-18.22.18:245][  0]LogUObjectHash: Compacting FUObjectHashTables data took   2.03ms
[2020.03.03-18.22.19:732][  0]LogAIModule: Creating AISystem for world ThirdPersonExampleMap
[2020.03.03-18.22.19:801][  0]LogEditorServer: Finished looking for orphan Actors (0.000 secs)
[2020.03.03-18.22.19:847][  0]LogUObjectHash: Compacting FUObjectHashTables data took   2.54ms
[2020.03.03-18.22.19:848][  0]Cmd: MAP CHECKDEP NOCLEARLOG
[2020.03.03-18.22.19:848][  0]MapCheck: Map check complete: 0 Error(s), 0 Warning(s), took 0,376ms to complete.
[2020.03.03-18.22.19:849][  0]LogFileHelpers: Loading map 'ThirdPersonExampleMap' took 1.658
[2020.03.03-18.22.20:079][  0]LogSlate: Updating window title bar state: overlay mode, drag disabled, window buttons hidden, title bar hidden
[2020.03.03-18.22.20:088][  0]LogSlate: Updating window title bar state: overlay mode, drag disabled, window buttons hidden, title bar hidden
[2020.03.03-18.22.20:096][  0]LogSlate: Updating window title bar state: overlay mode, drag disabled, window buttons hidden, title bar hidden
[2020.03.03-18.22.20:103][  0]LogSlate: Updating window title bar state: overlay mode, drag disabled, window buttons hidden, title bar hidden
[2020.03.03-18.22.20:125][  0]LogCollectionManager: Loaded 0 collections in 0.002467 seconds
[2020.03.03-18.22.20:165][  0]LogFileCache: Scanning file cache for directory 'C:/Users/lovbe/Desktop/ArcaneNomads/ArcaneNomads/Saved/Collections/' took 0.00s
[2020.03.03-18.22.20:165][  0]LogFileCache: Scanning file cache for directory 'C:/Users/lovbe/Desktop/ArcaneNomads/ArcaneNomads/Content/Developers/lovbe/Collections/' took 0.00s
[2020.03.03-18.22.20:165][  0]LogFileCache: Scanning file cache for directory 'C:/Users/lovbe/Desktop/ArcaneNomads/ArcaneNomads/Content/Collections/' took 0.00s
[2020.03.03-18.22.20:165][  0]LogContentBrowser: Native class hierarchy populated in 0.0132 seconds. Added 3031 classes and 724 folders.
[2020.03.03-18.22.20:174][  0]LogContentBrowser: Native class hierarchy updated for 'WidgetCarousel' in 0.0004 seconds. Added 0 classes and 0 folders.
[2020.03.03-18.22.20:630][  0]LogContentBrowser: Native class hierarchy updated for 'AddContentDialog' in 0.0004 seconds. Added 0 classes and 0 folders.
[2020.03.03-18.22.20:643][  0]LogContentBrowser: Native class hierarchy updated for 'SceneOutliner' in 0.0004 seconds. Added 2 classes and 3 folders.
[2020.03.03-18.22.22:255][  0]LogSlate: Took 0.000212 seconds to synchronously load lazily loaded font '../../../Engine/Content/Slate/Fonts/Roboto-Regular.ttf' (155K)
[2020.03.03-18.22.22:265][  0]LogSlate: Took 0.006994 seconds to synchronously load lazily loaded font '../../../Engine/Content/Slate/Fonts/Roboto-Bold.ttf' (160K)
[2020.03.03-18.22.22:279][  0]LogSlate: Took 0.006741 seconds to synchronously load lazily loaded font '../../../Engine/Content/Editor/Slate/Fonts/FontAwesome.ttf' (139K)
[2020.03.03-18.22.22:478][  0]LogRenderer: Reallocating scene render targets to support 964x472 Format 10 NumSamples 1 (Frame:1).
[2020.03.03-18.22.22:638][  0]LogContentBrowser: Native class hierarchy updated for 'HierarchicalLODOutliner' in 0.0004 seconds. Added 0 classes and 0 folders.
[2020.03.03-18.22.22:639][  0]LogLoad: (Engine Initialization) Total time: 34.47 seconds
[2020.03.03-18.22.22:639][  0]LogLoad: (Engine Initialization) Total Blueprint compile time: 0.00 seconds
[2020.03.03-18.22.22:838][  0]LogContentStreaming: Texture pool size now 1000 MB
[2020.03.03-18.22.22:894][  0]LogSlate: Took 0.006197 seconds to synchronously load lazily loaded font '../../../Engine/Content/Slate/Fonts/Roboto-Light.ttf' (167K)
[2020.03.03-18.22.24:066][ 17]LogAssetRegistry: Asset discovery search completed in 19.2491 seconds
[2020.03.03-18.22.24:072][ 17]LogCollectionManager: Fixed up redirectors for 0 collections in 0.000015 seconds (updated 0 objects)
[2020.03.03-18.22.24:376][ 41]LogSlate: Window 'Project Settings' being destroyed
[2020.03.03-18.22.24:387][ 41]LogSlate: Window 'Project Settings' being destroyed
[2020.03.03-18.30.06:090][436]LogAudioMixer: Display: Audio Buffer Underrun detected.
[2020.03.03-18.40.31:988][302]LogLiveCoding: Display:    Creating library C:\Users\lovbe\Desktop\ArcaneNomads\ArcaneNomads\Binaries\Win64\UE4Editor-ArcaneNomads-Win64-DebugGame.exe.lib and object C:\Users\lovbe\Desktop\ArcaneNomads\ArcaneNomads\Binaries\Win64\UE4Editor-ArcaneNomads-Win64-DebugGame.exe.exp
[2020.03.03-18.40.34:923][584]LogTemp: Repeating last play command: Selected Viewport
[2020.03.03-18.40.34:958][584]LogBlueprintUserMessages: Early PlayInEditor Detection: Level '/Game/_UnrealAssets/ThirdPersonCPP/Maps/ThirdPersonExampleMap.ThirdPersonExampleMap:PersistentLevel' has LevelScriptBlueprint '/Game/_UnrealAssets/ThirdPersonCPP/Maps/ThirdPersonExampleMap.ThirdPersonExampleMap:PersistentLevel.ThirdPersonExampleMap' with GeneratedClass '/Game/_UnrealAssets/ThirdPersonCPP/Maps/ThirdPersonExampleMap.ThirdPersonExampleMap_C' with ClassGeneratedBy '/Game/_UnrealAssets/ThirdPersonCPP/Maps/ThirdPersonExampleMap.ThirdPersonExampleMap:PersistentLevel.ThirdPersonExampleMap'
[2020.03.03-18.40.34:958][584]LogPlayLevel: PlayLevel: No blueprints needed recompiling
[2020.03.03-18.40.34:966][584]PIE: New page: PIE session: ThirdPersonExampleMap (3 Mar 2020, 20:40:34)
[2020.03.03-18.40.34:970][584]LogOnline: OSS: Creating online subsystem instance for: NULL
[2020.03.03-18.40.34:973][584]LogOnline: OSS: TryLoadSubsystemAndSetDefault: Loaded subsystem for module [NULL]
[2020.03.03-18.40.34:973][584]LogPlayLevel: Creating play world package: /Game/_UnrealAssets/ThirdPersonCPP/Maps/UEDPIE_0_ThirdPersonExampleMap
[2020.03.03-18.40.34:997][584]LogPlayLevel: PIE: StaticDuplicateObject took: (0.023419s)
[2020.03.03-18.40.34:999][584]LogAIModule: Creating AISystem for world ThirdPersonExampleMap
[2020.03.03-18.40.34:999][584]LogPlayLevel: PIE: World Init took: (0.001833s)
[2020.03.03-18.40.34:999][584]LogPlayLevel: PIE: Created PIE world by copying editor world from /Game/_UnrealAssets/ThirdPersonCPP/Maps/ThirdPersonExampleMap.ThirdPersonExampleMap to /Game/_UnrealAssets/ThirdPersonCPP/Maps/UEDPIE_0_ThirdPersonExampleMap.ThirdPersonExampleMap (0.025959s)
[2020.03.03-18.40.35:047][584]LogUObjectHash: Compacting FUObjectHashTables data took   1.90ms
[2020.03.03-18.40.35:051][584]LogAudioMixer: Display: Audio Mixer Platform Settings:
[2020.03.03-18.40.35:051][584]LogAudioMixer: Display: 	Sample Rate:						  48000
[2020.03.03-18.40.35:051][584]LogAudioMixer: Display: 	Callback Buffer Frame Size Requested: 1024
[2020.03.03-18.40.35:051][584]LogAudioMixer: Display: 	Callback Buffer Frame Size To Use:	  1024
[2020.03.03-18.40.35:051][584]LogAudioMixer: Display: 	Number of buffers to queue:			  2
[2020.03.03-18.40.35:051][584]LogAudioMixer: Display: 	Max Channels (voices):				  32
[2020.03.03-18.40.35:051][584]LogAudioMixer: Display: 	Number of Async Source Workers:		  0
[2020.03.03-18.40.35:052][584]LogAudio: Display: AudioDevice MaxSources: 32
[2020.03.03-18.40.35:052][584]LogAudio: Display: Using built-in audio occlusion.
[2020.03.03-18.40.35:052][584]LogAudioMixer: Display: Initializing audio mixer.
[2020.03.03-18.40.35:070][584]LogAudioMixer: Display: Audio Device Output Speaker Info:
[2020.03.03-18.40.35:071][584]LogAudioMixer: Display: Name: Headphones (Jabra Elite 65t Stereo)
[2020.03.03-18.40.35:071][584]LogAudioMixer: Display: Is Default: Yes
[2020.03.03-18.40.35:071][584]LogAudioMixer: Display: Sample Rate: 44100
[2020.03.03-18.40.35:071][584]LogAudioMixer: Display: Channel Count Used: 2
[2020.03.03-18.40.35:071][584]LogAudioMixer: Display: Device Channel Count: 2
[2020.03.03-18.40.35:071][584]LogAudioMixer: Display: Channel Order:
[2020.03.03-18.40.35:071][584]LogAudioMixer: Display: 0: FrontLeft
[2020.03.03-18.40.35:071][584]LogAudioMixer: Display: 1: FrontRight
[2020.03.03-18.40.35:085][584]LogAudioMixer: Display: Using Audio Device Headphones (Jabra Elite 65t Stereo)
[2020.03.03-18.40.35:089][584]LogInit: FAudioDevice initialized.
[2020.03.03-18.40.35:126][584]LogBlueprint: Warning: [Compiler WBP_InventorySlot] Event Reply  Return Value  should not be empty.  Return a reply such as Handled or Unhandled.
[2020.03.03-18.40.35:239][584]LogLoad: Game class is 'BP_GameMode_Default_C'
[2020.03.03-18.40.35:245][584]LogWorld: Bringing World /Game/_UnrealAssets/ThirdPersonCPP/Maps/UEDPIE_0_ThirdPersonExampleMap.ThirdPersonExampleMap up for play (max tick rate 0) at 2020.03.03-19.40.35
[2020.03.03-18.40.35:250][584]LogWorld: Bringing up level for play took: 0.008582
[2020.03.03-18.40.35:251][584]LogOnline: OSS: Creating online subsystem instance for: :Context_2
[2020.03.03-18.40.35:260][584]LogContentBrowser: Native class hierarchy updated for 'MovieSceneCapture' in 0.0005 seconds. Added 20 classes and 0 folders.
[2020.03.03-18.40.35:262][584]LogOutputDevice: Warning: 

Script Stack (0 frames):

[2020.03.03-18.40.35:263][584]LogOutputDevice: Error: Ensure condition failed: Component->HasBegunPlay() [File:D:/Build/++UE4/Sync/Engine/Source/Runtime/Engine/Private/Actor.cpp] [Line: 3457] 
Failed to route BeginPlay (HealthComponent /Game/_UnrealAssets/ThirdPersonCPP/Maps/UEDPIE_0_ThirdPersonExampleMap.ThirdPersonExampleMap:PersistentLevel.BP_HitTarget2_5.Health)

[2020.03.03-18.40.35:263][584]LogStats:             FDebug::EnsureFailed -  0.000 s
[2020.03.03-18.40.40:302][584]LogBlueprintUserMessages: [BP_Zombie2_5] WBP_Crosshair_C_0
[2020.03.03-18.40.40:305][584]LogBlueprintUserMessages: [BP_Zombie3_8] WBP_Crosshair_C_1
[2020.03.03-18.40.40:306][584]LogBlueprintUserMessages: [BP_Zombie_2] WBP_Crosshair_C_2
[2020.03.03-18.40.40:311][584]LogBlueprintUserMessages: [BP_Player_C_0] WBP_Crosshair_C_3
[2020.03.03-18.40.40:312][584]LogTemp: Warning: CharacterMesh0
[2020.03.03-18.40.40:313][584]PIE: Play in editor start time for /Game/_UnrealAssets/ThirdPersonCPP/Maps/UEDPIE_0_ThirdPersonExampleMap 5,323
[2020.03.03-18.40.40:314][584]LogBlueprintUserMessages: Late PlayInEditor Detection: Level '/Game/_UnrealAssets/ThirdPersonCPP/Maps/ThirdPersonExampleMap.ThirdPersonExampleMap:PersistentLevel' has LevelScriptBlueprint '/Game/_UnrealAssets/ThirdPersonCPP/Maps/ThirdPersonExampleMap.ThirdPersonExampleMap:PersistentLevel.ThirdPersonExampleMap' with GeneratedClass '/Game/_UnrealAssets/ThirdPersonCPP/Maps/ThirdPersonExampleMap.ThirdPersonExampleMap_C' with ClassGeneratedBy '/Game/_UnrealAssets/ThirdPersonCPP/Maps/ThirdPersonExampleMap.ThirdPersonExampleMap:PersistentLevel.ThirdPersonExampleMap'
[2020.03.03-18.40.44:415][940]LogTemp: Warning: [InventoryComponent] No space in inventory for item WeaponPickup
[2020.03.03-18.40.45:026][ 13]LogTemp: Warning: [InventoryComponent] No space in inventory for item WeaponPickup
[2020.03.03-18.40.46:665][209]LogTemp: Warning: [InventoryComponent] No space in inventory for item WeaponPickup
[2020.03.03-18.40.47:547][314]LogTemp: Warning: [InventoryComponent] No space in inventory for item WeaponPickup
[2020.03.03-18.40.47:781][342]LogTemp: Warning: [InventoryComponent] No space in inventory for item WeaponPickup
[2020.03.03-18.40.48:014][370]LogTemp: Warning: [InventoryComponent] No space in inventory for item WeaponPickup
[2020.03.03-18.40.48:181][390]LogTemp: Warning: [InventoryComponent] No space in inventory for item WeaponPickup
[2020.03.03-18.40.48:584][438]LogTemp: Warning: [InventoryComponent] No space in inventory for item WeaponPickup
[2020.03.03-18.40.49:201][512]LogTemp: Warning: [InventoryComponent] No space in inventory for item WeaponPickup
[2020.03.03-18.40.50:396][655]LogTemp: Warning: [InventoryComponent] No space in inventory for item WeaponPickup
[2020.03.03-18.40.51:734][815]LogTemp: Warning: [InventoryComponent] No space in inventory for item WeaponPickup
[2020.03.03-18.40.52:151][865]LogTemp: Warning: [InventoryComponent] No space in inventory for item WeaponPickup
[2020.03.03-18.40.52:643][923]LogAudioMixer: Display: No commands were queued while flushing the source manager.
[2020.03.03-18.40.52:643][923]LogAudioMixer: Display: No commands were queued while flushing the source manager.
[2020.03.03-18.40.52:643][923]LogBlueprintUserMessages: Early EndPlayMap Detection: Level '/Game/_UnrealAssets/ThirdPersonCPP/Maps/ThirdPersonExampleMap.ThirdPersonExampleMap:PersistentLevel' has LevelScriptBlueprint '/Game/_UnrealAssets/ThirdPersonCPP/Maps/ThirdPersonExampleMap.ThirdPersonExampleMap:PersistentLevel.ThirdPersonExampleMap' with GeneratedClass '/Game/_UnrealAssets/ThirdPersonCPP/Maps/ThirdPersonExampleMap.ThirdPersonExampleMap_C' with ClassGeneratedBy '/Game/_UnrealAssets/ThirdPersonCPP/Maps/ThirdPersonExampleMap.ThirdPersonExampleMap:PersistentLevel.ThirdPersonExampleMap'
[2020.03.03-18.40.52:644][923]LogSlate: Updating window title bar state: overlay mode, drag disabled, window buttons hidden, title bar hidden
[2020.03.03-18.40.52:644][923]LogWorld: BeginTearingDown for /Game/_UnrealAssets/ThirdPersonCPP/Maps/UEDPIE_0_ThirdPersonExampleMap
[2020.03.03-18.40.52:644][923]LogAudioMixer: Display: No commands were queued while flushing the source manager.
[2020.03.03-18.40.52:646][923]LogWorld: UWorld::CleanupWorld for ThirdPersonExampleMap, bSessionEnded=true, bCleanupResources=true
[2020.03.03-18.40.52:647][923]LogSlate: InvalidateAllWidgets triggered.  All widgets were invalidated
[2020.03.03-18.40.52:664][923]LogPlayLevel: Display: Shutting down PIE online subsystems
[2020.03.03-18.40.52:664][923]LogBlueprintUserMessages: Late EndPlayMap Detection: Level '/Game/_UnrealAssets/ThirdPersonCPP/Maps/ThirdPersonExampleMap.ThirdPersonExampleMap:PersistentLevel' has LevelScriptBlueprint '/Game/_UnrealAssets/ThirdPersonCPP/Maps/ThirdPersonExampleMap.ThirdPersonExampleMap:PersistentLevel.ThirdPersonExampleMap' with GeneratedClass '/Game/_UnrealAssets/ThirdPersonCPP/Maps/ThirdPersonExampleMap.ThirdPersonExampleMap_C' with ClassGeneratedBy '/Game/_UnrealAssets/ThirdPersonCPP/Maps/ThirdPersonExampleMap.ThirdPersonExampleMap:PersistentLevel.ThirdPersonExampleMap'
[2020.03.03-18.40.52:667][923]LogSlate: InvalidateAllWidgets triggered.  All widgets were invalidated
[2020.03.03-18.40.52:707][923]LogAudioMixer: Display: No commands were queued while flushing the source manager.
[2020.03.03-18.40.52:713][923]LogSlate: Updating window title bar state: overlay mode, drag disabled, window buttons hidden, title bar hidden
[2020.03.03-18.40.52:720][923]LogUObjectHash: Compacting FUObjectHashTables data took   3.34ms
[2020.03.03-18.40.52:759][925]LogPlayLevel: Display: Destroying online subsystem :Context_2
[2020.03.03-18.40.53:896][ 61]LogTemp: Repeating last play command: Selected Viewport
[2020.03.03-18.40.53:922][ 61]LogBlueprintUserMessages: Early PlayInEditor Detection: Level '/Game/_UnrealAssets/ThirdPersonCPP/Maps/ThirdPersonExampleMap.ThirdPersonExampleMap:PersistentLevel' has LevelScriptBlueprint '/Game/_UnrealAssets/ThirdPersonCPP/Maps/ThirdPersonExampleMap.ThirdPersonExampleMap:PersistentLevel.ThirdPersonExampleMap' with GeneratedClass '/Game/_UnrealAssets/ThirdPersonCPP/Maps/ThirdPersonExampleMap.ThirdPersonExampleMap_C' with ClassGeneratedBy '/Game/_UnrealAssets/ThirdPersonCPP/Maps/ThirdPersonExampleMap.ThirdPersonExampleMap:PersistentLevel.ThirdPersonExampleMap'
[2020.03.03-18.40.53:922][ 61]LogPlayLevel: PlayLevel: No blueprints needed recompiling
[2020.03.03-18.40.53:922][ 61]PIE: New page: PIE session: ThirdPersonExampleMap (3 Mar 2020, 20:40:53)
[2020.03.03-18.40.53:923][ 61]LogPlayLevel: Creating play world package: /Game/_UnrealAssets/ThirdPersonCPP/Maps/UEDPIE_0_ThirdPersonExampleMap
[2020.03.03-18.40.53:941][ 61]LogPlayLevel: PIE: StaticDuplicateObject took: (0.017820s)
[2020.03.03-18.40.53:943][ 61]LogAIModule: Creating AISystem for world ThirdPersonExampleMap
[2020.03.03-18.40.53:943][ 61]LogPlayLevel: PIE: World Init took: (0.001482s)
[2020.03.03-18.40.53:943][ 61]LogPlayLevel: PIE: Created PIE world by copying editor world from /Game/_UnrealAssets/ThirdPersonCPP/Maps/ThirdPersonExampleMap.ThirdPersonExampleMap to /Game/_UnrealAssets/ThirdPersonCPP/Maps/UEDPIE_0_ThirdPersonExampleMap.ThirdPersonExampleMap (0.019818s)
[2020.03.03-18.40.53:982][ 61]LogUObjectHash: Compacting FUObjectHashTables data took   2.73ms
[2020.03.03-18.40.53:983][ 61]LogAudioMixer: Display: Audio Mixer Platform Settings:
[2020.03.03-18.40.53:983][ 61]LogAudioMixer: Display: 	Sample Rate:						  48000
[2020.03.03-18.40.53:983][ 61]LogAudioMixer: Display: 	Callback Buffer Frame Size Requested: 1024
[2020.03.03-18.40.53:983][ 61]LogAudioMixer: Display: 	Callback Buffer Frame Size To Use:	  1024
[2020.03.03-18.40.53:983][ 61]LogAudioMixer: Display: 	Number of buffers to queue:			  2
[2020.03.03-18.40.53:983][ 61]LogAudioMixer: Display: 	Max Channels (voices):				  32
[2020.03.03-18.40.53:983][ 61]LogAudioMixer: Display: 	Number of Async Source Workers:		  0
[2020.03.03-18.40.53:984][ 61]LogAudio: Display: AudioDevice MaxSources: 32
[2020.03.03-18.40.53:984][ 61]LogAudio: Display: Using built-in audio occlusion.
[2020.03.03-18.40.53:984][ 61]LogAudioMixer: Display: Initializing audio mixer.
[2020.03.03-18.40.54:002][ 61]LogAudioMixer: Display: Audio Device Output Speaker Info:
[2020.03.03-18.40.54:002][ 61]LogAudioMixer: Display: Name: Headphones (Jabra Elite 65t Stereo)
[2020.03.03-18.40.54:002][ 61]LogAudioMixer: Display: Is Default: Yes
[2020.03.03-18.40.54:002][ 61]LogAudioMixer: Display: Sample Rate: 44100
[2020.03.03-18.40.54:002][ 61]LogAudioMixer: Display: Channel Count Used: 2
[2020.03.03-18.40.54:002][ 61]LogAudioMixer: Display: Device Channel Count: 2
[2020.03.03-18.40.54:002][ 61]LogAudioMixer: Display: Channel Order:
[2020.03.03-18.40.54:002][ 61]LogAudioMixer: Display: 0: FrontLeft
[2020.03.03-18.40.54:003][ 61]LogAudioMixer: Display: 1: FrontRight
[2020.03.03-18.40.54:016][ 61]LogAudioMixer: Display: Using Audio Device Headphones (Jabra Elite 65t Stereo)
[2020.03.03-18.40.54:019][ 61]LogInit: FAudioDevice initialized.
[2020.03.03-18.40.54:030][ 61]LogLoad: Game class is 'BP_GameMode_Default_C'
[2020.03.03-18.40.54:034][ 61]LogWorld: Bringing World /Game/_UnrealAssets/ThirdPersonCPP/Maps/UEDPIE_0_ThirdPersonExampleMap.ThirdPersonExampleMap up for play (max tick rate 0) at 2020.03.03-19.40.54
[2020.03.03-18.40.54:034][ 61]LogWorld: Bringing up level for play took: 0.003487
[2020.03.03-18.40.54:035][ 61]LogOnline: OSS: Creating online subsystem instance for: :Context_3
[2020.03.03-18.40.54:040][ 61]LogBlueprintUserMessages: [BP_Zombie2_5] WBP_Crosshair_C_0
[2020.03.03-18.40.54:041][ 61]LogBlueprintUserMessages: [BP_Zombie3_8] WBP_Crosshair_C_1
[2020.03.03-18.40.54:041][ 61]LogBlueprintUserMessages: [BP_Zombie_2] WBP_Crosshair_C_2
[2020.03.03-18.40.54:043][ 61]LogBlueprintUserMessages: [BP_Player_C_0] WBP_Crosshair_C_3
[2020.03.03-18.40.54:044][ 61]LogTemp: Warning: CharacterMesh0
[2020.03.03-18.40.54:044][ 61]PIE: Play in editor start time for /Game/_UnrealAssets/ThirdPersonCPP/Maps/UEDPIE_0_ThirdPersonExampleMap 1,055
[2020.03.03-18.40.54:044][ 61]LogBlueprintUserMessages: Late PlayInEditor Detection: Level '/Game/_UnrealAssets/ThirdPersonCPP/Maps/ThirdPersonExampleMap.ThirdPersonExampleMap:PersistentLevel' has LevelScriptBlueprint '/Game/_UnrealAssets/ThirdPersonCPP/Maps/ThirdPersonExampleMap.ThirdPersonExampleMap:PersistentLevel.ThirdPersonExampleMap' with GeneratedClass '/Game/_UnrealAssets/ThirdPersonCPP/Maps/ThirdPersonExampleMap.ThirdPersonExampleMap_C' with ClassGeneratedBy '/Game/_UnrealAssets/ThirdPersonCPP/Maps/ThirdPersonExampleMap.ThirdPersonExampleMap:PersistentLevel.ThirdPersonExampleMap'
[2020.03.03-18.40.58:461][588]LogTemp: Warning: [InventoryComponent] No space in inventory for item WeaponPickup
[2020.03.03-18.41.00:607][845]LogTemp: Warning: [InventoryComponent] No space in inventory for item WeaponPickup
[2020.03.03-18.41.01:353][934]LogAudioMixer: Display: No commands were queued while flushing the source manager.
[2020.03.03-18.41.01:353][934]LogAudioMixer: Display: No commands were queued while flushing the source manager.
[2020.03.03-18.41.01:353][934]LogBlueprintUserMessages: Early EndPlayMap Detection: Level '/Game/_UnrealAssets/ThirdPersonCPP/Maps/ThirdPersonExampleMap.ThirdPersonExampleMap:PersistentLevel' has LevelScriptBlueprint '/Game/_UnrealAssets/ThirdPersonCPP/Maps/ThirdPersonExampleMap.ThirdPersonExampleMap:PersistentLevel.ThirdPersonExampleMap' with GeneratedClass '/Game/_UnrealAssets/ThirdPersonCPP/Maps/ThirdPersonExampleMap.ThirdPersonExampleMap_C' with ClassGeneratedBy '/Game/_UnrealAssets/ThirdPersonCPP/Maps/ThirdPersonExampleMap.ThirdPersonExampleMap:PersistentLevel.ThirdPersonExampleMap'
[2020.03.03-18.41.01:354][934]LogSlate: Updating window title bar state: overlay mode, drag disabled, window buttons hidden, title bar hidden
[2020.03.03-18.41.01:354][934]LogWorld: BeginTearingDown for /Game/_UnrealAssets/ThirdPersonCPP/Maps/UEDPIE_0_ThirdPersonExampleMap
[2020.03.03-18.41.01:354][934]LogAudioMixer: Display: No commands were queued while flushing the source manager.
[2020.03.03-18.41.01:355][934]LogWorld: UWorld::CleanupWorld for ThirdPersonExampleMap, bSessionEnded=true, bCleanupResources=true
[2020.03.03-18.41.01:356][934]LogSlate: InvalidateAllWidgets triggered.  All widgets were invalidated
[2020.03.03-18.41.01:368][934]LogPlayLevel: Display: Shutting down PIE online subsystems
[2020.03.03-18.41.01:368][934]LogBlueprintUserMessages: Late EndPlayMap Detection: Level '/Game/_UnrealAssets/ThirdPersonCPP/Maps/ThirdPersonExampleMap.ThirdPersonExampleMap:PersistentLevel' has LevelScriptBlueprint '/Game/_UnrealAssets/ThirdPersonCPP/Maps/ThirdPersonExampleMap.ThirdPersonExampleMap:PersistentLevel.ThirdPersonExampleMap' with GeneratedClass '/Game/_UnrealAssets/ThirdPersonCPP/Maps/ThirdPersonExampleMap.ThirdPersonExampleMap_C' with ClassGeneratedBy '/Game/_UnrealAssets/ThirdPersonCPP/Maps/ThirdPersonExampleMap.ThirdPersonExampleMap:PersistentLevel.ThirdPersonExampleMap'
[2020.03.03-18.41.01:371][934]LogSlate: InvalidateAllWidgets triggered.  All widgets were invalidated
[2020.03.03-18.41.01:411][934]LogAudioMixer: Display: No commands were queued while flushing the source manager.
[2020.03.03-18.41.01:415][934]LogSlate: Updating window title bar state: overlay mode, drag disabled, window buttons hidden, title bar hidden
[2020.03.03-18.41.01:419][934]LogUObjectHash: Compacting FUObjectHashTables data took   1.65ms
[2020.03.03-18.41.01:456][936]LogPlayLevel: Display: Destroying online subsystem :Context_3
[2020.03.03-18.41.17:076][ 37]LogSlate: Took 0.000395 seconds to synchronously load lazily loaded font '../../../Engine/Content/Slate/Fonts/Roboto-Light.ttf' (167K)
[2020.03.03-18.41.26:432][225]LogTemp: Repeating last play command: Selected Viewport
[2020.03.03-18.41.26:467][225]LogBlueprintUserMessages: Early PlayInEditor Detection: Level '/Game/_UnrealAssets/ThirdPersonCPP/Maps/ThirdPersonExampleMap.ThirdPersonExampleMap:PersistentLevel' has LevelScriptBlueprint '/Game/_UnrealAssets/ThirdPersonCPP/Maps/ThirdPersonExampleMap.ThirdPersonExampleMap:PersistentLevel.ThirdPersonExampleMap' with GeneratedClass '/Game/_UnrealAssets/ThirdPersonCPP/Maps/ThirdPersonExampleMap.ThirdPersonExampleMap_C' with ClassGeneratedBy '/Game/_UnrealAssets/ThirdPersonCPP/Maps/ThirdPersonExampleMap.ThirdPersonExampleMap:PersistentLevel.ThirdPersonExampleMap'
[2020.03.03-18.41.26:467][225]LogPlayLevel: PlayLevel: No blueprints needed recompiling
[2020.03.03-18.41.26:467][225]PIE: New page: PIE session: ThirdPersonExampleMap (3 Mar 2020, 20:41:26)
[2020.03.03-18.41.26:467][225]LogPlayLevel: Creating play world package: /Game/_UnrealAssets/ThirdPersonCPP/Maps/UEDPIE_0_ThirdPersonExampleMap
[2020.03.03-18.41.26:491][225]LogPlayLevel: PIE: StaticDuplicateObject took: (0.022939s)
[2020.03.03-18.41.26:492][225]LogAIModule: Creating AISystem for world ThirdPersonExampleMap
[2020.03.03-18.41.26:493][225]LogPlayLevel: PIE: World Init took: (0.002536s)
[2020.03.03-18.41.26:493][225]LogPlayLevel: PIE: Created PIE world by copying editor world from /Game/_UnrealAssets/ThirdPersonCPP/Maps/ThirdPersonExampleMap.ThirdPersonExampleMap to /Game/_UnrealAssets/ThirdPersonCPP/Maps/UEDPIE_0_ThirdPersonExampleMap.ThirdPersonExampleMap (0.026045s)
[2020.03.03-18.41.26:532][225]LogUObjectHash: Compacting FUObjectHashTables data took   2.56ms
[2020.03.03-18.41.26:534][225]LogAudioMixer: Display: Audio Mixer Platform Settings:
[2020.03.03-18.41.26:534][225]LogAudioMixer: Display: 	Sample Rate:						  48000
[2020.03.03-18.41.26:535][225]LogAudioMixer: Display: 	Callback Buffer Frame Size Requested: 1024
[2020.03.03-18.41.26:535][225]LogAudioMixer: Display: 	Callback Buffer Frame Size To Use:	  1024
[2020.03.03-18.41.26:535][225]LogAudioMixer: Display: 	Number of buffers to queue:			  2
[2020.03.03-18.41.26:535][225]LogAudioMixer: Display: 	Max Channels (voices):				  32
[2020.03.03-18.41.26:535][225]LogAudioMixer: Display: 	Number of Async Source Workers:		  0
[2020.03.03-18.41.26:535][225]LogAudio: Display: AudioDevice MaxSources: 32
[2020.03.03-18.41.26:536][225]LogAudio: Display: Using built-in audio occlusion.
[2020.03.03-18.41.26:536][225]LogAudioMixer: Display: Initializing audio mixer.
[2020.03.03-18.41.26:563][225]LogAudioMixer: Display: Audio Device Output Speaker Info:
[2020.03.03-18.41.26:563][225]LogAudioMixer: Display: Name: Headphones (Jabra Elite 65t Stereo)
[2020.03.03-18.41.26:563][225]LogAudioMixer: Display: Is Default: Yes
[2020.03.03-18.41.26:563][225]LogAudioMixer: Display: Sample Rate: 44100
[2020.03.03-18.41.26:563][225]LogAudioMixer: Display: Channel Count Used: 2
[2020.03.03-18.41.26:564][225]LogAudioMixer: Display: Device Channel Count: 2
[2020.03.03-18.41.26:564][225]LogAudioMixer: Display: Channel Order:
[2020.03.03-18.41.26:564][225]LogAudioMixer: Display: 0: FrontLeft
[2020.03.03-18.41.26:564][225]LogAudioMixer: Display: 1: FrontRight
[2020.03.03-18.41.26:580][225]LogAudioMixer: Display: Using Audio Device Headphones (Jabra Elite 65t Stereo)
[2020.03.03-18.41.26:583][225]LogInit: FAudioDevice initialized.
[2020.03.03-18.41.26:595][225]LogLoad: Game class is 'BP_GameMode_Default_C'
[2020.03.03-18.41.26:599][225]LogWorld: Bringing World /Game/_UnrealAssets/ThirdPersonCPP/Maps/UEDPIE_0_ThirdPersonExampleMap.ThirdPersonExampleMap up for play (max tick rate 0) at 2020.03.03-19.41.26
[2020.03.03-18.41.26:600][225]LogWorld: Bringing up level for play took: 0.003774
[2020.03.03-18.41.26:600][225]LogOnline: OSS: Creating online subsystem instance for: :Context_4
[2020.03.03-18.41.26:608][225]LogBlueprintUserMessages: [BP_Zombie2_5] WBP_Crosshair_C_0
[2020.03.03-18.41.26:609][225]LogBlueprintUserMessages: [BP_Zombie3_8] WBP_Crosshair_C_1
[2020.03.03-18.41.26:609][225]LogBlueprintUserMessages: [BP_Zombie_2] WBP_Crosshair_C_2
[2020.03.03-18.41.26:611][225]LogBlueprintUserMessages: [BP_Player_C_0] WBP_Crosshair_C_3
[2020.03.03-18.41.26:612][225]LogTemp: Warning: CharacterMesh0
[2020.03.03-18.41.26:612][225]PIE: Play in editor start time for /Game/_UnrealAssets/ThirdPersonCPP/Maps/UEDPIE_0_ThirdPersonExampleMap -0,378
[2020.03.03-18.41.26:612][225]LogBlueprintUserMessages: Late PlayInEditor Detection: Level '/Game/_UnrealAssets/ThirdPersonCPP/Maps/ThirdPersonExampleMap.ThirdPersonExampleMap:PersistentLevel' has LevelScriptBlueprint '/Game/_UnrealAssets/ThirdPersonCPP/Maps/ThirdPersonExampleMap.ThirdPersonExampleMap:PersistentLevel.ThirdPersonExampleMap' with GeneratedClass '/Game/_UnrealAssets/ThirdPersonCPP/Maps/ThirdPersonExampleMap.ThirdPersonExampleMap_C' with ClassGeneratedBy '/Game/_UnrealAssets/ThirdPersonCPP/Maps/ThirdPersonExampleMap.ThirdPersonExampleMap:PersistentLevel.ThirdPersonExampleMap'
[2020.03.03-18.41.47:039][488]LogTemp: Warning: [InventoryComponent] No space in inventory for item WeaponPickup
